bjorn@cab668 60) srun -ppdebug -n 32 ../../optimize_cab/sw4 pointsource.in
----------------------------------------------------------------
            sw4 version 1.09

 This program comes with ABSOLUTELY NO WARRANTY; released under GPL.
 This is free software, and you are welcome to redistribute     
 it under certain conditions, see LICENSE.txt for more details  
----------------------------------------------------------------
  Compiled on: Mon Sep 8 14:12:32 PDT 2014
  By user:     bjorn
  Machine:     cab687
  Compiler:    /usr/local/bin/mpiicpc
  3rd party include dir: /usr/apps/wpp/include, and library dir: /usr/apps/wpp/lib
----------------------------------------------------------------

Input file: pointsource.in

* Processing the grid command...
* Setting nx to 151 to be consistent with h=4.00000000e+01
* Setting ny to 151 to be consistent with h=4.00000000e+01
* Setting nz to 151 to be consistent with h=4.00000000e+01

*** No topography command found in input file. Using z=0 as free surface boundary ***


Global grid sizes (without ghost points)
Grid         h        Nx        Ny        Nz       Points
   0        40       151       151       151      3442951
Total number of grid points (without ghost points): 3.44295e+06

Default Supergrid thickness has been tuned; thickness = 38 grid sizes

   Execution time, reading input file 2.11510000e-02 seconds 
----------------------------------------------------
 Making Output Directory: pointsource-inas/

... Done!
----------------------------------------------------
Geographic and Cartesian coordinates of the corners of the computational grid:
0: Lon= 1.180000e+02, Lat=3.700000e+01, x=0.000000e+00, y=0.000000e+00
1: Lon= 1.180000e+02, Lat=3.705390e+01, x=6.000000e+03, y=0.000000e+00
2: Lon= 1.180675e+02, Lat=3.705390e+01, x=6.000000e+03, y=6.000000e+03
3: Lon= 1.180675e+02, Lat=3.700000e+01, x=0.000000e+00, y=6.000000e+03

block command: outside = 0, material = 4736955
Considering all material blocks
 Material properties 
5.67000000e+03 <=  Density <= 5.67000000e+03
3.80300000e+10 <=  Eig(c)  <= 1.73810000e+11
Parallel_IO::init_array maxiobuf = 22801 maxbuf = 22801
Parallel_IO::init_array maxiobuf = 22801 maxbuf = 22801
Parallel_IO::init_array maxiobuf = 22801 maxbuf = 22801
Parallel_IO::init_array maxiobuf = 22801 maxbuf = 22801
Parallel_IO::init_array maxiobuf = 22801 maxbuf = 22801
Parallel_IO::init_array maxiobuf = 22801 maxbuf = 22801
Parallel_IO::init_array maxiobuf = 22801 maxbuf = 22801
Parallel_IO::init_array maxiobuf = 22801 maxbuf = 22801
Parallel_IO::init_array maxiobuf = 22801 maxbuf = 22801
   Execution time, start up phase 3.16949000e-01 seconds 
Running sw4 on 32 processors...
Writing output to directory: pointsource-inas/
============================================================
 Running program on 32 MPI tasks using the following data: 

 Start Time = 0 Goal Time = 2
 Number of time steps = 206 dt: 0.00970874

-----------------------------------------------------------------------
  Total seismic moment (M0): 1.22474e+17 Nm 
  Moment magnitude     (Mw): 5.32536
  Number of moment sources 1
-----------------------------------------------------------------------
writing image plane on file pointsource-inas/ptsrc.cycle=000.z=3000.ux.sw4img
writing image plane on file pointsource-inas/ptsrc.cycle=000.z=3000.uy.sw4img
writing image plane on file pointsource-inas/ptsrc.cycle=000.z=3000.uz.sw4img
writing image plane on file pointsource-inas/ptsrc.cycle=000.x=3000.ux.sw4img
writing image plane on file pointsource-inas/ptsrc.cycle=000.y=3000.ux.sw4img
writing image plane on file pointsource-inas/ptsrc.cycle=000.x=3000.uy.sw4img
writing image plane on file pointsource-inas/ptsrc.cycle=000.x=3000.uz.sw4img
writing image plane on file pointsource-inas/ptsrc.cycle=000.y=3000.uy.sw4img
writing image plane on file pointsource-inas/ptsrc.cycle=000.y=3000.uz.sw4img
  Begin time stepping...
Time step       1  t =   9.7087379e-03
writing image plane on file pointsource-inas/ptsrc.cycle=052.z=3000.ux.sw4img
writing image plane on file pointsource-inas/ptsrc.cycle=052.z=3000.uy.sw4img
writing image plane on file pointsource-inas/ptsrc.cycle=052.z=3000.uz.sw4img
writing image plane on file pointsource-inas/ptsrc.cycle=052.x=3000.ux.sw4img
writing image plane on file pointsource-inas/ptsrc.cycle=052.y=3000.ux.sw4img
writing image plane on file pointsource-inas/ptsrc.cycle=052.x=3000.uy.sw4img
writing image plane on file pointsource-inas/ptsrc.cycle=052.x=3000.uz.sw4img
writing image plane on file pointsource-inas/ptsrc.cycle=052.y=3000.uy.sw4img
writing image plane on file pointsource-inas/ptsrc.cycle=052.y=3000.uz.sw4img
Time step     101  t =   9.8058252e-01
writing image plane on file pointsource-inas/ptsrc.cycle=103.z=3000.ux.sw4img
writing image plane on file pointsource-inas/ptsrc.cycle=103.z=3000.uy.sw4img
writing image plane on file pointsource-inas/ptsrc.cycle=103.z=3000.uz.sw4img
writing image plane on file pointsource-inas/ptsrc.cycle=103.x=3000.ux.sw4img
writing image plane on file pointsource-inas/ptsrc.cycle=103.y=3000.ux.sw4img
writing image plane on file pointsource-inas/ptsrc.cycle=103.x=3000.uy.sw4img
writing image plane on file pointsource-inas/ptsrc.cycle=103.x=3000.uz.sw4img
writing image plane on file pointsource-inas/ptsrc.cycle=103.y=3000.uy.sw4img
writing image plane on file pointsource-inas/ptsrc.cycle=103.y=3000.uz.sw4img
writing image plane on file pointsource-inas/ptsrc.cycle=155.z=3000.ux.sw4img
writing image plane on file pointsource-inas/ptsrc.cycle=155.z=3000.uy.sw4img
writing image plane on file pointsource-inas/ptsrc.cycle=155.z=3000.uz.sw4img
writing image plane on file pointsource-inas/ptsrc.cycle=155.x=3000.ux.sw4img
writing image plane on file pointsource-inas/ptsrc.cycle=155.y=3000.ux.sw4img
writing image plane on file pointsource-inas/ptsrc.cycle=155.x=3000.uy.sw4img
writing image plane on file pointsource-inas/ptsrc.cycle=155.x=3000.uz.sw4img
writing image plane on file pointsource-inas/ptsrc.cycle=155.y=3000.uy.sw4img
writing image plane on file pointsource-inas/ptsrc.cycle=155.y=3000.uz.sw4img
Time step     201  t =   1.9514563e+00
Time step     206  t =   2.0000000e+00
writing image plane on file pointsource-inas/ptsrc.cycle=206.z=3000.ux.sw4img
writing image plane on file pointsource-inas/ptsrc.cycle=206.z=3000.uy.sw4img
writing image plane on file pointsource-inas/ptsrc.cycle=206.z=3000.uz.sw4img
  Time stepping finished...
   Execution time, solver phase 3.13156030e+01 seconds 
writing image plane on file pointsource-inas/ptsrc.cycle=206.x=3000.ux.sw4img
writing image plane on file pointsource-inas/ptsrc.cycle=206.y=3000.ux.sw4img
writing image plane on file pointsource-inas/ptsrc.cycle=206.x=3000.uy.sw4img
writing image plane on file pointsource-inas/ptsrc.cycle=206.x=3000.uz.sw4img
writing image plane on file pointsource-inas/ptsrc.cycle=206.y=3000.uy.sw4img
writing image plane on file pointsource-inas/ptsrc.cycle=206.y=3000.uz.sw4img
============================================================
 program sw4 finished! 
============================================================
