----------------------------------------------------------------
            sw4 version 1.20

 This program comes with ABSOLUTELY NO WARRANTY; released under GPL.
 This is free software, and you are welcome to redistribute     
 it under certain conditions, see LICENSE.txt for more details  
----------------------------------------------------------------
  Compiled on: Thu Jul 27 21:47:47 PDT 2017
  By user:     petersson1
  Machine:     fourier.llnl.gov
  Compiler:    /opt/local/bin/mpicxx
  3rd party include dir: /opt/local/lib/proj47/include, and library dir: /opt/local/lib/proj47/lib
----------------------------------------------------------------

Input file: refine-att-2.in

* Processing the grid command...
* Setting h to 6.28000000e-02 from  x/(nx-1) (x=6.28000000e+00, nx=101)
* Setting ny to 101 to be consistent with h=6.28000000e-02
* Setting nz to 101 to be consistent with h=6.28000000e-02

*** No topography command found in input file. Using z=0 as free surface boundary ***


Global grid sizes (without ghost points)
Grid         h        Nx        Ny        Nz       Points
   0    0.0628       101       101        61       622261
   1    0.0314       201       201        81      3272481
Total number of grid points (without ghost points): 3.89474e+06

Default Supergrid damping coefficient has been tuned; damping coefficient = 0.00000000e+00
Default Supergrid thickness has been tuned; # grid points = 1 grid sizes

   Execution time, reading input file 3.79279390e-02 seconds 
----------------------------------------------------
 Making Output Directory: refine-att-2/
		
... Done!
----------------------------------------------------
Geographic and Cartesian coordinates of the corners of the computational grid:
0: Lon= 1.180000e+02, Lat=3.700000e+01, x=0.000000e+00, y=0.000000e+00
1: Lon= 1.180000e+02, Lat=3.700006e+01, x=6.280000e+00, y=0.000000e+00
2: Lon= 1.180001e+02, Lat=3.700006e+01, x=6.280000e+00, y=6.280000e+00
3: Lon= 1.180001e+02, Lat=3.700000e+01, x=0.000000e+00, y=6.280000e+00

******************************
 ASSIGNING TWILIGHT MATERIALS 
******************************

       ----------- Material properties ranges ---------------
       1.00002175e+00 kg/m^3 <=  Density <= 2.99997281e+00 kg/m^3
       1.63299548e+00 m/s    <=  Vp      <= 2.82840183e+00 m/s
       1.00000214e+00 m/s    <=  Vs      <= 1.73203454e+00 m/s
       1.52752801e+00        <=  Vp/Vs   <= 1.73205018e+00
       2.00002175e+00 Pa     <=  mu      <= 3.99997281e+00 Pa
       1.00003516e+00 Pa     <=  lambda  <= 2.99997155e+00 Pa
       ------------------------------------------------------

***** PPW = minVs/h/maxFrequency ********
g=0, h=6.280000e-02, minVs/h=15.9246 (Cartesian)
g=1, h=3.140000e-02, minVs/h=31.8472 (Cartesian)


*** Attenuation parameters calculated for 1 mechanisms,
      max freq=2.000000e+00 [Hz], min_freq=2.000000e-02 [Hz], velo_freq=1.000000e+00 [Hz]

   Execution time, start up phase 2.02531825e-01 seconds 
Running sw4 on 4 processors...
Writing output to directory: refine-att-2/
============================================================
 Running program on 4 MPI tasks using the following data: 

 Start Time = 0 Goal Time = 1
 Number of time steps = 144 dt: 0.00694444
-----------------------------------------------------------
Twilight zone testing (aka method of manufactured solution)
Parameters:
  omega = 1.00000000e+00
  c = 1.30000000e+00
  phase = 3.00000000e-01
  mat-omega = 1.00000000e+00
  mat-phase = 1.00000000e-01
  amprho = 1.00000000e+00
  amplambda = 1.00000000e+00
  ampmu = 1.00000000e+00
-----------------------------------------------------------
  Begin time stepping...
Time step       1  t =   6.9444444e-03
Time step     101  t =   7.0138889e-01
Time step     144  t =   1.0000000e+00
  Time stepping finished...
   Execution time, solver phase 4 minutes 5.18338733e+01 seconds 

 Final solution errors: Linf =   9.3018893e-06, L2 =   2.2695195e-05

 Final solution errors, attenuation: Linf =   9.1020241e-06, L2 =   2.1935534e-05
**** Closing file with solution errors for testing
============================================================
 program sw4 finished! 
============================================================
