----------------------------------------------------------------
            sw4 version 1.20

 This program comes with ABSOLUTELY NO WARRANTY; released under GPL.
 This is free software, and you are welcome to redistribute     
 it under certain conditions, see LICENSE.txt for more details  
----------------------------------------------------------------
  Compiled on: Thu Jul 20 13:49:48 PDT 2017
  By user:     petersson1
  Machine:     fourier.llnl.gov
  Compiler:    /opt/local/bin/mpicxx
  3rd party include dir: /opt/local/lib/proj47/include, and library dir: /opt/local/lib/proj47/lib
----------------------------------------------------------------

Input file: tw-att-2.in
Default Supergrid thickness has been tuned; # grid points = 10 grid sizes
Default Supergrid damping coefficient has been tuned; damping coefficient = 0.00000000e+00

* Processing the grid command...

* number of ghost points = 2
* Setting h to 6.28000000e-02 from  x/(nx-1) (x=6.28000000e+00, nx=101)
* Setting ny to 101 to be consistent with h=6.28000000e-02
* Setting nz to 101 to be consistent with h=6.28000000e-02
allocateCartesianSolverArrays: #ghost points=2, #parallel padding points=2
Extent of the computational domain xmax=6.28000000e+00 ymax=6.28000000e+00 zmax=6.28000000e+00

Corrected global_zmax = 6.28000000e+00
Refinement levels after correction: 
grid=0 z-min=0.00000000e+00
***inside setup2D_MPICommunications***

*** No topography command found in input file. Using z=0 as free surface boundary ***

***inside setupMPICommunications***

Global grid sizes (without ghost points)
Grid         h        Nx        Ny        Nz       Points
   0    0.0628       101       101       101      1030301
Total number of grid points (without ghost points): 1.0303e+06

Default Supergrid damping coefficient has been tuned; damping coefficient = 0.00000000e+00
Default Supergrid thickness has been tuned; # grid points = 1 grid sizes

INFO: m_mesh_refinements=0 m_use_attenuation=1 mOrder=4
   Execution time, reading input file 9.80849200e-03 seconds 
 *** Testing = 1
  Using Bjorn's fast (parallel) IO library
Assuming a SERIAL file system.
Setting up SBP boundary stencils
Detected at least one boundary with supergrid conditions
----------------------------------------------------
 Making Output Directory: tw-att-flat-2/
		
... Done!
----------------------------------------------------
Geographic and Cartesian coordinates of the corners of the computational grid:
0: Lon= 1.180000e+02, Lat=3.700000e+01, x=0.000000e+00, y=0.000000e+00
1: Lon= 1.180000e+02, Lat=3.700006e+01, x=6.280000e+00, y=0.000000e+00
2: Lon= 1.180001e+02, Lat=3.700006e+01, x=6.280000e+00, y=6.280000e+00
3: Lon= 1.180001e+02, Lat=3.700000e+01, x=0.000000e+00, y=6.280000e+00

******************************
 ASSIGNING TWILIGHT MATERIALS 
******************************

       ----------- Material properties ranges ---------------
       1.00106604e+00 kg/m^3 <=  Density <= 2.99897596e+00 kg/m^3
       1.63306294e+00 m/s    <=  Vp      <= 2.82730093e+00 m/s
       1.00005813e+00 m/s    <=  Vs      <= 1.73133529e+00 m/s
       1.52761543e+00        <=  Vp/Vs   <= 1.73201725e+00
       2.00106604e+00 Pa     <=  mu      <= 3.99897596e+00 Pa
       1.00106604e+00 Pa     <=  lambda  <= 2.99897596e+00 Pa
       ------------------------------------------------------
Grid g=0:, 1.000058e+00 <= Cs <= 1.731335e+00, 2.160354e+00 <= C-hat <= 3.740144e+00, h[g]/max(C-hat) = 1.679080e-02

***** PPW = minVs/h/maxFrequency ********
g=0, h=6.280000e-02, minVs/h=15.9245 (Cartesian)

SG: using supergrid!
SG: twilight setup!

*** Attenuation parameters calculated for 1 mechanisms,
      max freq=2.000000e+00 [Hz], min_freq=2.000000e-02 [Hz], velo_freq=1.000000e+00 [Hz]

  Assigned material properties
*** computing the time step ***
TIME accuracy order=4 CFL=1.30000000e+00 prel. time step=1.81007429e-02
*** Initialized Images
   Execution time, start up phase 5.45092720e-02 seconds 
Running sw4 on 4 processors...
Writing output to directory: tw-att-flat-2/

***  Starting solve ***
============================================================
 Running program on 4 MPI tasks using the following data: 

 Start Time = 0 Goal Time = 1
 Number of time steps = 55 dt: 0.0181818

============================================================
 Global boundary conditions 
      x=0    supergrid
      x=xMax supergrid
      y=0    supergrid
      y=yMax supergrid
      z=topo free surface
      z=zMax free surface

-----------------------------------------------------------
Twilight zone testing (aka method of manufactured solution)
Parameters:
  omega = 1.00000000e+00
  c = 1.30000000e+00
  phase = 3.00000000e-01
  mat-omega = 1.00000000e+00
  mat-phase = 1.00000000e-01
  amprho = 1.00000000e+00
  amplambda = 1.00000000e+00
  ampmu = 1.00000000e+00
-----------------------------------------------------------
  Initial data has been assigned

Reporting SW4 internal flags and settings:
m_testing=yes, twilight=yes, point_source=no, moment_test=no, energy_test=no,lamb_test=no rayleigh_test=no
m_use_supergrid=yes
End report settings

  Begin time stepping...
Time step       1  t =   1.8181818e-02
Time step      55  t =   1.0000000e+00
  Time stepping finished...
   Execution time, solver phase 2.56046195e+01 seconds 

 Final solution errors: Linf =   3.8485198e-05, L2 =   1.7586482e-04

 Final solution errors, attenuation: Linf =   3.7705802e-05, L2 =   1.7829164e-04
**** Closing file with solution errors for testing
============================================================
 program sw4 finished! 
============================================================
