----------------------------------------------------------------
            sw4 version 1.20

 This program comes with ABSOLUTELY NO WARRANTY; released under GPL.
 This is free software, and you are welcome to redistribute     
 it under certain conditions, see LICENSE.txt for more details  
----------------------------------------------------------------
  Compiled on: Fri Jul 28 10:28:45 PDT 2017
  By user:     andersp
  Machine:     quartz2300
  Compiler:    /usr/tce/packages/impi/impi-2017.1-intel-18.0-beta/bin/mpicxx
  3rd party include dir: /usr/apps/wpp/include, and library dir: /usr/apps/wpp/lib
----------------------------------------------------------------

Input file: tw-att-3.in
Default Supergrid thickness has been tuned; # grid points = 10 grid sizes
Default Supergrid damping coefficient has been tuned; damping coefficient = 0.00000000e+00

* Processing the grid command...
* Setting h to 3.14000000e-02 from  x/(nx-1) (x=6.28000000e+00, nx=201)
* Setting ny to 201 to be consistent with h=3.14000000e-02
* Setting nz to 201 to be consistent with h=3.14000000e-02
Extent of the computational domain xmax=6.28000000e+00 ymax=6.28000000e+00 zmax=6.28000000e+00

*** No topography command found in input file. Using z=0 as free surface boundary ***


Global grid sizes (without ghost points)
Grid         h        Nx        Ny        Nz       Points
   0    0.0314       201       201       201      8120601
Total number of grid points (without ghost points): 8.1206e+06

Default Supergrid damping coefficient has been tuned; damping coefficient = 0.00000000e+00
Default Supergrid thickness has been tuned; # grid points = 1 grid sizes

   Execution time, reading input file 3.48241329e-02 seconds 
  Using Bjorn's fast (parallel) IO library
Assuming a SERIAL file system.
Detected at least one boundary with supergrid conditions
----------------------------------------------------
 Making Output Directory: tw-att-flat-3/
		
... Done!
----------------------------------------------------
Geographic and Cartesian coordinates of the corners of the computational grid:
0: Lon= 1.180000e+02, Lat=3.700000e+01, x=0.000000e+00, y=0.000000e+00
1: Lon= 1.180000e+02, Lat=3.700006e+01, x=6.280000e+00, y=0.000000e+00
2: Lon= 1.180001e+02, Lat=3.700006e+01, x=6.280000e+00, y=6.280000e+00
3: Lon= 1.180001e+02, Lat=3.700000e+01, x=0.000000e+00, y=6.280000e+00

******************************
 ASSIGNING TWILIGHT MATERIALS 
******************************

       ----------- Material properties ranges ---------------
       1.00002049e+00 kg/m^3 <=  Density <= 2.99998495e+00 kg/m^3
       1.63299453e+00 m/s    <=  Vp      <= 2.82840576e+00 m/s
       1.00000102e+00 m/s    <=  Vs      <= 1.73203721e+00 m/s
       1.52752694e+00        <=  Vp/Vs   <= 1.73205022e+00
       2.00002049e+00 Pa     <=  mu      <= 3.99998495e+00 Pa
       1.00002049e+00 Pa     <=  lambda  <= 2.99998495e+00 Pa
       ------------------------------------------------------

***** PPW = minVs/h/maxFrequency ********
g=0, h=3.140000e-02, minVs/h=31.8472 (Cartesian)


*** Attenuation parameters calculated for 1 mechanisms,
      max freq=2.000000e+00 [Hz], min_freq=2.000000e-02 [Hz], velo_freq=1.000000e+00 [Hz]

  Assigned material properties
*** computing the time step ***
TIME accuracy order=4 CFL=1.30000000e+00 prel. time step=9.04856509e-03
*** Initialized Images
   Execution time, start up phase 3.62040997e-02 seconds 
Running sw4 on 36 processors...
Writing output to directory: tw-att-flat-3/

***  Starting solve ***
============================================================
 Running program on 36 MPI tasks using the following data: 

 Start Time = 0 Goal Time = 1
 Number of time steps = 111 dt: 0.00900901

============================================================
 Global boundary conditions 
      x=0    supergrid
      x=xMax supergrid
      y=0    supergrid
      y=yMax supergrid
      z=topo free surface
      z=zMax free surface

-----------------------------------------------------------
Twilight zone testing (aka method of manufactured solution)
Parameters:
  omega = 1.00000000e+00
  c = 1.30000000e+00
  phase = 3.00000000e-01
  mat-omega = 1.00000000e+00
  mat-phase = 1.00000000e-01
  amprho = 1.00000000e+00
  amplambda = 1.00000000e+00
  ampmu = 1.00000000e+00
-----------------------------------------------------------
  Initial data has been assigned

Reporting SW4 internal flags and settings:
m_testing=yes, twilight=yes, point_source=no, moment_test=no, energy_test=no, lamb_test=no, rayleigh_test=no
m_use_supergrid=yes
End report of internal flags and settings

  Begin time stepping...
Time step       1  t =   9.0090090e-03
Time step     101  t =   9.0990991e-01
Time step     111  t =   1.0000000e+00
  Time stepping finished...
   Execution time, solver phase 3.38757472e+01 seconds 

 Final solution errors: Linf =   2.4026124e-06, L2 =   1.1735478e-05

 Final solution errors, attenuation: Linf =   2.3652169e-06, L2 =   1.1807151e-05
**** Closing file with solution errors for testing
============================================================
 program sw4 finished! 
============================================================
