----------------------------------------------------------------
            sw4 version 1.0

 This program comes with ABSOLUTELY NO WARRANTY; released under GPL.
 This is free software, and you are welcome to redistribute     
 it under certain conditions, see LICENSE.txt for more details  
----------------------------------------------------------------
  Compiled on: Tue Sep 17 12:00:47 PDT 2013
  By user:     andersp
  Machine:     cab668
  Compiler:    /usr/local/bin/mpiicpc
  3rd party include dir: /usr/apps/wpp/include, and library dir: /usr/apps/wpp/lib
----------------------------------------------------------------

Input file: pointsource-sg1.in

* Processing the grid command...
* Setting nx to 151 to be consistent with h=0.04
* Setting ny to 151 to be consistent with h=0.04
* Setting nz to 151 to be consistent with h=0.04

*** No topography command found in input file. Using z=0 as free surface boundary ***


Global grid sizes (without ghost points)
Grid         h        Nx        Ny        Nz       Points
   0      0.04       151       151       151      3442951
Total number of grid points (without ghost points): 3.44295e+06

Default Supergrid thickness has been tuned; thickness = 38 grid sizes

   Execution time, reading input file 0.007709 seconds 
----------------------------------------------------
 Making Output Directory: pointsource-h0p04/
		
... Done!
----------------------------------------------------
Geographic coordinates of the corners of the computational grid:
0: Lon= 1.180000e+02, Lat=3.700000e+01
1: Lon= 1.180000e+02, Lat=3.700005e+01
2: Lon= 1.180001e+02, Lat=3.700005e+01
3: Lon= 1.180001e+02, Lat=3.700000e+01


       ----------- Material properties ranges ---------------
       1 kg/m^3 <=  Density <= 1 kg/m^3
       1.6 m/s    <=  Vp      <= 1.6 m/s
       0.8 m/s    <=  Vs      <= 0.8 m/s
       2        <=  Vp/Vs   <= 2
       0.64 Pa     <=  mu      <= 0.64 Pa
       1.28 Pa     <=  lambda  <= 1.28 Pa
       ------------------------------------------------------

***** PPW = minVs/h/maxFrequency ********
g=0, h=4.000000e-02, minVs/h=20 (Cartesian)

   Execution time, start up phase 0.044818 seconds 
Running sw4 on 16 processors...
Writing output to directory: pointsource-h0p04/
============================================================
 Running program on 16 MPI tasks using the following data: 

 Start Time = 0 Goal Time = 5
 Number of time steps = 188 dt: 0.0265957

-----------------------------------------------------------------------
  Total seismic moment (M0): 1.22474 Nm 
  Moment magnitude     (Mw): -6.00797
  Number of moment sources 1
-----------------------------------------------------------------------
  Begin time stepping...
Time step       1  t =   2.6595745e-02
Time step     101  t =   2.6861702e+00
Time step     188  t =   5.0000000e+00
  Time stepping finished...
**** Closed file with solution errors for testing
   Execution time, solver phase 41.9958 seconds 

 Final solution errors: Linf =   2.0319900e-03, L2 =   5.5183754e-03
============================================================
 program sw4 finished! 
============================================================
