----------------------------------------------------------------
            sw4 version 1.1

 This program comes with ABSOLUTELY NO WARRANTY; released under GPL.
 This is free software, and you are welcome to redistribute     
 it under certain conditions, see LICENSE.txt for more details  
----------------------------------------------------------------
  Compiled on: Wed Oct  8 09:30:38 PDT 2014
  By user:     petersson1
  Machine:     fourier.llnl.gov
  Compiler:    /opt/local/bin/mpicxx
  3rd party include dir: /Users/petersson1/include, and library dir: /Users/petersson1/lib
----------------------------------------------------------------

Input file: pointsource-sg1.in

* Processing the grid command...
* Setting nx to 151 to be consistent with h=4.00000000e-02
* Setting ny to 151 to be consistent with h=4.00000000e-02
* Setting nz to 151 to be consistent with h=4.00000000e-02

*** No topography command found in input file. Using z=0 as free surface boundary ***


Global grid sizes (without ghost points)
Grid         h        Nx        Ny        Nz       Points
   0      0.04       151       151       151      3442951
Total number of grid points (without ghost points): 3.44295e+06

Default Supergrid thickness has been tuned; thickness = 38 grid sizes

   Execution time, reading input file 1.23050213e-02 seconds 
----------------------------------------------------
 Making Output Directory: pointsource-1/
		
... Done!
----------------------------------------------------
Geographic and Cartesian coordinates of the corners of the computational grid:
0: Lon= 1.180000e+02, Lat=3.700000e+01, x=0.000000e+00, y=0.000000e+00
1: Lon= 1.180000e+02, Lat=3.700005e+01, x=6.000000e+00, y=0.000000e+00
2: Lon= 1.180001e+02, Lat=3.700005e+01, x=6.000000e+00, y=6.000000e+00
3: Lon= 1.180001e+02, Lat=3.700000e+01, x=0.000000e+00, y=6.000000e+00


       ----------- Material properties ranges ---------------
       1.00000000e+00 kg/m^3 <=  Density <= 1.00000000e+00 kg/m^3
       1.60000000e+00 m/s    <=  Vp      <= 1.60000000e+00 m/s
       8.00000000e-01 m/s    <=  Vs      <= 8.00000000e-01 m/s
       2.00000000e+00        <=  Vp/Vs   <= 2.00000000e+00
       6.40000000e-01 Pa     <=  mu      <= 6.40000000e-01 Pa
       1.28000000e+00 Pa     <=  lambda  <= 1.28000000e+00 Pa
       ------------------------------------------------------

***** PPW = minVs/h/maxFrequency ********
g=0, h=4.000000e-02, minVs/h=20 (Cartesian)

   Execution time, start up phase 1.01055861e-01 seconds 
Running sw4 on 4 processors...
Writing output to directory: pointsource-1/
============================================================
 Running program on 4 MPI tasks using the following data: 

 Start Time = 0 Goal Time = 5
 Number of time steps = 188 dt: 0.0265957

-----------------------------------------------------------------------
  Total seismic moment (M0): 1.22474 Nm 
  Moment magnitude     (Mw): -6.00797
  Number of moment sources 1
-----------------------------------------------------------------------
  Begin time stepping...
Time step       1  t =   2.6595745e-02
Time step     101  t =   2.6861702e+00
Time step     188  t =   5.0000000e+00
  Time stepping finished...
   Execution time, solver phase 2 minutes 3.66474791e+01 seconds 

 Final solution errors: Linf =   2.0319900e-03, L2 =   5.5183754e-03
**** Closing file with solution errors for testing
============================================================
 program sw4 finished! 
============================================================
