----------------------------------------------------------------
            sw4 version 1.1

 This program comes with ABSOLUTELY NO WARRANTY; released under GPL.
 This is free software, and you are welcome to redistribute     
 it under certain conditions, see LICENSE.txt for more details  
----------------------------------------------------------------
  Compiled on: Wed Oct  8 09:30:38 PDT 2014
  By user:     petersson1
  Machine:     fourier.llnl.gov
  Compiler:    /opt/local/bin/mpicxx
  3rd party include dir: /Users/petersson1/include, and library dir: /Users/petersson1/lib
----------------------------------------------------------------

Input file: pointsource-sg2.in

* Processing the grid command...
* Setting nx to 301 to be consistent with h=2.00000000e-02
* Setting ny to 301 to be consistent with h=2.00000000e-02
* Setting nz to 301 to be consistent with h=2.00000000e-02

*** No topography command found in input file. Using z=0 as free surface boundary ***


Global grid sizes (without ghost points)
Grid         h        Nx        Ny        Nz       Points
   0      0.02       301       301       301     27270901
Total number of grid points (without ghost points): 2.72709e+07

Default Supergrid thickness has been tuned; thickness = 75 grid sizes

   Execution time, reading input file 9.14340019e-02 seconds 
----------------------------------------------------
 Making Output Directory: pointsource-2/
		
... Done!
----------------------------------------------------
Geographic and Cartesian coordinates of the corners of the computational grid:
0: Lon= 1.180000e+02, Lat=3.700000e+01, x=0.000000e+00, y=0.000000e+00
1: Lon= 1.180000e+02, Lat=3.700005e+01, x=6.000000e+00, y=0.000000e+00
2: Lon= 1.180001e+02, Lat=3.700005e+01, x=6.000000e+00, y=6.000000e+00
3: Lon= 1.180001e+02, Lat=3.700000e+01, x=0.000000e+00, y=6.000000e+00


       ----------- Material properties ranges ---------------
       1.00000000e+00 kg/m^3 <=  Density <= 1.00000000e+00 kg/m^3
       1.60000000e+00 m/s    <=  Vp      <= 1.60000000e+00 m/s
       8.00000000e-01 m/s    <=  Vs      <= 8.00000000e-01 m/s
       2.00000000e+00        <=  Vp/Vs   <= 2.00000000e+00
       6.40000000e-01 Pa     <=  mu      <= 6.40000000e-01 Pa
       1.28000000e+00 Pa     <=  lambda  <= 1.28000000e+00 Pa
       ------------------------------------------------------

***** PPW = minVs/h/maxFrequency ********
g=0, h=2.000000e-02, minVs/h=40 (Cartesian)

   Execution time, start up phase 8.13315153e-01 seconds 
Running sw4 on 4 processors...
Writing output to directory: pointsource-2/
============================================================
 Running program on 4 MPI tasks using the following data: 

 Start Time = 0 Goal Time = 5
 Number of time steps = 377 dt: 0.0132626

-----------------------------------------------------------------------
  Total seismic moment (M0): 1.22474 Nm 
  Moment magnitude     (Mw): -6.00797
  Number of moment sources 1
-----------------------------------------------------------------------
  Begin time stepping...
Time step       1  t =   1.3262599e-02
Time step     101  t =   1.3395225e+00
Time step     201  t =   2.6657825e+00
Time step     301  t =   3.9920424e+00
Time step     377  t =   5.0000000e+00
  Time stepping finished...
   Execution time, solver phase 40 minutes 5.11332729e+01 seconds 

 Final solution errors: Linf =   7.8886507e-06, L2 =   2.7656656e-05
**** Closing file with solution errors for testing
============================================================
 program sw4 finished! 
============================================================
