----------------------------------------------------------------
            sw4 version 1.1

 This program comes with ABSOLUTELY NO WARRANTY; released under GPL.
 This is free software, and you are welcome to redistribute     
 it under certain conditions, see LICENSE.txt for more details  
----------------------------------------------------------------
  Compiled on: Wed Oct 8 09:01:27 PDT 2014
  By user:     andersp
  Machine:     cab689
  Compiler:    /usr/local/bin/mpiicpc
  3rd party include dir: /usr/apps/wpp/include, and library dir: /usr/apps/wpp/lib
----------------------------------------------------------------

Input file: pointsource-sg3.in

* Processing the grid command...
* Setting nx to 601 to be consistent with h=1.00000000e-02
* Setting ny to 601 to be consistent with h=1.00000000e-02
* Setting nz to 601 to be consistent with h=1.00000000e-02

*** No topography command found in input file. Using z=0 as free surface boundary ***


Global grid sizes (without ghost points)
Grid         h        Nx        Ny        Nz       Points
   0      0.01       601       601       601    217081801
Total number of grid points (without ghost points): 2.17082e+08

Default Supergrid thickness has been tuned; thickness = 150 grid sizes

   Execution time, reading input file 8.75440000e-01 seconds 
----------------------------------------------------
 Making Output Directory: pointsource-3/
		
... Done!
----------------------------------------------------
Geographic and Cartesian coordinates of the corners of the computational grid:
0: Lon= 1.180000e+02, Lat=3.700000e+01, x=0.000000e+00, y=0.000000e+00
1: Lon= 1.180000e+02, Lat=3.700005e+01, x=6.000000e+00, y=0.000000e+00
2: Lon= 1.180001e+02, Lat=3.700005e+01, x=6.000000e+00, y=6.000000e+00
3: Lon= 1.180001e+02, Lat=3.700000e+01, x=0.000000e+00, y=6.000000e+00


       ----------- Material properties ranges ---------------
       1.00000000e+00 kg/m^3 <=  Density <= 1.00000000e+00 kg/m^3
       1.60000000e+00 m/s    <=  Vp      <= 1.60000000e+00 m/s
       8.00000000e-01 m/s    <=  Vs      <= 8.00000000e-01 m/s
       2.00000000e+00        <=  Vp/Vs   <= 2.00000000e+00
       6.40000000e-01 Pa     <=  mu      <= 6.40000000e-01 Pa
       1.28000000e+00 Pa     <=  lambda  <= 1.28000000e+00 Pa
       ------------------------------------------------------

***** PPW = minVs/h/maxFrequency ********
g=0, h=1.000000e-02, minVs/h=80 (Cartesian)

   Execution time, start up phase 1.12447000e-01 seconds 
Running sw4 on 256 processors...
Writing output to directory: pointsource-3/
============================================================
 Running program on 256 MPI tasks using the following data: 

 Start Time = 0 Goal Time = 5
 Number of time steps = 754 dt: 0.0066313

-----------------------------------------------------------------------
  Total seismic moment (M0): 1.22474 Nm 
  Moment magnitude     (Mw): -6.00797
  Number of moment sources 1
-----------------------------------------------------------------------
  Begin time stepping...
Time step       1  t =   6.6312997e-03
Time step     101  t =   6.6976127e-01
Time step     201  t =   1.3328912e+00
Time step     301  t =   1.9960212e+00
Time step     401  t =   2.6591512e+00
Time step     501  t =   3.3222812e+00
Time step     601  t =   3.9854111e+00
Time step     701  t =   4.6485411e+00
Time step     754  t =   5.0000000e+00
  Time stepping finished...
   Execution time, solver phase 13 minutes 1.98917900e+01 seconds 

 Final solution errors: Linf =   1.6177566e-07, L2 =   3.4673931e-07
**** Closing file with solution errors for testing
============================================================
 program sw4 finished! 
============================================================
