----------------------------------------------------------------
            sw4 version 1.0

 This program comes with ABSOLUTELY NO WARRANTY; released under GPL.
 This is free software, and you are welcome to redistribute     
 it under certain conditions, see LICENSE.txt for more details  
----------------------------------------------------------------
  Compiled on: Wed Jul 31 09:03:19 PDT 2013
  By user:     andersp
  Machine:     cab670
  Compiler:    /usr/local/bin/mpiicpc
  3rd party include dir: /usr/apps/wpp/include, and library dir: /usr/apps/wpp/lib
----------------------------------------------------------------

Input file: LOH.3-h50.in

* Processing the grid command...
* Setting nx to 801 to be consistent with h=50
* Setting ny to 801 to be consistent with h=50
* Setting nz to 401 to be consistent with h=50

*** No topography command found in input file. Using z=0 as free surface boundary ***


Global grid sizes (without ghost points)
Grid         h        Nx        Ny        Nz       Points
   0        50       801       801       401    257282001
Total number of grid points (without ghost points): 2.57282e+08

Default Supergrid thickness has been tuned; thickness = 30 grid sizes

   Execution time, reading input file 0.511856 seconds 
----------------------------------------------------
 Making Output Directory: loh3-h50/
		
... Done!
----------------------------------------------------
Geographic coordinates of the corners of the computational grid:
0: Lon= 1.180000e+02, Lat=3.700000e+01
1: Lon= 1.180000e+02, Lat=3.735933e+01
2: Lon= 1.184521e+02, Lat=3.735933e+01
3: Lon= 1.184499e+02, Lat=3.700000e+01

Considering all material blocks
block command: outside = 0, material = 297425925
block command: outside = 280535070, material = 16890855
block command: outside = 296691540, material = 734385

       ----------- Material properties ranges ---------------
       2600 kg/m^3 <=  Density <= 2700 kg/m^3
       4000 m/s    <=  Vp      <= 6000 m/s
       2000 m/s    <=  Vs      <= 3464 m/s
       1.7321        <=  Vp/Vs   <= 2
       1.04e+10 Pa     <=  mu      <= 3.23981e+10 Pa
       2.08e+10 Pa     <=  lambda  <= 3.24038e+10 Pa
       Using attenuation 
       40        <=  Qs      <= 69.3  
       120        <=  Qp      <= 155.9  
       ------------------------------------------------------

*** Attenuation parameters calculated for 3 mechanisms,
      max freq=1.500000e+01 [Hz], min_freq=1.500000e-01 [Hz], velo_freq=2.500000e+00 [Hz]

   Execution time, start up phase 6.33829 seconds 
Running sw4 on 192 processors...
Writing output to directory: loh3-h50/
============================================================
 Running program on 192 MPI tasks using the following data: 

 Start Time = 0 Goal Time = 9
 Number of time steps = 1108 dt: 0.00812274
Saving one discretized time function

-----------------------------------------------------------------------
  Total seismic moment (M0): 1e+18 Nm 
  Moment magnitude     (Mw): 5.93333
  Number of sources 1
-----------------------------------------------------------------------
  Begin time stepping...
Time step       1  t =   8.1227437e-03
Time step     101  t =   8.2039711e-01
Time step     201  t =   1.6326715e+00
Time step     301  t =   2.4449458e+00
Time step     401  t =   3.2572202e+00
Time step     501  t =   4.0694946e+00
Time step     601  t =   4.8817690e+00
Time step     701  t =   5.6940433e+00
Time step     801  t =   6.5063177e+00
Time step     901  t =   7.3185921e+00
Writing BINARY SAC files, of size 1001: loh3-h50/sta10.[x|y|z]
Writing ASCII USGS file, of size 1001: loh3-h50/sta10.txt
Time step    1001  t =   8.1308664e+00
Time step    1101  t =   8.9431408e+00
Time step    1108  t =   9.0000000e+00
  Time stepping finished...
   Execution time, solver phase 29 minutes 38.896 seconds 
============================================================
 program sw4 finished! 
============================================================
Writing BINARY SAC files, of size 1109: loh3-h50/sta10.[x|y|z]
Writing ASCII USGS file, of size 1109: loh3-h50/sta10.txt
