
* Processing the grid command...
* Setting nx to 601 to be consistent with h=50
* Setting ny to 601 to be consistent with h=50
* Setting nz to 341 to be consistent with h=50

Global grid sizes (without ghost points)
Grid         h        Nx        Ny        Nz       Points
   0        50       601       601       341    123169541
Total number of grid points (without ghost points): 1.2317e+08

Done reading input file 
 no GPUs found
----------------------------------------------------
 Making Output Directory: loh2-results/
		
... Done!
----------------------------------------------------
number of grid point  sources = 691200
number of unique g.p. sources = 82656
setup of sources done
Running on 256 MPI tasks
Using OpenMP with 1 thread per MPI task
starting at time 0 at cycle 1
Time step 1 t= 0.0083877
Time step 101 t= 0.847158
Time step 201 t= 1.68593
Time step 301 t= 2.5247
Time step 401 t= 3.36347
Time step 501 t= 4.20224
Time step 601 t= 5.04101
Time step 701 t= 5.87978
Time step 801 t= 6.71855
Time step 901 t= 7.55732
Writing ASCII USGS file, of size 1001: loh2-results/sta10.txt
Time step 1001 t= 8.39609
Time step 1073 t= 9
   Execution time, solver phase 4 minutes 58.2776 seconds 
Writing ASCII USGS file, of size 1074: loh2-results/sta10.txt

----------------------------------------
          Execution time summary 
Processor  Total      BC comm    BC phys    Scheme     Supergrid  Forcing 
0          297.91     26.273     4.4571     142.82     29.346     9.0334     
1          297.91     25.637     3.4313     143.95     29.699     9.0554     
2          297.91     16.881     3.2649     152.81     29.804     8.9272     
3          297.91     16.231     3.2836     152.92     29.818     8.9748     
4          297.91     24.622     2.9797     142.99     31.666     9.0386     
5          297.91     13.31      3.0461     156.16     29.665     9.2557     
6          297.91     16.493     3.0141     152.3      29.896     9.682      
7          297.91     15.491     2.7985     154.14     29.916     8.6592     
8          297.91     12.905     2.8153     156.13     29.839     8.8907     
9          297.91     23.718     2.785      146.38     28.807     8.6384     
10         297.91     27.041     2.686      143.46     28.369     7.7867     
11         297.91     18.464     2.4775     146.83     28.75      7.1494     
12         297.91     17.552     2.6476     140.63     30.78      8.0931     
13         297.91     20.12      2.599      140.91     28.663     8.0955     
14         297.91     20.42      2.7252     140.78     28.718     7.8455     
15         297.91     20.179     3.4752     140.59     28.604     7.958      
16         297.91     27.458     1.6967     143.07     29.927     9.3428     
17         297.91     28.39      0.75017    143.73     29.298     9.1177     
18         297.91     14.131     0.71468    157.82     29.66      9.0209     
19         297.91     28.072     0.69882    143.57     30.018     9.0138     
20         297.91     27.369     0.767      142.83     32.086     8.9888     
21         297.91     15.779     0.6941     157.48     29.877     8.7262     
22         297.91     19.894     0.68999    152.77     29.781     9.466      
23         297.91     19.228     0.70287    154.28     29.881     8.4689     
24         297.91     26.879     0.65521    144.24     31.899     8.7579     
25         297.91     26.672     0.6703     147.63     28.114     8.5834     
26         297.91     27.691     0.7239     144.69     28.264     7.6074     
27         297.91     28.777     0.63816    140.49     28.983     7.2373     
28         297.91     24.784     0.64795    140.58     30.907     7.7457     
29         297.91     20.89      0.64867    146.9      28.422     7.8917     
30         297.91     19.195     0.69667    148.12     28.684     8.0323     
31         297.91     25.755     1.4958     140.38     29.015     8.1126     
32         297.91     28.074     1.7146     142.68     30.083     9.2773     
33         297.91     13.779     0.76929    157.47     30.442     9.1541     
34         297.91     19.001     0.70486    153.07     29.968     9.1579     
35         297.91     18.99      0.70876    153.03     29.952     9.2526     
36         297.91     27.848     0.78833    143.68     31.371     9.186      
37         297.91     30.313     0.70164    143.98     29.393     9.0236     
38         297.91     20.481     0.69835    152.7      29.991     9.5971     
39         297.91     20.1       0.69178    154.06     29.97      8.648      
40         297.91     27.97      0.65038    144.4      31.821     8.5839     
41         297.91     28.098     0.66363    147.36     28.076     8.4607     
42         297.91     25.858     0.68074    146.85     28.433     7.6806     
43         297.91     29.321     0.65168    140.88     28.882     7.327      
44         297.91     25.071     0.65841    141.37     30.884     7.7415     
45         297.91     27.951     0.67456    140.76     28.487     7.914      
46         297.91     20.499     0.71016    147.94     28.506     8.1169     
47         297.91     26.418     1.5126     140.88     28.883     8.2124     
48         297.91     29.289     1.8939     142.25     30.367     9.0294     
49         297.91     15.347     0.8009     157        30.243     9.1468     
50         297.91     20.724     0.69716    153.24     29.963     8.8241     
51         297.91     24.198     0.72562    152.44     29.975     8.2768     
52         297.91     59.152     0.75465    143.12     31.449     9.3553     
53         297.91     61.033     0.71965    143.58     29.434     9.3603     
54         297.91     52.716     0.70434    152.4      30.053     8.3815     
55         297.91     52.268     0.73761    152.66     30.033     8.5677     
56         297.91     59.638     0.70132    142.88     31.881     8.863      
57         297.91     59.919     0.68253    146.2      28.163     8.6313     
58         297.91     60.996     0.68914    144.65     28.33      8.3241     
59         297.91     57.53      0.66945    146.16     28.401     7.7011     
60         297.91     56.604     0.6628     140.36     30.816     8.5885     
61         297.91     50.519     0.67607    147.23     28.262     8.5881     
62         297.91     57.287     0.69485    140.33     28.786     8.1702     
63         297.91     49.813     1.6495     146.58     28.486     8.4173     
64         297.91     29.625     1.5514     143.71     29.58      8.3936     
65         297.91     27.516     0.71119    146.02     29.99      8.3408     
66         297.91     28.632     0.66399    146.39     29.774     7.711      
67         297.91     28.594     0.67061    147.02     29.834     7.5332     
68         297.91     56.234     0.65889    147.64     29.751     8.3409     
69         297.91     56.834     0.66162    147.93     29.742     8.3488     
70         297.91     57.852     0.66945    147.31     29.642     8.1818     
71         297.91     57.908     0.66405    147.38     29.672     8.1625     
72         297.91     58.831     0.66642    146.79     29.358     8.2248     
73         297.91     62.56      0.65474    143.65     28.966     8.0641     
74         297.91     64.735     0.6714     141.58     28.755     7.5341     
75         297.91     61.569     0.639      142.47     28.784     7.1707     
76         297.91     57.188     0.63387    142.86     28.683     7.9454     
77         297.91     54.768     0.646      143.1      28.739     8.01       
78         297.91     55.319     0.6564     142.56     28.702     7.867      
79         297.91     54.206     1.4796     142.42     28.71      7.9054     
80         297.91     23.837     1.5465     147.25     29.791     8.2582     
81         297.91     24.211     0.70885    147.62     29.73      8.2063     
82         297.91     25.894     0.67153    146.51     29.649     7.7134     
83         297.91     25.146     0.66667    147.36     29.616     7.4283     
84         297.91     59.94      0.64726    147.31     29.789     7.1862     
85         297.91     63.789     0.74018    145.6      29.778     7.6287     
86         297.91     109.39     0.63089    146.72     29.966     7.5156     
87         297.91     110.91     0.65199    145.81     29.996     7.6972     
88         297.91     110.39     0.64587    146.14     29.931     8.175      
89         297.91     116.23     0.65862    141.8      28.97      8.1101     
90         297.91     118.6      0.69124    139.6      28.817     7.5586     
91         297.91     113.57     0.63919    141.34     28.791     7.3269     
92         297.91     108.77     0.62648    140.59     28.622     7.7761     
93         297.91     106.6      0.65631    141.77     28.675     7.6023     
94         297.91     72.602     0.62613    139.37     28.429     7.1481     
95         297.91     59.009     1.451      140.91     29.208     7.0287     
96         297.91     27.203     1.5109     142.75     29.081     8.1448     
97         297.91     23.379     0.73056    146.51     29.702     8.1061     
98         297.91     22.102     0.66839    147.59     29.793     8.2152     
99         297.91     23.101     0.66749    147.4      29.828     8.2186     
100        297.91     61.665     0.65063    146.89     29.609     7.266      
101        297.91     64.877     0.73789    145.79     29.858     7.6384     
102        297.91     109.79     0.63546    146.59     29.929     7.6032     
103        297.91     110.89     0.66333    146.18     29.877     7.7769     
104        297.91     111.5      0.66336    145.67     29.491     8.2794     
105        297.91     116.22     0.65795    142.05     28.879     8.2776     
106        297.91     118.45     0.70179    140.21     28.777     7.4539     
107        297.91     113.18     0.6338     142.15     28.81      7.2116     
108        297.91     108.58     0.62138    141.25     28.644     7.6169     
109        297.91     106.7      0.65738    142.1      28.72      7.4567     
110        297.91     73.469     0.62358    139.7      28.403     7.2105     
111        297.91     59.197     1.4552     141.73     29.236     7.1552     
112        297.91     31.18      1.4977     142.47     29.212     8.3253     
113        297.91     27.457     0.70028    146.13     29.899     8.3151     
114        297.91     27.509     0.67293    146.53     29.661     8.1156     
115        297.91     28.389     0.66443    146.56     29.698     8.1225     
116        297.91     64.708     0.64652    146.99     29.84      7.3582     
117        297.91     68.794     0.72809    146.05     29.865     7.6879     
118        297.91     113.6      0.70516    144.4      30.053     7.8632     
119        297.91     105.91     0.66357    143.54     29.741     17.096     
120        297.91     15.267     0.66135    135.1      29.013     117.08     
121        297.91     25.765     0.64933    132.77     28.42      109.91     
122        297.91     34.611     0.62712    131.92     27.706     102.13     
123        297.91     20.406     0.64484    133.36     27.682     110.99     
124        297.91     87.167     0.65705    139.64     28.672     32.462     
125        297.91     110.4      0.66031    139.6      29.248     7.2074     
126        297.91     76.861     0.61726    139.44     28.767     6.9883     
127        297.91     63.108     1.5344     142.38     29.08      7.0001     
128        297.91     30.415     1.5599     140.5      28.906     8.8597     
129        297.91     29.899     0.72238    141.68     28.915     8.748      
130        297.91     31.022     0.66141    141.15     28.979     8.0925     
131        297.91     31.773     0.6549     141.12     28.979     8.0954     
132        297.91     69.686     0.64341    141.23     29.125     7.2373     
133        297.91     73.712     0.72866    139.65     29.2       7.6199     
134        297.91     117.5      0.62515    140.53     29.254     7.4804     
135        297.91     119.19     0.66077    139.46     29.159     7.7663     
136        297.91     119.03     0.62677    139.71     29.008     8.0745     
137        297.91     123.05     0.64955    136.69     28.478     8.0631     
138        297.91     126.42     0.65573    133.84     28.005     7.4923     
139        297.91     121.28     0.62971    135.39     28.281     7.2271     
140        297.91     115.73     0.61578    135.47     27.999     7.712      
141        297.91     113.84     0.65532    136.4      28.083     7.4651     
142        297.91     81.517     0.61797    134.34     27.771     7.1147     
143        297.91     66.93      1.5123     136.62     28.517     7.1751     
144        297.91     27.494     1.5125     140.7      28.62      7.9664     
145        297.91     27.647     0.7018     141.08     28.711     7.9245     
146        297.91     26.655     0.64985    141.56     29.002     8.1556     
147        297.91     26.965     0.6494     141.76     28.932     8.154      
148        297.91     66.372     0.62774    140.7      29.053     7.1066     
149        297.91     70.196     0.72638    139.17     29.004     7.4354     
150        297.91     115.85     0.61137    140.56     28.778     7.5403     
151        297.91     117.23     0.63957    139.75     28.805     7.7451     
152        297.91     117.06     0.62016    139.91     28.774     8.0053     
153        297.91     121.8      0.63549    136.36     28.123     7.9392     
154        297.91     123.1      0.6603     134.81     28.325     7.4877     
155        297.91     118.12     0.61484    136.5      28.336     7.2232     
156        297.91     112.61     0.60433    136.64     27.945     7.6975     
157        297.91     111.48     0.63513    136.86     28         7.4344     
158        297.91     76.041     0.61331    135.02     28.451     7.1662     
159        297.91     62.333     1.4541     137.28     28.557     7.0865     
160        297.91     23.678     1.4722     140.24     28.88      7.9572     
161        297.91     23.194     0.69788    141.23     28.979     7.8672     
162        297.91     23.057     0.65348    141.17     28.847     8.2595     
163        297.91     23.202     0.65486    141.01     28.82      8.2754     
164        297.91     61.035     0.64395    141.57     28.838     8.0178     
165        297.91     61.68      0.64305    141.63     28.938     8.0693     
166        297.91     62.443     0.64813    141.13     28.807     8.2213     
167        297.91     63.437     0.643      140.57     28.854     8.2421     
168        297.91     63.992     0.64267    140.74     28.771     7.8297     
169        297.91     67.248     0.63595    138.24     28.308     7.5909     
170        297.91     66.846     0.61239    138.1      28.005     7.9011     
171        297.91     65.1       0.63152    138.07     28.072     7.875      
172        297.91     61.146     0.62167    138.37     27.993     7.8713     
173        297.91     59.924     0.62019    137.8      28.069     7.8712     
174        297.91     59.24      0.6414     138.13     28.228     7.9558     
175        297.91     58.219     1.4632     137.93     28.236     7.9749     
176        297.91     26.825     1.4864     140.15     28.725     8.0946     
177        297.91     26.647     0.71086    140.91     28.735     8.0084     
178        297.91     26.692     0.66185    141.14     28.706     7.8202     
179        297.91     27.158     0.65056    140.68     28.697     7.8653     
180        297.91     58.467     0.64304    142.09     28.855     7.591      
181        297.91     61.845     0.67763    141.21     29.013     7.853      
182        297.91     61.976     0.65805    141.25     28.85      7.9817     
183        297.91     62.033     0.67194    141.21     28.796     7.993      
184        297.91     62.424     0.65233    140.85     28.883     7.9499     
185        297.91     66.07      0.65929    137.85     28.244     7.7371     
186        297.91     66.078     0.62791    137.58     27.916     7.7032     
187        297.91     64.594     0.65084    138.01     27.99      7.5989     
188        297.91     60.416     0.65096    138.37     27.906     8.0174     
189        297.91     59.011     0.64033    138.37     27.974     7.8878     
190        297.91     59.663     0.63665    137.72     27.993     7.6228     
191        297.91     57.793     1.4882     138.02     28.017     7.5518     
192        297.91     26.493     1.705      140.76     28.799     8.9316     
193        297.91     26.526     0.75604    141.54     28.937     8.7775     
194        297.91     27.606     0.69517    141.4      28.765     8.0833     
195        297.91     28.111     0.69609    140.97     28.786     8.0669     
196        297.91     28.322     0.67973    141.01     28.862     8.1525     
197        297.91     29.24      0.72472    141        28.906     8.1965     
198        297.91     29.339     0.7026     141.18     28.774     8.1231     
199        297.91     30.173     0.69101    140.68     28.791     8.067      
200        297.91     29.073     0.70026    141.38     28.798     8.3664     
201        297.91     32.293     0.66628    138.3      28.228     8.1995     
202        297.91     32.47      0.65223    137.83     27.877     8.1925     
203        297.91     31.034     0.66116    138.05     27.864     8.0183     
204        297.91     29.173     0.70171    138.32     27.989     8.1825     
205        297.91     28.839     0.64577    139.12     28.046     7.661      
206        297.91     28.707     0.65956    138.49     27.992     8.0898     
207        297.91     27.223     1.5518     138.56     28.011     8.0243     
208        297.91     24.8       1.5877     141.19     28.919     8.4533     
209        297.91     25.543     0.73628    141.54     28.846     8.0562     
210        297.91     24.264     0.66587    142.57     28.991     8.2356     
211        297.91     24.247     0.6802     142.34     28.943     8.4476     
212        297.91     25.603     0.68041    141.35     28.758     8.1901     
213        297.91     25.242     0.6773     141.69     28.905     8.1929     
214        297.91     24.802     0.68994    141.99     28.87      8.513      
215        297.91     25.781     0.66928    141.4      28.818     8.6314     
216        297.91     25.706     0.67507    141.51     28.904     8.6395     
217        297.91     29.731     0.68234    138.22     28.241     8.4863     
218        297.91     29.391     0.65577    137.94     28.044     8.5627     
219        297.91     25.889     0.62883    139.67     28.031     7.4224     
220        297.91     25.04      0.62634    139.33     28.009     8.2536     
221        297.91     25.268     0.64116    138.87     28.106     8.1997     
222        297.91     24.143     0.65585    139.23     27.977     8.4748     
223        297.91     22.105     1.6409     139.72     27.995     8.312      
224        297.91     20.333     1.5277     142.51     28.669     8.4211     
225        297.91     20.54      0.70204    142.84     28.737     8.4021     
226        297.91     20.257     0.6675     142.72     29.002     8.5461     
227        297.91     19.833     0.66481    142.97     29.002     8.5558     
228        297.91     20.417     0.65199    142.59     28.808     8.5158     
229        297.91     19.804     0.65122    143.36     28.797     8.4861     
230        297.91     20.657     0.65631    142.49     28.987     8.3624     
231        297.91     21.559     0.68524    141.81     29.018     8.4277     
232        297.91     20.966     0.67436    142.72     28.753     8.5029     
233        297.91     24.791     0.67117    139.41     28.198     8.4603     
234        297.91     24.983     0.65731    138.37     28.095     8.6865     
235        297.91     21.319     0.62921    140.5      28.149     7.1339     
236        297.91     20.356     0.62439    140.56     27.889     8.1892     
237        297.91     20.793     0.63953    139.95     27.972     8.1649     
238        297.91     19.731     0.6373     140.24     28.013     8.2196     
239        297.91     18.221     1.4716     140.29     28.035     8.1575     
240        297.91     14.479     4.2074     142.52     28.868     8.5243     
241        297.91     15.426     3.2275     142.92     28.837     8.569      
242        297.91     15.287     3.3068     143.19     28.927     8.3642     
243        297.91     15.673     3.2691     142.84     28.877     8.3867     
244        297.91     16.653     3.2285     141.95     28.844     8.3744     
245        297.91     15.946     3.2212     142.78     28.816     8.374      
246        297.91     15.559     3.3145     143.06     28.929     8.4179     
247        297.91     15.604     3.27       143.24     28.899     8.4139     
248        297.91     16.323     3.2129     142.79     28.707     8.4564     
249        297.91     20.058     3.1931     139.63     28.208     8.294      
250        297.91     19.794     3.011      139.23     28.059     8.3649     
251        297.91     17.042     3.0338     140.42     28.05      7.3714     
252        297.91     15.251     3.2072     140.43     28.226     8.1264     
253        297.91     15.283     3.2082     140.42     28.169     8.1251     
254        297.91     16.4       3.1597     139.86     28.065     7.6338     
255        297.91     15.589     3.9948     139.57     28.057     7.9338     
Clock tick is 1e-06 seconds
----------------------------------------

 Total running time: 306.867
