----------------------------------------------------------------
            sw4 version 1.20

 This program comes with ABSOLUTELY NO WARRANTY; released under GPL.
 This is free software, and you are welcome to redistribute     
 it under certain conditions, see LICENSE.txt for more details  
----------------------------------------------------------------
  Compiled on: Tue Mar 14 13:40:24 PDT 2017
  By user:     andersp
  Machine:     cori11
  Compiler:    /opt/cray/pe/craype/2.5.7/bin/CC
  3rd party include dir: /project/projectdirs/m2545/sw4/cori-knl/include, and library dir: /project/projectdirs/m2545/sw4/cori-knl/lib
----------------------------------------------------------------

Input file: berkeley-att-h20.in

* Processing the grid command...
* Setting nx to 601 to be consistent with h=2.00000000e+01
* Setting ny to 601 to be consistent with h=2.00000000e+01
* Setting nz to 251 to be consistent with h=2.00000000e+01

***Topography grid: min z = -5.581435e+02, max z = 5.261421e+00, top Cartesian z = 1.500000e+03

Global grid sizes (without ghost points)
Grid         h        Nx        Ny        Nz       Points
   0        20       601       601       176     63571376
   1        20       601       601        89     32146889
Total number of grid points (without ghost points): 9.57183e+07

*** Reading data from Rfile berkeley.rfile in directory ./

   Execution time, reading input file 3.25894022e+00 seconds 
----------------------------------------------------
 Making Output Directory: berkeley-h20-att-results/
		
... Done!
----------------------------------------------------
Geographic and Cartesian coordinates of the corners of the computational grid:
0: Lon= -1.222500e+02, Lat=3.793000e+01, x=1.891139e-09, y=-1.390519e-09
1: Lon= -1.221701e+02, Lat=3.784240e+01, x=1.200000e+04, y=-3.522779e-09
2: Lon= -1.222805e+02, Lat=3.777903e+01, x=1.200000e+04, y=1.200000e+04
3: Lon= -1.223605e+02, Lat=3.786655e+01, x=4.640091e-10, y=1.200000e+04

Considering all material blocks

rfile command: outside = 2089, material = 98605784

       ----------- Material properties ranges ---------------
       1.59000000e+03 kg/m^3 <=  Density <= 2.67000000e+03 kg/m^3
       7.68000000e+02 m/s    <=  Vp      <= 5.56525000e+03 m/s
       5.00000000e+02 m/s    <=  Vs      <= 3.33525000e+03 m/s
       1.53600000e+00        <=  Vp/Vs   <= 4.50000000e+00
       3.97500000e+08 Pa     <=  mu      <= 2.97007931e+10 Pa
       1.42820160e+08 Pa     <=  lambda  <= 2.33245860e+10 Pa
       Using attenuation 
       1.30000000e+01        <=  Qs      <= 3.55525000e+02  
       2.60000000e+01        <=  Qp      <= 7.10525000e+02  
       ------------------------------------------------------

***** PPW = minVs/h/maxFrequency ********
g=0, h=2.000000e+01, minVs/h=77.95 (Cartesian)
g=1, h=2.000000e+01, minVs/h=25 (curvilinear)


*** Attenuation parameters calculated for 3 mechanisms,
      max freq=1.000000e+01 [Hz], min_freq=1.000000e-01 [Hz], velo_freq=1.000000e+00 [Hz]

   Execution time, start up phase 7.89806795e+00 seconds 
Running sw4 on 768 processors...
Writing output to directory: berkeley-h20-att-results/
============================================================
 Running program on 768 MPI tasks using the following data: 

 Start Time = 0 Goal Time = 4
 Number of time steps = 1130 dt: 0.00353982
writing image plane on file berkeley-h20-att-results/berk.cycle=0000.z=0.topo.sw4img
writing image plane on file berkeley-h20-att-results/berk.cycle=0000.z=0.lat.sw4img
writing image plane on file berkeley-h20-att-results/berk.cycle=0000.z=0.lon.sw4img

-----------------------------------------------------------------------
  Total seismic moment (M0): 1e+18 Nm 
  Moment magnitude     (Mw): 5.93333
  Number of moment sources 1
-----------------------------------------------------------------------
  Begin time stepping...
Writing ASCII USGS file, of size 1001: berkeley-h20-att-results/sta1.txt
Time step       1  t =   3.5398230e-03
Time step     101  t =   3.5752212e-01
Time step     201  t =   7.1150442e-01
Time step     301  t =   1.0654867e+00
Time step     401  t =   1.4194690e+00
Time step     501  t =   1.7734513e+00
Time step     601  t =   2.1274336e+00
Time step     701  t =   2.4814159e+00
Time step     801  t =   2.8353982e+00
Time step     901  t =   3.1893805e+00
Time step    1001  t =   3.5433628e+00
Time step    1101  t =   3.8973451e+00
Time step    1130  t =   4.0000000e+00
  Time stepping finished...
   Execution time, solver phase 9 minutes 4.21444180e+01 seconds 
============================================================
 program sw4 finished! 
============================================================
Writing ASCII USGS file, of size 1131: berkeley-h20-att-results/sta1.txt
