----------------------------------------------------------------
            sw4 version 1.20

 This program comes with ABSOLUTELY NO WARRANTY; released under GPL.
 This is free software, and you are welcome to redistribute     
 it under certain conditions, see LICENSE.txt for more details  
----------------------------------------------------------------
  Compiled on: Tue Mar 14 13:40:24 PDT 2017
  By user:     andersp
  Machine:     cori11
  Compiler:    /opt/cray/pe/craype/2.5.7/bin/CC
  3rd party include dir: /project/projectdirs/m2545/sw4/cori-knl/include, and library dir: /project/projectdirs/m2545/sw4/cori-knl/lib
----------------------------------------------------------------

Input file: hayward-img-h100-cori.in

* Processing the grid command...
* Setting nx to 1001 to be consistent with h=1.00000000e+02
* Setting ny to 1001 to be consistent with h=1.00000000e+02
* Setting nz to 301 to be consistent with h=1.00000000e+02

***Topography grid: min z = -1.148476e+03, max z = 8.322363e+01, top Cartesian z = 2.500000e+03

Global grid sizes (without ghost points)
Grid         h        Nx        Ny        Nz       Points
   0       100      1001      1001       276    276552276
   1       100      1001      1001        31     31062031
Total number of grid points (without ghost points): 3.07614e+08

*** Reading data from Rfile USGSBayAreaVM-08.3.0-corder.rfile in directory /global/cscratch1/sd/andersp/hayward
Opened rupture file 'm6.5-20.0x13.0.s500.v5.1.srf'
Version = 2.0
Number of segments in header block: 1
Seg #1: elon=-122.218, elat=37.8433, nstk=100, ndip=65, len=20, wid=13
        stk=144, dip=90, dtop=3, shyp=-5, dhyp=8
Number of point sources in data block: 6500
Read npts=6500, made 5303 point moment tensor sources, nu1=5303, nu2=0, nu3=0

   Execution time, reading input file 1.64104772e+01 seconds 
----------------------------------------------------
 Making Output Directory: /global/cscratch1/sd/andersp/hayward/
		
... Done!
----------------------------------------------------
Geographic and Cartesian coordinates of the corners of the computational grid:
0: Lon= -1.220750e+02, Lat=3.833000e+01, x=8.634027e-09, y=-4.756618e-09
1: Lon= -1.214128e+02, Lat=3.759746e+01, x=1.000000e+05, y=-5.576470e-08
2: Lon= -1.223293e+02, Lat=3.707203e+01, x=1.000000e+05, y=1.000000e+05
3: Lon= -1.229960e+02, Lat=3.779951e+01, x=-1.058160e-09, y=1.000000e+05

Considering all material blocks

rfile command: outside = 296, material = 315630019

       ----------- Material properties ranges ---------------
       1.59000000e+03 kg/m^3 <=  Density <= 3.30000000e+03 kg/m^3
       8.66000000e+02 m/s    <=  Vp      <= 7.78000000e+03 m/s
       5.00000000e+02 m/s    <=  Vs      <= 4.42000000e+03 m/s
       1.65596190e+00        <=  Vp/Vs   <= 4.47359656e+00
       3.97500000e+08 Pa     <=  mu      <= 6.44701200e+10 Pa
       3.97430040e+08 Pa     <=  lambda  <= 7.13862600e+10 Pa
       ------------------------------------------------------

***** PPW = minVs/h/maxFrequency ********
g=0, h=1.000000e+02, minVs/h=19.175 (Cartesian)
g=1, h=1.000000e+02, minVs/h=5 (curvilinear)

Filter precursor = 5.401530e+00
   Execution time, start up phase 7.60555983e-01 seconds 
Running sw4 on 512 processors...
Writing output to directory: /global/cscratch1/sd/andersp/hayward/
Lowpass filtering all source time functions to corner frequency fc2=5.000000e-01
============================================================
 Running program on 512 MPI tasks using the following data: 

 Start Time = 0 Goal Time = 9
 Number of time steps = 989 dt: 0.0091001

-----------------------------------------------------------------------
  Total seismic moment (M0): 7.98952e+18 Nm 
  Moment magnitude     (Mw): 6.53501
  Number of moment sources 5303
-----------------------------------------------------------------------
writing image plane on file /global/cscratch1/sd/andersp/hayward/image.cycle=000.z=0.mag.sw4img
  Begin time stepping...
Time step       1  t =   9.1001011e-03
writing image plane on file /global/cscratch1/sd/andersp/hayward/image.cycle=001.z=0.mag.sw4img
writing image plane on file /global/cscratch1/sd/andersp/hayward/image.cycle=002.z=0.mag.sw4img
writing image plane on file /global/cscratch1/sd/andersp/hayward/image.cycle=003.z=0.mag.sw4img
writing image plane on file /global/cscratch1/sd/andersp/hayward/image.cycle=004.z=0.mag.sw4img
writing image plane on file /global/cscratch1/sd/andersp/hayward/image.cycle=005.z=0.mag.sw4img
writing image plane on file /global/cscratch1/sd/andersp/hayward/image.cycle=006.z=0.mag.sw4img
writing image plane on file /global/cscratch1/sd/andersp/hayward/image.cycle=007.z=0.mag.sw4img
writing image plane on file /global/cscratch1/sd/andersp/hayward/image.cycle=008.z=0.mag.sw4img
writing image plane on file /global/cscratch1/sd/andersp/hayward/image.cycle=009.z=0.mag.sw4img
writing image plane on file /global/cscratch1/sd/andersp/hayward/image.cycle=010.z=0.mag.sw4img
writing image plane on file /global/cscratch1/sd/andersp/hayward/image.cycle=011.z=0.mag.sw4img
writing image plane on file /global/cscratch1/sd/andersp/hayward/image.cycle=012.z=0.mag.sw4img
writing image plane on file /global/cscratch1/sd/andersp/hayward/image.cycle=013.z=0.mag.sw4img
writing image plane on file /global/cscratch1/sd/andersp/hayward/image.cycle=014.z=0.mag.sw4img
writing image plane on file /global/cscratch1/sd/andersp/hayward/image.cycle=015.z=0.mag.sw4img
writing image plane on file /global/cscratch1/sd/andersp/hayward/image.cycle=016.z=0.mag.sw4img
writing image plane on file /global/cscratch1/sd/andersp/hayward/image.cycle=017.z=0.mag.sw4img
writing image plane on file /global/cscratch1/sd/andersp/hayward/image.cycle=018.z=0.mag.sw4img
writing image plane on file /global/cscratch1/sd/andersp/hayward/image.cycle=019.z=0.mag.sw4img
writing image plane on file /global/cscratch1/sd/andersp/hayward/image.cycle=020.z=0.mag.sw4img
writing image plane on file /global/cscratch1/sd/andersp/hayward/image.cycle=021.z=0.mag.sw4img
writing image plane on file /global/cscratch1/sd/andersp/hayward/image.cycle=022.z=0.mag.sw4img
writing image plane on file /global/cscratch1/sd/andersp/hayward/image.cycle=023.z=0.mag.sw4img
writing image plane on file /global/cscratch1/sd/andersp/hayward/image.cycle=024.z=0.mag.sw4img
writing image plane on file /global/cscratch1/sd/andersp/hayward/image.cycle=025.z=0.mag.sw4img
writing image plane on file /global/cscratch1/sd/andersp/hayward/image.cycle=026.z=0.mag.sw4img
writing image plane on file /global/cscratch1/sd/andersp/hayward/image.cycle=027.z=0.mag.sw4img
writing image plane on file /global/cscratch1/sd/andersp/hayward/image.cycle=028.z=0.mag.sw4img
writing image plane on file /global/cscratch1/sd/andersp/hayward/image.cycle=029.z=0.mag.sw4img
writing image plane on file /global/cscratch1/sd/andersp/hayward/image.cycle=030.z=0.mag.sw4img
writing image plane on file /global/cscratch1/sd/andersp/hayward/image.cycle=031.z=0.mag.sw4img
writing image plane on file /global/cscratch1/sd/andersp/hayward/image.cycle=032.z=0.mag.sw4img
writing image plane on file /global/cscratch1/sd/andersp/hayward/image.cycle=033.z=0.mag.sw4img
writing image plane on file /global/cscratch1/sd/andersp/hayward/image.cycle=034.z=0.mag.sw4img
writing image plane on file /global/cscratch1/sd/andersp/hayward/image.cycle=035.z=0.mag.sw4img
writing image plane on file /global/cscratch1/sd/andersp/hayward/image.cycle=036.z=0.mag.sw4img
writing image plane on file /global/cscratch1/sd/andersp/hayward/image.cycle=037.z=0.mag.sw4img
writing image plane on file /global/cscratch1/sd/andersp/hayward/image.cycle=038.z=0.mag.sw4img
writing image plane on file /global/cscratch1/sd/andersp/hayward/image.cycle=039.z=0.mag.sw4img
writing image plane on file /global/cscratch1/sd/andersp/hayward/image.cycle=040.z=0.mag.sw4img
writing image plane on file /global/cscratch1/sd/andersp/hayward/image.cycle=041.z=0.mag.sw4img
writing image plane on file /global/cscratch1/sd/andersp/hayward/image.cycle=042.z=0.mag.sw4img
writing image plane on file /global/cscratch1/sd/andersp/hayward/image.cycle=043.z=0.mag.sw4img
writing image plane on file /global/cscratch1/sd/andersp/hayward/image.cycle=044.z=0.mag.sw4img
writing image plane on file /global/cscratch1/sd/andersp/hayward/image.cycle=045.z=0.mag.sw4img
writing image plane on file /global/cscratch1/sd/andersp/hayward/image.cycle=046.z=0.mag.sw4img
writing image plane on file /global/cscratch1/sd/andersp/hayward/image.cycle=047.z=0.mag.sw4img
writing image plane on file /global/cscratch1/sd/andersp/hayward/image.cycle=048.z=0.mag.sw4img
writing image plane on file /global/cscratch1/sd/andersp/hayward/image.cycle=049.z=0.mag.sw4img
writing image plane on file /global/cscratch1/sd/andersp/hayward/image.cycle=050.z=0.mag.sw4img
writing image plane on file /global/cscratch1/sd/andersp/hayward/image.cycle=051.z=0.mag.sw4img
writing image plane on file /global/cscratch1/sd/andersp/hayward/image.cycle=052.z=0.mag.sw4img
writing image plane on file /global/cscratch1/sd/andersp/hayward/image.cycle=053.z=0.mag.sw4img
writing image plane on file /global/cscratch1/sd/andersp/hayward/image.cycle=054.z=0.mag.sw4img
writing image plane on file /global/cscratch1/sd/andersp/hayward/image.cycle=055.z=0.mag.sw4img
writing image plane on file /global/cscratch1/sd/andersp/hayward/image.cycle=056.z=0.mag.sw4img
writing image plane on file /global/cscratch1/sd/andersp/hayward/image.cycle=057.z=0.mag.sw4img
writing image plane on file /global/cscratch1/sd/andersp/hayward/image.cycle=058.z=0.mag.sw4img
writing image plane on file /global/cscratch1/sd/andersp/hayward/image.cycle=059.z=0.mag.sw4img
writing image plane on file /global/cscratch1/sd/andersp/hayward/image.cycle=060.z=0.mag.sw4img
writing image plane on file /global/cscratch1/sd/andersp/hayward/image.cycle=061.z=0.mag.sw4img
writing image plane on file /global/cscratch1/sd/andersp/hayward/image.cycle=062.z=0.mag.sw4img
writing image plane on file /global/cscratch1/sd/andersp/hayward/image.cycle=063.z=0.mag.sw4img
writing image plane on file /global/cscratch1/sd/andersp/hayward/image.cycle=064.z=0.mag.sw4img
writing image plane on file /global/cscratch1/sd/andersp/hayward/image.cycle=065.z=0.mag.sw4img
writing image plane on file /global/cscratch1/sd/andersp/hayward/image.cycle=066.z=0.mag.sw4img
writing image plane on file /global/cscratch1/sd/andersp/hayward/image.cycle=067.z=0.mag.sw4img
writing image plane on file /global/cscratch1/sd/andersp/hayward/image.cycle=068.z=0.mag.sw4img
writing image plane on file /global/cscratch1/sd/andersp/hayward/image.cycle=069.z=0.mag.sw4img
writing image plane on file /global/cscratch1/sd/andersp/hayward/image.cycle=070.z=0.mag.sw4img
writing image plane on file /global/cscratch1/sd/andersp/hayward/image.cycle=071.z=0.mag.sw4img
writing image plane on file /global/cscratch1/sd/andersp/hayward/image.cycle=072.z=0.mag.sw4img
writing image plane on file /global/cscratch1/sd/andersp/hayward/image.cycle=073.z=0.mag.sw4img
writing image plane on file /global/cscratch1/sd/andersp/hayward/image.cycle=074.z=0.mag.sw4img
writing image plane on file /global/cscratch1/sd/andersp/hayward/image.cycle=075.z=0.mag.sw4img
writing image plane on file /global/cscratch1/sd/andersp/hayward/image.cycle=076.z=0.mag.sw4img
writing image plane on file /global/cscratch1/sd/andersp/hayward/image.cycle=077.z=0.mag.sw4img
writing image plane on file /global/cscratch1/sd/andersp/hayward/image.cycle=078.z=0.mag.sw4img
writing image plane on file /global/cscratch1/sd/andersp/hayward/image.cycle=079.z=0.mag.sw4img
writing image plane on file /global/cscratch1/sd/andersp/hayward/image.cycle=080.z=0.mag.sw4img
writing image plane on file /global/cscratch1/sd/andersp/hayward/image.cycle=081.z=0.mag.sw4img
writing image plane on file /global/cscratch1/sd/andersp/hayward/image.cycle=082.z=0.mag.sw4img
writing image plane on file /global/cscratch1/sd/andersp/hayward/image.cycle=083.z=0.mag.sw4img
writing image plane on file /global/cscratch1/sd/andersp/hayward/image.cycle=084.z=0.mag.sw4img
writing image plane on file /global/cscratch1/sd/andersp/hayward/image.cycle=085.z=0.mag.sw4img
writing image plane on file /global/cscratch1/sd/andersp/hayward/image.cycle=086.z=0.mag.sw4img
writing image plane on file /global/cscratch1/sd/andersp/hayward/image.cycle=087.z=0.mag.sw4img
writing image plane on file /global/cscratch1/sd/andersp/hayward/image.cycle=088.z=0.mag.sw4img
writing image plane on file /global/cscratch1/sd/andersp/hayward/image.cycle=089.z=0.mag.sw4img
writing image plane on file /global/cscratch1/sd/andersp/hayward/image.cycle=090.z=0.mag.sw4img
writing image plane on file /global/cscratch1/sd/andersp/hayward/image.cycle=091.z=0.mag.sw4img
writing image plane on file /global/cscratch1/sd/andersp/hayward/image.cycle=092.z=0.mag.sw4img
writing image plane on file /global/cscratch1/sd/andersp/hayward/image.cycle=093.z=0.mag.sw4img
writing image plane on file /global/cscratch1/sd/andersp/hayward/image.cycle=094.z=0.mag.sw4img
writing image plane on file /global/cscratch1/sd/andersp/hayward/image.cycle=095.z=0.mag.sw4img
writing image plane on file /global/cscratch1/sd/andersp/hayward/image.cycle=096.z=0.mag.sw4img
writing image plane on file /global/cscratch1/sd/andersp/hayward/image.cycle=097.z=0.mag.sw4img
writing image plane on file /global/cscratch1/sd/andersp/hayward/image.cycle=098.z=0.mag.sw4img
writing image plane on file /global/cscratch1/sd/andersp/hayward/image.cycle=099.z=0.mag.sw4img
writing image plane on file /global/cscratch1/sd/andersp/hayward/image.cycle=100.z=0.mag.sw4img
Time step     101  t =   9.1911021e-01
writing image plane on file /global/cscratch1/sd/andersp/hayward/image.cycle=101.z=0.mag.sw4img
writing image plane on file /global/cscratch1/sd/andersp/hayward/image.cycle=102.z=0.mag.sw4img
writing image plane on file /global/cscratch1/sd/andersp/hayward/image.cycle=103.z=0.mag.sw4img
writing image plane on file /global/cscratch1/sd/andersp/hayward/image.cycle=104.z=0.mag.sw4img
writing image plane on file /global/cscratch1/sd/andersp/hayward/image.cycle=105.z=0.mag.sw4img
writing image plane on file /global/cscratch1/sd/andersp/hayward/image.cycle=106.z=0.mag.sw4img
writing image plane on file /global/cscratch1/sd/andersp/hayward/image.cycle=107.z=0.mag.sw4img
writing image plane on file /global/cscratch1/sd/andersp/hayward/image.cycle=108.z=0.mag.sw4img
writing image plane on file /global/cscratch1/sd/andersp/hayward/image.cycle=109.z=0.mag.sw4img
writing image plane on file /global/cscratch1/sd/andersp/hayward/image.cycle=110.z=0.mag.sw4img
writing image plane on file /global/cscratch1/sd/andersp/hayward/image.cycle=111.z=0.mag.sw4img
writing image plane on file /global/cscratch1/sd/andersp/hayward/image.cycle=112.z=0.mag.sw4img
writing image plane on file /global/cscratch1/sd/andersp/hayward/image.cycle=113.z=0.mag.sw4img
writing image plane on file /global/cscratch1/sd/andersp/hayward/image.cycle=114.z=0.mag.sw4img
writing image plane on file /global/cscratch1/sd/andersp/hayward/image.cycle=115.z=0.mag.sw4img
writing image plane on file /global/cscratch1/sd/andersp/hayward/image.cycle=116.z=0.mag.sw4img
writing image plane on file /global/cscratch1/sd/andersp/hayward/image.cycle=117.z=0.mag.sw4img
writing image plane on file /global/cscratch1/sd/andersp/hayward/image.cycle=118.z=0.mag.sw4img
writing image plane on file /global/cscratch1/sd/andersp/hayward/image.cycle=119.z=0.mag.sw4img
writing image plane on file /global/cscratch1/sd/andersp/hayward/image.cycle=120.z=0.mag.sw4img
writing image plane on file /global/cscratch1/sd/andersp/hayward/image.cycle=121.z=0.mag.sw4img
writing image plane on file /global/cscratch1/sd/andersp/hayward/image.cycle=122.z=0.mag.sw4img
writing image plane on file /global/cscratch1/sd/andersp/hayward/image.cycle=123.z=0.mag.sw4img
writing image plane on file /global/cscratch1/sd/andersp/hayward/image.cycle=124.z=0.mag.sw4img
writing image plane on file /global/cscratch1/sd/andersp/hayward/image.cycle=125.z=0.mag.sw4img
writing image plane on file /global/cscratch1/sd/andersp/hayward/image.cycle=126.z=0.mag.sw4img
writing image plane on file /global/cscratch1/sd/andersp/hayward/image.cycle=127.z=0.mag.sw4img
writing image plane on file /global/cscratch1/sd/andersp/hayward/image.cycle=128.z=0.mag.sw4img
writing image plane on file /global/cscratch1/sd/andersp/hayward/image.cycle=129.z=0.mag.sw4img
writing image plane on file /global/cscratch1/sd/andersp/hayward/image.cycle=130.z=0.mag.sw4img
writing image plane on file /global/cscratch1/sd/andersp/hayward/image.cycle=131.z=0.mag.sw4img
writing image plane on file /global/cscratch1/sd/andersp/hayward/image.cycle=132.z=0.mag.sw4img
writing image plane on file /global/cscratch1/sd/andersp/hayward/image.cycle=133.z=0.mag.sw4img
writing image plane on file /global/cscratch1/sd/andersp/hayward/image.cycle=134.z=0.mag.sw4img
writing image plane on file /global/cscratch1/sd/andersp/hayward/image.cycle=135.z=0.mag.sw4img
writing image plane on file /global/cscratch1/sd/andersp/hayward/image.cycle=136.z=0.mag.sw4img
writing image plane on file /global/cscratch1/sd/andersp/hayward/image.cycle=137.z=0.mag.sw4img
writing image plane on file /global/cscratch1/sd/andersp/hayward/image.cycle=138.z=0.mag.sw4img
writing image plane on file /global/cscratch1/sd/andersp/hayward/image.cycle=139.z=0.mag.sw4img
writing image plane on file /global/cscratch1/sd/andersp/hayward/image.cycle=140.z=0.mag.sw4img
writing image plane on file /global/cscratch1/sd/andersp/hayward/image.cycle=141.z=0.mag.sw4img
writing image plane on file /global/cscratch1/sd/andersp/hayward/image.cycle=142.z=0.mag.sw4img
writing image plane on file /global/cscratch1/sd/andersp/hayward/image.cycle=143.z=0.mag.sw4img
writing image plane on file /global/cscratch1/sd/andersp/hayward/image.cycle=144.z=0.mag.sw4img
writing image plane on file /global/cscratch1/sd/andersp/hayward/image.cycle=145.z=0.mag.sw4img
writing image plane on file /global/cscratch1/sd/andersp/hayward/image.cycle=146.z=0.mag.sw4img
writing image plane on file /global/cscratch1/sd/andersp/hayward/image.cycle=147.z=0.mag.sw4img
writing image plane on file /global/cscratch1/sd/andersp/hayward/image.cycle=148.z=0.mag.sw4img
writing image plane on file /global/cscratch1/sd/andersp/hayward/image.cycle=149.z=0.mag.sw4img
writing image plane on file /global/cscratch1/sd/andersp/hayward/image.cycle=150.z=0.mag.sw4img
writing image plane on file /global/cscratch1/sd/andersp/hayward/image.cycle=151.z=0.mag.sw4img
writing image plane on file /global/cscratch1/sd/andersp/hayward/image.cycle=152.z=0.mag.sw4img
writing image plane on file /global/cscratch1/sd/andersp/hayward/image.cycle=153.z=0.mag.sw4img
writing image plane on file /global/cscratch1/sd/andersp/hayward/image.cycle=154.z=0.mag.sw4img
writing image plane on file /global/cscratch1/sd/andersp/hayward/image.cycle=155.z=0.mag.sw4img
writing image plane on file /global/cscratch1/sd/andersp/hayward/image.cycle=156.z=0.mag.sw4img
writing image plane on file /global/cscratch1/sd/andersp/hayward/image.cycle=157.z=0.mag.sw4img
writing image plane on file /global/cscratch1/sd/andersp/hayward/image.cycle=158.z=0.mag.sw4img
writing image plane on file /global/cscratch1/sd/andersp/hayward/image.cycle=159.z=0.mag.sw4img
writing image plane on file /global/cscratch1/sd/andersp/hayward/image.cycle=160.z=0.mag.sw4img
writing image plane on file /global/cscratch1/sd/andersp/hayward/image.cycle=161.z=0.mag.sw4img
writing image plane on file /global/cscratch1/sd/andersp/hayward/image.cycle=162.z=0.mag.sw4img
writing image plane on file /global/cscratch1/sd/andersp/hayward/image.cycle=163.z=0.mag.sw4img
writing image plane on file /global/cscratch1/sd/andersp/hayward/image.cycle=164.z=0.mag.sw4img
writing image plane on file /global/cscratch1/sd/andersp/hayward/image.cycle=165.z=0.mag.sw4img
writing image plane on file /global/cscratch1/sd/andersp/hayward/image.cycle=166.z=0.mag.sw4img
writing image plane on file /global/cscratch1/sd/andersp/hayward/image.cycle=167.z=0.mag.sw4img
writing image plane on file /global/cscratch1/sd/andersp/hayward/image.cycle=168.z=0.mag.sw4img
writing image plane on file /global/cscratch1/sd/andersp/hayward/image.cycle=169.z=0.mag.sw4img
writing image plane on file /global/cscratch1/sd/andersp/hayward/image.cycle=170.z=0.mag.sw4img
writing image plane on file /global/cscratch1/sd/andersp/hayward/image.cycle=171.z=0.mag.sw4img
writing image plane on file /global/cscratch1/sd/andersp/hayward/image.cycle=172.z=0.mag.sw4img
writing image plane on file /global/cscratch1/sd/andersp/hayward/image.cycle=173.z=0.mag.sw4img
writing image plane on file /global/cscratch1/sd/andersp/hayward/image.cycle=174.z=0.mag.sw4img
writing image plane on file /global/cscratch1/sd/andersp/hayward/image.cycle=175.z=0.mag.sw4img
writing image plane on file /global/cscratch1/sd/andersp/hayward/image.cycle=176.z=0.mag.sw4img
writing image plane on file /global/cscratch1/sd/andersp/hayward/image.cycle=177.z=0.mag.sw4img
writing image plane on file /global/cscratch1/sd/andersp/hayward/image.cycle=178.z=0.mag.sw4img
writing image plane on file /global/cscratch1/sd/andersp/hayward/image.cycle=179.z=0.mag.sw4img
writing image plane on file /global/cscratch1/sd/andersp/hayward/image.cycle=180.z=0.mag.sw4img
writing image plane on file /global/cscratch1/sd/andersp/hayward/image.cycle=181.z=0.mag.sw4img
writing image plane on file /global/cscratch1/sd/andersp/hayward/image.cycle=182.z=0.mag.sw4img
writing image plane on file /global/cscratch1/sd/andersp/hayward/image.cycle=183.z=0.mag.sw4img
writing image plane on file /global/cscratch1/sd/andersp/hayward/image.cycle=184.z=0.mag.sw4img
writing image plane on file /global/cscratch1/sd/andersp/hayward/image.cycle=185.z=0.mag.sw4img
writing image plane on file /global/cscratch1/sd/andersp/hayward/image.cycle=186.z=0.mag.sw4img
writing image plane on file /global/cscratch1/sd/andersp/hayward/image.cycle=187.z=0.mag.sw4img
writing image plane on file /global/cscratch1/sd/andersp/hayward/image.cycle=188.z=0.mag.sw4img
writing image plane on file /global/cscratch1/sd/andersp/hayward/image.cycle=189.z=0.mag.sw4img
writing image plane on file /global/cscratch1/sd/andersp/hayward/image.cycle=190.z=0.mag.sw4img
writing image plane on file /global/cscratch1/sd/andersp/hayward/image.cycle=191.z=0.mag.sw4img
writing image plane on file /global/cscratch1/sd/andersp/hayward/image.cycle=192.z=0.mag.sw4img
writing image plane on file /global/cscratch1/sd/andersp/hayward/image.cycle=193.z=0.mag.sw4img
writing image plane on file /global/cscratch1/sd/andersp/hayward/image.cycle=194.z=0.mag.sw4img
writing image plane on file /global/cscratch1/sd/andersp/hayward/image.cycle=195.z=0.mag.sw4img
writing image plane on file /global/cscratch1/sd/andersp/hayward/image.cycle=196.z=0.mag.sw4img
writing image plane on file /global/cscratch1/sd/andersp/hayward/image.cycle=197.z=0.mag.sw4img
writing image plane on file /global/cscratch1/sd/andersp/hayward/image.cycle=198.z=0.mag.sw4img
writing image plane on file /global/cscratch1/sd/andersp/hayward/image.cycle=199.z=0.mag.sw4img
writing image plane on file /global/cscratch1/sd/andersp/hayward/image.cycle=200.z=0.mag.sw4img
Time step     201  t =   1.8291203e+00
writing image plane on file /global/cscratch1/sd/andersp/hayward/image.cycle=201.z=0.mag.sw4img
writing image plane on file /global/cscratch1/sd/andersp/hayward/image.cycle=202.z=0.mag.sw4img
writing image plane on file /global/cscratch1/sd/andersp/hayward/image.cycle=203.z=0.mag.sw4img
writing image plane on file /global/cscratch1/sd/andersp/hayward/image.cycle=204.z=0.mag.sw4img
writing image plane on file /global/cscratch1/sd/andersp/hayward/image.cycle=205.z=0.mag.sw4img
writing image plane on file /global/cscratch1/sd/andersp/hayward/image.cycle=206.z=0.mag.sw4img
writing image plane on file /global/cscratch1/sd/andersp/hayward/image.cycle=207.z=0.mag.sw4img
writing image plane on file /global/cscratch1/sd/andersp/hayward/image.cycle=208.z=0.mag.sw4img
writing image plane on file /global/cscratch1/sd/andersp/hayward/image.cycle=209.z=0.mag.sw4img
writing image plane on file /global/cscratch1/sd/andersp/hayward/image.cycle=210.z=0.mag.sw4img
writing image plane on file /global/cscratch1/sd/andersp/hayward/image.cycle=211.z=0.mag.sw4img
writing image plane on file /global/cscratch1/sd/andersp/hayward/image.cycle=212.z=0.mag.sw4img
writing image plane on file /global/cscratch1/sd/andersp/hayward/image.cycle=213.z=0.mag.sw4img
writing image plane on file /global/cscratch1/sd/andersp/hayward/image.cycle=214.z=0.mag.sw4img
writing image plane on file /global/cscratch1/sd/andersp/hayward/image.cycle=215.z=0.mag.sw4img
writing image plane on file /global/cscratch1/sd/andersp/hayward/image.cycle=216.z=0.mag.sw4img
writing image plane on file /global/cscratch1/sd/andersp/hayward/image.cycle=217.z=0.mag.sw4img
writing image plane on file /global/cscratch1/sd/andersp/hayward/image.cycle=218.z=0.mag.sw4img
writing image plane on file /global/cscratch1/sd/andersp/hayward/image.cycle=219.z=0.mag.sw4img
writing image plane on file /global/cscratch1/sd/andersp/hayward/image.cycle=220.z=0.mag.sw4img
writing image plane on file /global/cscratch1/sd/andersp/hayward/image.cycle=221.z=0.mag.sw4img
writing image plane on file /global/cscratch1/sd/andersp/hayward/image.cycle=222.z=0.mag.sw4img
writing image plane on file /global/cscratch1/sd/andersp/hayward/image.cycle=223.z=0.mag.sw4img
writing image plane on file /global/cscratch1/sd/andersp/hayward/image.cycle=224.z=0.mag.sw4img
writing image plane on file /global/cscratch1/sd/andersp/hayward/image.cycle=225.z=0.mag.sw4img
writing image plane on file /global/cscratch1/sd/andersp/hayward/image.cycle=226.z=0.mag.sw4img
writing image plane on file /global/cscratch1/sd/andersp/hayward/image.cycle=227.z=0.mag.sw4img
writing image plane on file /global/cscratch1/sd/andersp/hayward/image.cycle=228.z=0.mag.sw4img
writing image plane on file /global/cscratch1/sd/andersp/hayward/image.cycle=229.z=0.mag.sw4img
writing image plane on file /global/cscratch1/sd/andersp/hayward/image.cycle=230.z=0.mag.sw4img
writing image plane on file /global/cscratch1/sd/andersp/hayward/image.cycle=231.z=0.mag.sw4img
writing image plane on file /global/cscratch1/sd/andersp/hayward/image.cycle=232.z=0.mag.sw4img
writing image plane on file /global/cscratch1/sd/andersp/hayward/image.cycle=233.z=0.mag.sw4img
writing image plane on file /global/cscratch1/sd/andersp/hayward/image.cycle=234.z=0.mag.sw4img
writing image plane on file /global/cscratch1/sd/andersp/hayward/image.cycle=235.z=0.mag.sw4img
writing image plane on file /global/cscratch1/sd/andersp/hayward/image.cycle=236.z=0.mag.sw4img
writing image plane on file /global/cscratch1/sd/andersp/hayward/image.cycle=237.z=0.mag.sw4img
writing image plane on file /global/cscratch1/sd/andersp/hayward/image.cycle=238.z=0.mag.sw4img
writing image plane on file /global/cscratch1/sd/andersp/hayward/image.cycle=239.z=0.mag.sw4img
writing image plane on file /global/cscratch1/sd/andersp/hayward/image.cycle=240.z=0.mag.sw4img
writing image plane on file /global/cscratch1/sd/andersp/hayward/image.cycle=241.z=0.mag.sw4img
writing image plane on file /global/cscratch1/sd/andersp/hayward/image.cycle=242.z=0.mag.sw4img
writing image plane on file /global/cscratch1/sd/andersp/hayward/image.cycle=243.z=0.mag.sw4img
writing image plane on file /global/cscratch1/sd/andersp/hayward/image.cycle=244.z=0.mag.sw4img
writing image plane on file /global/cscratch1/sd/andersp/hayward/image.cycle=245.z=0.mag.sw4img
writing image plane on file /global/cscratch1/sd/andersp/hayward/image.cycle=246.z=0.mag.sw4img
writing image plane on file /global/cscratch1/sd/andersp/hayward/image.cycle=247.z=0.mag.sw4img
writing image plane on file /global/cscratch1/sd/andersp/hayward/image.cycle=248.z=0.mag.sw4img
writing image plane on file /global/cscratch1/sd/andersp/hayward/image.cycle=249.z=0.mag.sw4img
writing image plane on file /global/cscratch1/sd/andersp/hayward/image.cycle=250.z=0.mag.sw4img
writing image plane on file /global/cscratch1/sd/andersp/hayward/image.cycle=251.z=0.mag.sw4img
writing image plane on file /global/cscratch1/sd/andersp/hayward/image.cycle=252.z=0.mag.sw4img
writing image plane on file /global/cscratch1/sd/andersp/hayward/image.cycle=253.z=0.mag.sw4img
writing image plane on file /global/cscratch1/sd/andersp/hayward/image.cycle=254.z=0.mag.sw4img
writing image plane on file /global/cscratch1/sd/andersp/hayward/image.cycle=255.z=0.mag.sw4img
writing image plane on file /global/cscratch1/sd/andersp/hayward/image.cycle=256.z=0.mag.sw4img
writing image plane on file /global/cscratch1/sd/andersp/hayward/image.cycle=257.z=0.mag.sw4img
writing image plane on file /global/cscratch1/sd/andersp/hayward/image.cycle=258.z=0.mag.sw4img
writing image plane on file /global/cscratch1/sd/andersp/hayward/image.cycle=259.z=0.mag.sw4img
writing image plane on file /global/cscratch1/sd/andersp/hayward/image.cycle=260.z=0.mag.sw4img
writing image plane on file /global/cscratch1/sd/andersp/hayward/image.cycle=261.z=0.mag.sw4img
writing image plane on file /global/cscratch1/sd/andersp/hayward/image.cycle=262.z=0.mag.sw4img
writing image plane on file /global/cscratch1/sd/andersp/hayward/image.cycle=263.z=0.mag.sw4img
writing image plane on file /global/cscratch1/sd/andersp/hayward/image.cycle=264.z=0.mag.sw4img
writing image plane on file /global/cscratch1/sd/andersp/hayward/image.cycle=265.z=0.mag.sw4img
writing image plane on file /global/cscratch1/sd/andersp/hayward/image.cycle=266.z=0.mag.sw4img
writing image plane on file /global/cscratch1/sd/andersp/hayward/image.cycle=267.z=0.mag.sw4img
writing image plane on file /global/cscratch1/sd/andersp/hayward/image.cycle=268.z=0.mag.sw4img
writing image plane on file /global/cscratch1/sd/andersp/hayward/image.cycle=269.z=0.mag.sw4img
writing image plane on file /global/cscratch1/sd/andersp/hayward/image.cycle=270.z=0.mag.sw4img
writing image plane on file /global/cscratch1/sd/andersp/hayward/image.cycle=271.z=0.mag.sw4img
writing image plane on file /global/cscratch1/sd/andersp/hayward/image.cycle=272.z=0.mag.sw4img
writing image plane on file /global/cscratch1/sd/andersp/hayward/image.cycle=273.z=0.mag.sw4img
writing image plane on file /global/cscratch1/sd/andersp/hayward/image.cycle=274.z=0.mag.sw4img
writing image plane on file /global/cscratch1/sd/andersp/hayward/image.cycle=275.z=0.mag.sw4img
writing image plane on file /global/cscratch1/sd/andersp/hayward/image.cycle=276.z=0.mag.sw4img
writing image plane on file /global/cscratch1/sd/andersp/hayward/image.cycle=277.z=0.mag.sw4img
writing image plane on file /global/cscratch1/sd/andersp/hayward/image.cycle=278.z=0.mag.sw4img
writing image plane on file /global/cscratch1/sd/andersp/hayward/image.cycle=279.z=0.mag.sw4img
writing image plane on file /global/cscratch1/sd/andersp/hayward/image.cycle=280.z=0.mag.sw4img
writing image plane on file /global/cscratch1/sd/andersp/hayward/image.cycle=281.z=0.mag.sw4img
writing image plane on file /global/cscratch1/sd/andersp/hayward/image.cycle=282.z=0.mag.sw4img
writing image plane on file /global/cscratch1/sd/andersp/hayward/image.cycle=283.z=0.mag.sw4img
writing image plane on file /global/cscratch1/sd/andersp/hayward/image.cycle=284.z=0.mag.sw4img
writing image plane on file /global/cscratch1/sd/andersp/hayward/image.cycle=285.z=0.mag.sw4img
writing image plane on file /global/cscratch1/sd/andersp/hayward/image.cycle=286.z=0.mag.sw4img
writing image plane on file /global/cscratch1/sd/andersp/hayward/image.cycle=287.z=0.mag.sw4img
writing image plane on file /global/cscratch1/sd/andersp/hayward/image.cycle=288.z=0.mag.sw4img
writing image plane on file /global/cscratch1/sd/andersp/hayward/image.cycle=289.z=0.mag.sw4img
writing image plane on file /global/cscratch1/sd/andersp/hayward/image.cycle=290.z=0.mag.sw4img
writing image plane on file /global/cscratch1/sd/andersp/hayward/image.cycle=291.z=0.mag.sw4img
writing image plane on file /global/cscratch1/sd/andersp/hayward/image.cycle=292.z=0.mag.sw4img
writing image plane on file /global/cscratch1/sd/andersp/hayward/image.cycle=293.z=0.mag.sw4img
writing image plane on file /global/cscratch1/sd/andersp/hayward/image.cycle=294.z=0.mag.sw4img
writing image plane on file /global/cscratch1/sd/andersp/hayward/image.cycle=295.z=0.mag.sw4img
writing image plane on file /global/cscratch1/sd/andersp/hayward/image.cycle=296.z=0.mag.sw4img
writing image plane on file /global/cscratch1/sd/andersp/hayward/image.cycle=297.z=0.mag.sw4img
writing image plane on file /global/cscratch1/sd/andersp/hayward/image.cycle=298.z=0.mag.sw4img
writing image plane on file /global/cscratch1/sd/andersp/hayward/image.cycle=299.z=0.mag.sw4img
writing image plane on file /global/cscratch1/sd/andersp/hayward/image.cycle=300.z=0.mag.sw4img
Time step     301  t =   2.7391304e+00
writing image plane on file /global/cscratch1/sd/andersp/hayward/image.cycle=301.z=0.mag.sw4img
writing image plane on file /global/cscratch1/sd/andersp/hayward/image.cycle=302.z=0.mag.sw4img
writing image plane on file /global/cscratch1/sd/andersp/hayward/image.cycle=303.z=0.mag.sw4img
writing image plane on file /global/cscratch1/sd/andersp/hayward/image.cycle=304.z=0.mag.sw4img
writing image plane on file /global/cscratch1/sd/andersp/hayward/image.cycle=305.z=0.mag.sw4img
writing image plane on file /global/cscratch1/sd/andersp/hayward/image.cycle=306.z=0.mag.sw4img
writing image plane on file /global/cscratch1/sd/andersp/hayward/image.cycle=307.z=0.mag.sw4img
writing image plane on file /global/cscratch1/sd/andersp/hayward/image.cycle=308.z=0.mag.sw4img
writing image plane on file /global/cscratch1/sd/andersp/hayward/image.cycle=309.z=0.mag.sw4img
writing image plane on file /global/cscratch1/sd/andersp/hayward/image.cycle=310.z=0.mag.sw4img
writing image plane on file /global/cscratch1/sd/andersp/hayward/image.cycle=311.z=0.mag.sw4img
writing image plane on file /global/cscratch1/sd/andersp/hayward/image.cycle=312.z=0.mag.sw4img
writing image plane on file /global/cscratch1/sd/andersp/hayward/image.cycle=313.z=0.mag.sw4img
writing image plane on file /global/cscratch1/sd/andersp/hayward/image.cycle=314.z=0.mag.sw4img
writing image plane on file /global/cscratch1/sd/andersp/hayward/image.cycle=315.z=0.mag.sw4img
writing image plane on file /global/cscratch1/sd/andersp/hayward/image.cycle=316.z=0.mag.sw4img
writing image plane on file /global/cscratch1/sd/andersp/hayward/image.cycle=317.z=0.mag.sw4img
writing image plane on file /global/cscratch1/sd/andersp/hayward/image.cycle=318.z=0.mag.sw4img
writing image plane on file /global/cscratch1/sd/andersp/hayward/image.cycle=319.z=0.mag.sw4img
writing image plane on file /global/cscratch1/sd/andersp/hayward/image.cycle=320.z=0.mag.sw4img
writing image plane on file /global/cscratch1/sd/andersp/hayward/image.cycle=321.z=0.mag.sw4img
writing image plane on file /global/cscratch1/sd/andersp/hayward/image.cycle=322.z=0.mag.sw4img
writing image plane on file /global/cscratch1/sd/andersp/hayward/image.cycle=323.z=0.mag.sw4img
writing image plane on file /global/cscratch1/sd/andersp/hayward/image.cycle=324.z=0.mag.sw4img
writing image plane on file /global/cscratch1/sd/andersp/hayward/image.cycle=325.z=0.mag.sw4img
writing image plane on file /global/cscratch1/sd/andersp/hayward/image.cycle=326.z=0.mag.sw4img
writing image plane on file /global/cscratch1/sd/andersp/hayward/image.cycle=327.z=0.mag.sw4img
writing image plane on file /global/cscratch1/sd/andersp/hayward/image.cycle=328.z=0.mag.sw4img
writing image plane on file /global/cscratch1/sd/andersp/hayward/image.cycle=329.z=0.mag.sw4img
writing image plane on file /global/cscratch1/sd/andersp/hayward/image.cycle=330.z=0.mag.sw4img
writing image plane on file /global/cscratch1/sd/andersp/hayward/image.cycle=331.z=0.mag.sw4img
writing image plane on file /global/cscratch1/sd/andersp/hayward/image.cycle=332.z=0.mag.sw4img
writing image plane on file /global/cscratch1/sd/andersp/hayward/image.cycle=333.z=0.mag.sw4img
writing image plane on file /global/cscratch1/sd/andersp/hayward/image.cycle=334.z=0.mag.sw4img
writing image plane on file /global/cscratch1/sd/andersp/hayward/image.cycle=335.z=0.mag.sw4img
writing image plane on file /global/cscratch1/sd/andersp/hayward/image.cycle=336.z=0.mag.sw4img
writing image plane on file /global/cscratch1/sd/andersp/hayward/image.cycle=337.z=0.mag.sw4img
writing image plane on file /global/cscratch1/sd/andersp/hayward/image.cycle=338.z=0.mag.sw4img
writing image plane on file /global/cscratch1/sd/andersp/hayward/image.cycle=339.z=0.mag.sw4img
writing image plane on file /global/cscratch1/sd/andersp/hayward/image.cycle=340.z=0.mag.sw4img
writing image plane on file /global/cscratch1/sd/andersp/hayward/image.cycle=341.z=0.mag.sw4img
writing image plane on file /global/cscratch1/sd/andersp/hayward/image.cycle=342.z=0.mag.sw4img
writing image plane on file /global/cscratch1/sd/andersp/hayward/image.cycle=343.z=0.mag.sw4img
writing image plane on file /global/cscratch1/sd/andersp/hayward/image.cycle=344.z=0.mag.sw4img
writing image plane on file /global/cscratch1/sd/andersp/hayward/image.cycle=345.z=0.mag.sw4img
writing image plane on file /global/cscratch1/sd/andersp/hayward/image.cycle=346.z=0.mag.sw4img
writing image plane on file /global/cscratch1/sd/andersp/hayward/image.cycle=347.z=0.mag.sw4img
writing image plane on file /global/cscratch1/sd/andersp/hayward/image.cycle=348.z=0.mag.sw4img
writing image plane on file /global/cscratch1/sd/andersp/hayward/image.cycle=349.z=0.mag.sw4img
writing image plane on file /global/cscratch1/sd/andersp/hayward/image.cycle=350.z=0.mag.sw4img
writing image plane on file /global/cscratch1/sd/andersp/hayward/image.cycle=351.z=0.mag.sw4img
writing image plane on file /global/cscratch1/sd/andersp/hayward/image.cycle=352.z=0.mag.sw4img
writing image plane on file /global/cscratch1/sd/andersp/hayward/image.cycle=353.z=0.mag.sw4img
writing image plane on file /global/cscratch1/sd/andersp/hayward/image.cycle=354.z=0.mag.sw4img
writing image plane on file /global/cscratch1/sd/andersp/hayward/image.cycle=355.z=0.mag.sw4img
writing image plane on file /global/cscratch1/sd/andersp/hayward/image.cycle=356.z=0.mag.sw4img
writing image plane on file /global/cscratch1/sd/andersp/hayward/image.cycle=357.z=0.mag.sw4img
writing image plane on file /global/cscratch1/sd/andersp/hayward/image.cycle=358.z=0.mag.sw4img
writing image plane on file /global/cscratch1/sd/andersp/hayward/image.cycle=359.z=0.mag.sw4img
writing image plane on file /global/cscratch1/sd/andersp/hayward/image.cycle=360.z=0.mag.sw4img
writing image plane on file /global/cscratch1/sd/andersp/hayward/image.cycle=361.z=0.mag.sw4img
writing image plane on file /global/cscratch1/sd/andersp/hayward/image.cycle=362.z=0.mag.sw4img
writing image plane on file /global/cscratch1/sd/andersp/hayward/image.cycle=363.z=0.mag.sw4img
writing image plane on file /global/cscratch1/sd/andersp/hayward/image.cycle=364.z=0.mag.sw4img
writing image plane on file /global/cscratch1/sd/andersp/hayward/image.cycle=365.z=0.mag.sw4img
writing image plane on file /global/cscratch1/sd/andersp/hayward/image.cycle=366.z=0.mag.sw4img
writing image plane on file /global/cscratch1/sd/andersp/hayward/image.cycle=367.z=0.mag.sw4img
writing image plane on file /global/cscratch1/sd/andersp/hayward/image.cycle=368.z=0.mag.sw4img
writing image plane on file /global/cscratch1/sd/andersp/hayward/image.cycle=369.z=0.mag.sw4img
writing image plane on file /global/cscratch1/sd/andersp/hayward/image.cycle=370.z=0.mag.sw4img
writing image plane on file /global/cscratch1/sd/andersp/hayward/image.cycle=371.z=0.mag.sw4img
writing image plane on file /global/cscratch1/sd/andersp/hayward/image.cycle=372.z=0.mag.sw4img
writing image plane on file /global/cscratch1/sd/andersp/hayward/image.cycle=373.z=0.mag.sw4img
writing image plane on file /global/cscratch1/sd/andersp/hayward/image.cycle=374.z=0.mag.sw4img
writing image plane on file /global/cscratch1/sd/andersp/hayward/image.cycle=375.z=0.mag.sw4img
writing image plane on file /global/cscratch1/sd/andersp/hayward/image.cycle=376.z=0.mag.sw4img
writing image plane on file /global/cscratch1/sd/andersp/hayward/image.cycle=377.z=0.mag.sw4img
writing image plane on file /global/cscratch1/sd/andersp/hayward/image.cycle=378.z=0.mag.sw4img
writing image plane on file /global/cscratch1/sd/andersp/hayward/image.cycle=379.z=0.mag.sw4img
writing image plane on file /global/cscratch1/sd/andersp/hayward/image.cycle=380.z=0.mag.sw4img
writing image plane on file /global/cscratch1/sd/andersp/hayward/image.cycle=381.z=0.mag.sw4img
writing image plane on file /global/cscratch1/sd/andersp/hayward/image.cycle=382.z=0.mag.sw4img
writing image plane on file /global/cscratch1/sd/andersp/hayward/image.cycle=383.z=0.mag.sw4img
writing image plane on file /global/cscratch1/sd/andersp/hayward/image.cycle=384.z=0.mag.sw4img
writing image plane on file /global/cscratch1/sd/andersp/hayward/image.cycle=385.z=0.mag.sw4img
writing image plane on file /global/cscratch1/sd/andersp/hayward/image.cycle=386.z=0.mag.sw4img
writing image plane on file /global/cscratch1/sd/andersp/hayward/image.cycle=387.z=0.mag.sw4img
writing image plane on file /global/cscratch1/sd/andersp/hayward/image.cycle=388.z=0.mag.sw4img
writing image plane on file /global/cscratch1/sd/andersp/hayward/image.cycle=389.z=0.mag.sw4img
writing image plane on file /global/cscratch1/sd/andersp/hayward/image.cycle=390.z=0.mag.sw4img
writing image plane on file /global/cscratch1/sd/andersp/hayward/image.cycle=391.z=0.mag.sw4img
writing image plane on file /global/cscratch1/sd/andersp/hayward/image.cycle=392.z=0.mag.sw4img
writing image plane on file /global/cscratch1/sd/andersp/hayward/image.cycle=393.z=0.mag.sw4img
writing image plane on file /global/cscratch1/sd/andersp/hayward/image.cycle=394.z=0.mag.sw4img
writing image plane on file /global/cscratch1/sd/andersp/hayward/image.cycle=395.z=0.mag.sw4img
writing image plane on file /global/cscratch1/sd/andersp/hayward/image.cycle=396.z=0.mag.sw4img
writing image plane on file /global/cscratch1/sd/andersp/hayward/image.cycle=397.z=0.mag.sw4img
writing image plane on file /global/cscratch1/sd/andersp/hayward/image.cycle=398.z=0.mag.sw4img
writing image plane on file /global/cscratch1/sd/andersp/hayward/image.cycle=399.z=0.mag.sw4img
writing image plane on file /global/cscratch1/sd/andersp/hayward/image.cycle=400.z=0.mag.sw4img
Time step     401  t =   3.6491405e+00
writing image plane on file /global/cscratch1/sd/andersp/hayward/image.cycle=401.z=0.mag.sw4img
writing image plane on file /global/cscratch1/sd/andersp/hayward/image.cycle=402.z=0.mag.sw4img
writing image plane on file /global/cscratch1/sd/andersp/hayward/image.cycle=403.z=0.mag.sw4img
writing image plane on file /global/cscratch1/sd/andersp/hayward/image.cycle=404.z=0.mag.sw4img
writing image plane on file /global/cscratch1/sd/andersp/hayward/image.cycle=405.z=0.mag.sw4img
writing image plane on file /global/cscratch1/sd/andersp/hayward/image.cycle=406.z=0.mag.sw4img
writing image plane on file /global/cscratch1/sd/andersp/hayward/image.cycle=407.z=0.mag.sw4img
writing image plane on file /global/cscratch1/sd/andersp/hayward/image.cycle=408.z=0.mag.sw4img
writing image plane on file /global/cscratch1/sd/andersp/hayward/image.cycle=409.z=0.mag.sw4img
writing image plane on file /global/cscratch1/sd/andersp/hayward/image.cycle=410.z=0.mag.sw4img
writing image plane on file /global/cscratch1/sd/andersp/hayward/image.cycle=411.z=0.mag.sw4img
writing image plane on file /global/cscratch1/sd/andersp/hayward/image.cycle=412.z=0.mag.sw4img
writing image plane on file /global/cscratch1/sd/andersp/hayward/image.cycle=413.z=0.mag.sw4img
writing image plane on file /global/cscratch1/sd/andersp/hayward/image.cycle=414.z=0.mag.sw4img
writing image plane on file /global/cscratch1/sd/andersp/hayward/image.cycle=415.z=0.mag.sw4img
writing image plane on file /global/cscratch1/sd/andersp/hayward/image.cycle=416.z=0.mag.sw4img
writing image plane on file /global/cscratch1/sd/andersp/hayward/image.cycle=417.z=0.mag.sw4img
writing image plane on file /global/cscratch1/sd/andersp/hayward/image.cycle=418.z=0.mag.sw4img
writing image plane on file /global/cscratch1/sd/andersp/hayward/image.cycle=419.z=0.mag.sw4img
writing image plane on file /global/cscratch1/sd/andersp/hayward/image.cycle=420.z=0.mag.sw4img
writing image plane on file /global/cscratch1/sd/andersp/hayward/image.cycle=421.z=0.mag.sw4img
writing image plane on file /global/cscratch1/sd/andersp/hayward/image.cycle=422.z=0.mag.sw4img
writing image plane on file /global/cscratch1/sd/andersp/hayward/image.cycle=423.z=0.mag.sw4img
writing image plane on file /global/cscratch1/sd/andersp/hayward/image.cycle=424.z=0.mag.sw4img
writing image plane on file /global/cscratch1/sd/andersp/hayward/image.cycle=425.z=0.mag.sw4img
writing image plane on file /global/cscratch1/sd/andersp/hayward/image.cycle=426.z=0.mag.sw4img
writing image plane on file /global/cscratch1/sd/andersp/hayward/image.cycle=427.z=0.mag.sw4img
writing image plane on file /global/cscratch1/sd/andersp/hayward/image.cycle=428.z=0.mag.sw4img
writing image plane on file /global/cscratch1/sd/andersp/hayward/image.cycle=429.z=0.mag.sw4img
writing image plane on file /global/cscratch1/sd/andersp/hayward/image.cycle=430.z=0.mag.sw4img
writing image plane on file /global/cscratch1/sd/andersp/hayward/image.cycle=431.z=0.mag.sw4img
writing image plane on file /global/cscratch1/sd/andersp/hayward/image.cycle=432.z=0.mag.sw4img
writing image plane on file /global/cscratch1/sd/andersp/hayward/image.cycle=433.z=0.mag.sw4img
writing image plane on file /global/cscratch1/sd/andersp/hayward/image.cycle=434.z=0.mag.sw4img
writing image plane on file /global/cscratch1/sd/andersp/hayward/image.cycle=435.z=0.mag.sw4img
writing image plane on file /global/cscratch1/sd/andersp/hayward/image.cycle=436.z=0.mag.sw4img
writing image plane on file /global/cscratch1/sd/andersp/hayward/image.cycle=437.z=0.mag.sw4img
writing image plane on file /global/cscratch1/sd/andersp/hayward/image.cycle=438.z=0.mag.sw4img
writing image plane on file /global/cscratch1/sd/andersp/hayward/image.cycle=439.z=0.mag.sw4img
writing image plane on file /global/cscratch1/sd/andersp/hayward/image.cycle=440.z=0.mag.sw4img
writing image plane on file /global/cscratch1/sd/andersp/hayward/image.cycle=441.z=0.mag.sw4img
writing image plane on file /global/cscratch1/sd/andersp/hayward/image.cycle=442.z=0.mag.sw4img
writing image plane on file /global/cscratch1/sd/andersp/hayward/image.cycle=443.z=0.mag.sw4img
writing image plane on file /global/cscratch1/sd/andersp/hayward/image.cycle=444.z=0.mag.sw4img
writing image plane on file /global/cscratch1/sd/andersp/hayward/image.cycle=445.z=0.mag.sw4img
writing image plane on file /global/cscratch1/sd/andersp/hayward/image.cycle=446.z=0.mag.sw4img
writing image plane on file /global/cscratch1/sd/andersp/hayward/image.cycle=447.z=0.mag.sw4img
writing image plane on file /global/cscratch1/sd/andersp/hayward/image.cycle=448.z=0.mag.sw4img
writing image plane on file /global/cscratch1/sd/andersp/hayward/image.cycle=449.z=0.mag.sw4img
writing image plane on file /global/cscratch1/sd/andersp/hayward/image.cycle=450.z=0.mag.sw4img
writing image plane on file /global/cscratch1/sd/andersp/hayward/image.cycle=451.z=0.mag.sw4img
writing image plane on file /global/cscratch1/sd/andersp/hayward/image.cycle=452.z=0.mag.sw4img
writing image plane on file /global/cscratch1/sd/andersp/hayward/image.cycle=453.z=0.mag.sw4img
writing image plane on file /global/cscratch1/sd/andersp/hayward/image.cycle=454.z=0.mag.sw4img
writing image plane on file /global/cscratch1/sd/andersp/hayward/image.cycle=455.z=0.mag.sw4img
writing image plane on file /global/cscratch1/sd/andersp/hayward/image.cycle=456.z=0.mag.sw4img
writing image plane on file /global/cscratch1/sd/andersp/hayward/image.cycle=457.z=0.mag.sw4img
writing image plane on file /global/cscratch1/sd/andersp/hayward/image.cycle=458.z=0.mag.sw4img
writing image plane on file /global/cscratch1/sd/andersp/hayward/image.cycle=459.z=0.mag.sw4img
writing image plane on file /global/cscratch1/sd/andersp/hayward/image.cycle=460.z=0.mag.sw4img
writing image plane on file /global/cscratch1/sd/andersp/hayward/image.cycle=461.z=0.mag.sw4img
writing image plane on file /global/cscratch1/sd/andersp/hayward/image.cycle=462.z=0.mag.sw4img
writing image plane on file /global/cscratch1/sd/andersp/hayward/image.cycle=463.z=0.mag.sw4img
writing image plane on file /global/cscratch1/sd/andersp/hayward/image.cycle=464.z=0.mag.sw4img
writing image plane on file /global/cscratch1/sd/andersp/hayward/image.cycle=465.z=0.mag.sw4img
writing image plane on file /global/cscratch1/sd/andersp/hayward/image.cycle=466.z=0.mag.sw4img
writing image plane on file /global/cscratch1/sd/andersp/hayward/image.cycle=467.z=0.mag.sw4img
writing image plane on file /global/cscratch1/sd/andersp/hayward/image.cycle=468.z=0.mag.sw4img
writing image plane on file /global/cscratch1/sd/andersp/hayward/image.cycle=469.z=0.mag.sw4img
writing image plane on file /global/cscratch1/sd/andersp/hayward/image.cycle=470.z=0.mag.sw4img
writing image plane on file /global/cscratch1/sd/andersp/hayward/image.cycle=471.z=0.mag.sw4img
writing image plane on file /global/cscratch1/sd/andersp/hayward/image.cycle=472.z=0.mag.sw4img
writing image plane on file /global/cscratch1/sd/andersp/hayward/image.cycle=473.z=0.mag.sw4img
writing image plane on file /global/cscratch1/sd/andersp/hayward/image.cycle=474.z=0.mag.sw4img
writing image plane on file /global/cscratch1/sd/andersp/hayward/image.cycle=475.z=0.mag.sw4img
writing image plane on file /global/cscratch1/sd/andersp/hayward/image.cycle=476.z=0.mag.sw4img
writing image plane on file /global/cscratch1/sd/andersp/hayward/image.cycle=477.z=0.mag.sw4img
writing image plane on file /global/cscratch1/sd/andersp/hayward/image.cycle=478.z=0.mag.sw4img
writing image plane on file /global/cscratch1/sd/andersp/hayward/image.cycle=479.z=0.mag.sw4img
writing image plane on file /global/cscratch1/sd/andersp/hayward/image.cycle=480.z=0.mag.sw4img
writing image plane on file /global/cscratch1/sd/andersp/hayward/image.cycle=481.z=0.mag.sw4img
writing image plane on file /global/cscratch1/sd/andersp/hayward/image.cycle=482.z=0.mag.sw4img
writing image plane on file /global/cscratch1/sd/andersp/hayward/image.cycle=483.z=0.mag.sw4img
writing image plane on file /global/cscratch1/sd/andersp/hayward/image.cycle=484.z=0.mag.sw4img
writing image plane on file /global/cscratch1/sd/andersp/hayward/image.cycle=485.z=0.mag.sw4img
writing image plane on file /global/cscratch1/sd/andersp/hayward/image.cycle=486.z=0.mag.sw4img
writing image plane on file /global/cscratch1/sd/andersp/hayward/image.cycle=487.z=0.mag.sw4img
writing image plane on file /global/cscratch1/sd/andersp/hayward/image.cycle=488.z=0.mag.sw4img
writing image plane on file /global/cscratch1/sd/andersp/hayward/image.cycle=489.z=0.mag.sw4img
writing image plane on file /global/cscratch1/sd/andersp/hayward/image.cycle=490.z=0.mag.sw4img
writing image plane on file /global/cscratch1/sd/andersp/hayward/image.cycle=491.z=0.mag.sw4img
writing image plane on file /global/cscratch1/sd/andersp/hayward/image.cycle=492.z=0.mag.sw4img
writing image plane on file /global/cscratch1/sd/andersp/hayward/image.cycle=493.z=0.mag.sw4img
writing image plane on file /global/cscratch1/sd/andersp/hayward/image.cycle=494.z=0.mag.sw4img
writing image plane on file /global/cscratch1/sd/andersp/hayward/image.cycle=495.z=0.mag.sw4img
writing image plane on file /global/cscratch1/sd/andersp/hayward/image.cycle=496.z=0.mag.sw4img
writing image plane on file /global/cscratch1/sd/andersp/hayward/image.cycle=497.z=0.mag.sw4img
writing image plane on file /global/cscratch1/sd/andersp/hayward/image.cycle=498.z=0.mag.sw4img
writing image plane on file /global/cscratch1/sd/andersp/hayward/image.cycle=499.z=0.mag.sw4img
writing image plane on file /global/cscratch1/sd/andersp/hayward/image.cycle=500.z=0.mag.sw4img
Time step     501  t =   4.5591507e+00
writing image plane on file /global/cscratch1/sd/andersp/hayward/image.cycle=501.z=0.mag.sw4img
writing image plane on file /global/cscratch1/sd/andersp/hayward/image.cycle=502.z=0.mag.sw4img
writing image plane on file /global/cscratch1/sd/andersp/hayward/image.cycle=503.z=0.mag.sw4img
writing image plane on file /global/cscratch1/sd/andersp/hayward/image.cycle=504.z=0.mag.sw4img
writing image plane on file /global/cscratch1/sd/andersp/hayward/image.cycle=505.z=0.mag.sw4img
writing image plane on file /global/cscratch1/sd/andersp/hayward/image.cycle=506.z=0.mag.sw4img
writing image plane on file /global/cscratch1/sd/andersp/hayward/image.cycle=507.z=0.mag.sw4img
writing image plane on file /global/cscratch1/sd/andersp/hayward/image.cycle=508.z=0.mag.sw4img
writing image plane on file /global/cscratch1/sd/andersp/hayward/image.cycle=509.z=0.mag.sw4img
writing image plane on file /global/cscratch1/sd/andersp/hayward/image.cycle=510.z=0.mag.sw4img
writing image plane on file /global/cscratch1/sd/andersp/hayward/image.cycle=511.z=0.mag.sw4img
writing image plane on file /global/cscratch1/sd/andersp/hayward/image.cycle=512.z=0.mag.sw4img
writing image plane on file /global/cscratch1/sd/andersp/hayward/image.cycle=513.z=0.mag.sw4img
writing image plane on file /global/cscratch1/sd/andersp/hayward/image.cycle=514.z=0.mag.sw4img
writing image plane on file /global/cscratch1/sd/andersp/hayward/image.cycle=515.z=0.mag.sw4img
writing image plane on file /global/cscratch1/sd/andersp/hayward/image.cycle=516.z=0.mag.sw4img
writing image plane on file /global/cscratch1/sd/andersp/hayward/image.cycle=517.z=0.mag.sw4img
writing image plane on file /global/cscratch1/sd/andersp/hayward/image.cycle=518.z=0.mag.sw4img
writing image plane on file /global/cscratch1/sd/andersp/hayward/image.cycle=519.z=0.mag.sw4img
writing image plane on file /global/cscratch1/sd/andersp/hayward/image.cycle=520.z=0.mag.sw4img
writing image plane on file /global/cscratch1/sd/andersp/hayward/image.cycle=521.z=0.mag.sw4img
writing image plane on file /global/cscratch1/sd/andersp/hayward/image.cycle=522.z=0.mag.sw4img
writing image plane on file /global/cscratch1/sd/andersp/hayward/image.cycle=523.z=0.mag.sw4img
writing image plane on file /global/cscratch1/sd/andersp/hayward/image.cycle=524.z=0.mag.sw4img
writing image plane on file /global/cscratch1/sd/andersp/hayward/image.cycle=525.z=0.mag.sw4img
writing image plane on file /global/cscratch1/sd/andersp/hayward/image.cycle=526.z=0.mag.sw4img
writing image plane on file /global/cscratch1/sd/andersp/hayward/image.cycle=527.z=0.mag.sw4img
writing image plane on file /global/cscratch1/sd/andersp/hayward/image.cycle=528.z=0.mag.sw4img
writing image plane on file /global/cscratch1/sd/andersp/hayward/image.cycle=529.z=0.mag.sw4img
writing image plane on file /global/cscratch1/sd/andersp/hayward/image.cycle=530.z=0.mag.sw4img
writing image plane on file /global/cscratch1/sd/andersp/hayward/image.cycle=531.z=0.mag.sw4img
writing image plane on file /global/cscratch1/sd/andersp/hayward/image.cycle=532.z=0.mag.sw4img
writing image plane on file /global/cscratch1/sd/andersp/hayward/image.cycle=533.z=0.mag.sw4img
writing image plane on file /global/cscratch1/sd/andersp/hayward/image.cycle=534.z=0.mag.sw4img
writing image plane on file /global/cscratch1/sd/andersp/hayward/image.cycle=535.z=0.mag.sw4img
writing image plane on file /global/cscratch1/sd/andersp/hayward/image.cycle=536.z=0.mag.sw4img
writing image plane on file /global/cscratch1/sd/andersp/hayward/image.cycle=537.z=0.mag.sw4img
writing image plane on file /global/cscratch1/sd/andersp/hayward/image.cycle=538.z=0.mag.sw4img
writing image plane on file /global/cscratch1/sd/andersp/hayward/image.cycle=539.z=0.mag.sw4img
writing image plane on file /global/cscratch1/sd/andersp/hayward/image.cycle=540.z=0.mag.sw4img
writing image plane on file /global/cscratch1/sd/andersp/hayward/image.cycle=541.z=0.mag.sw4img
writing image plane on file /global/cscratch1/sd/andersp/hayward/image.cycle=542.z=0.mag.sw4img
writing image plane on file /global/cscratch1/sd/andersp/hayward/image.cycle=543.z=0.mag.sw4img
writing image plane on file /global/cscratch1/sd/andersp/hayward/image.cycle=544.z=0.mag.sw4img
writing image plane on file /global/cscratch1/sd/andersp/hayward/image.cycle=545.z=0.mag.sw4img
writing image plane on file /global/cscratch1/sd/andersp/hayward/image.cycle=546.z=0.mag.sw4img
writing image plane on file /global/cscratch1/sd/andersp/hayward/image.cycle=547.z=0.mag.sw4img
writing image plane on file /global/cscratch1/sd/andersp/hayward/image.cycle=548.z=0.mag.sw4img
writing image plane on file /global/cscratch1/sd/andersp/hayward/image.cycle=549.z=0.mag.sw4img
writing image plane on file /global/cscratch1/sd/andersp/hayward/image.cycle=550.z=0.mag.sw4img
writing image plane on file /global/cscratch1/sd/andersp/hayward/image.cycle=551.z=0.mag.sw4img
writing image plane on file /global/cscratch1/sd/andersp/hayward/image.cycle=552.z=0.mag.sw4img
writing image plane on file /global/cscratch1/sd/andersp/hayward/image.cycle=553.z=0.mag.sw4img
writing image plane on file /global/cscratch1/sd/andersp/hayward/image.cycle=554.z=0.mag.sw4img
writing image plane on file /global/cscratch1/sd/andersp/hayward/image.cycle=555.z=0.mag.sw4img
writing image plane on file /global/cscratch1/sd/andersp/hayward/image.cycle=556.z=0.mag.sw4img
writing image plane on file /global/cscratch1/sd/andersp/hayward/image.cycle=557.z=0.mag.sw4img
writing image plane on file /global/cscratch1/sd/andersp/hayward/image.cycle=558.z=0.mag.sw4img
writing image plane on file /global/cscratch1/sd/andersp/hayward/image.cycle=559.z=0.mag.sw4img
writing image plane on file /global/cscratch1/sd/andersp/hayward/image.cycle=560.z=0.mag.sw4img
writing image plane on file /global/cscratch1/sd/andersp/hayward/image.cycle=561.z=0.mag.sw4img
writing image plane on file /global/cscratch1/sd/andersp/hayward/image.cycle=562.z=0.mag.sw4img
writing image plane on file /global/cscratch1/sd/andersp/hayward/image.cycle=563.z=0.mag.sw4img
writing image plane on file /global/cscratch1/sd/andersp/hayward/image.cycle=564.z=0.mag.sw4img
writing image plane on file /global/cscratch1/sd/andersp/hayward/image.cycle=565.z=0.mag.sw4img
writing image plane on file /global/cscratch1/sd/andersp/hayward/image.cycle=566.z=0.mag.sw4img
writing image plane on file /global/cscratch1/sd/andersp/hayward/image.cycle=567.z=0.mag.sw4img
writing image plane on file /global/cscratch1/sd/andersp/hayward/image.cycle=568.z=0.mag.sw4img
writing image plane on file /global/cscratch1/sd/andersp/hayward/image.cycle=569.z=0.mag.sw4img
writing image plane on file /global/cscratch1/sd/andersp/hayward/image.cycle=570.z=0.mag.sw4img
writing image plane on file /global/cscratch1/sd/andersp/hayward/image.cycle=571.z=0.mag.sw4img
writing image plane on file /global/cscratch1/sd/andersp/hayward/image.cycle=572.z=0.mag.sw4img
writing image plane on file /global/cscratch1/sd/andersp/hayward/image.cycle=573.z=0.mag.sw4img
writing image plane on file /global/cscratch1/sd/andersp/hayward/image.cycle=574.z=0.mag.sw4img
writing image plane on file /global/cscratch1/sd/andersp/hayward/image.cycle=575.z=0.mag.sw4img
writing image plane on file /global/cscratch1/sd/andersp/hayward/image.cycle=576.z=0.mag.sw4img
writing image plane on file /global/cscratch1/sd/andersp/hayward/image.cycle=577.z=0.mag.sw4img
writing image plane on file /global/cscratch1/sd/andersp/hayward/image.cycle=578.z=0.mag.sw4img
writing image plane on file /global/cscratch1/sd/andersp/hayward/image.cycle=579.z=0.mag.sw4img
writing image plane on file /global/cscratch1/sd/andersp/hayward/image.cycle=580.z=0.mag.sw4img
writing image plane on file /global/cscratch1/sd/andersp/hayward/image.cycle=581.z=0.mag.sw4img
writing image plane on file /global/cscratch1/sd/andersp/hayward/image.cycle=582.z=0.mag.sw4img
writing image plane on file /global/cscratch1/sd/andersp/hayward/image.cycle=583.z=0.mag.sw4img
writing image plane on file /global/cscratch1/sd/andersp/hayward/image.cycle=584.z=0.mag.sw4img
writing image plane on file /global/cscratch1/sd/andersp/hayward/image.cycle=585.z=0.mag.sw4img
writing image plane on file /global/cscratch1/sd/andersp/hayward/image.cycle=586.z=0.mag.sw4img
writing image plane on file /global/cscratch1/sd/andersp/hayward/image.cycle=587.z=0.mag.sw4img
writing image plane on file /global/cscratch1/sd/andersp/hayward/image.cycle=588.z=0.mag.sw4img
writing image plane on file /global/cscratch1/sd/andersp/hayward/image.cycle=589.z=0.mag.sw4img
writing image plane on file /global/cscratch1/sd/andersp/hayward/image.cycle=590.z=0.mag.sw4img
writing image plane on file /global/cscratch1/sd/andersp/hayward/image.cycle=591.z=0.mag.sw4img
writing image plane on file /global/cscratch1/sd/andersp/hayward/image.cycle=592.z=0.mag.sw4img
writing image plane on file /global/cscratch1/sd/andersp/hayward/image.cycle=593.z=0.mag.sw4img
writing image plane on file /global/cscratch1/sd/andersp/hayward/image.cycle=594.z=0.mag.sw4img
writing image plane on file /global/cscratch1/sd/andersp/hayward/image.cycle=595.z=0.mag.sw4img
writing image plane on file /global/cscratch1/sd/andersp/hayward/image.cycle=596.z=0.mag.sw4img
writing image plane on file /global/cscratch1/sd/andersp/hayward/image.cycle=597.z=0.mag.sw4img
writing image plane on file /global/cscratch1/sd/andersp/hayward/image.cycle=598.z=0.mag.sw4img
writing image plane on file /global/cscratch1/sd/andersp/hayward/image.cycle=599.z=0.mag.sw4img
writing image plane on file /global/cscratch1/sd/andersp/hayward/image.cycle=600.z=0.mag.sw4img
Time step     601  t =   5.4691608e+00
writing image plane on file /global/cscratch1/sd/andersp/hayward/image.cycle=601.z=0.mag.sw4img
writing image plane on file /global/cscratch1/sd/andersp/hayward/image.cycle=602.z=0.mag.sw4img
writing image plane on file /global/cscratch1/sd/andersp/hayward/image.cycle=603.z=0.mag.sw4img
writing image plane on file /global/cscratch1/sd/andersp/hayward/image.cycle=604.z=0.mag.sw4img
writing image plane on file /global/cscratch1/sd/andersp/hayward/image.cycle=605.z=0.mag.sw4img
writing image plane on file /global/cscratch1/sd/andersp/hayward/image.cycle=606.z=0.mag.sw4img
writing image plane on file /global/cscratch1/sd/andersp/hayward/image.cycle=607.z=0.mag.sw4img
writing image plane on file /global/cscratch1/sd/andersp/hayward/image.cycle=608.z=0.mag.sw4img
writing image plane on file /global/cscratch1/sd/andersp/hayward/image.cycle=609.z=0.mag.sw4img
writing image plane on file /global/cscratch1/sd/andersp/hayward/image.cycle=610.z=0.mag.sw4img
writing image plane on file /global/cscratch1/sd/andersp/hayward/image.cycle=611.z=0.mag.sw4img
writing image plane on file /global/cscratch1/sd/andersp/hayward/image.cycle=612.z=0.mag.sw4img
writing image plane on file /global/cscratch1/sd/andersp/hayward/image.cycle=613.z=0.mag.sw4img
writing image plane on file /global/cscratch1/sd/andersp/hayward/image.cycle=614.z=0.mag.sw4img
writing image plane on file /global/cscratch1/sd/andersp/hayward/image.cycle=615.z=0.mag.sw4img
writing image plane on file /global/cscratch1/sd/andersp/hayward/image.cycle=616.z=0.mag.sw4img
writing image plane on file /global/cscratch1/sd/andersp/hayward/image.cycle=617.z=0.mag.sw4img
writing image plane on file /global/cscratch1/sd/andersp/hayward/image.cycle=618.z=0.mag.sw4img
writing image plane on file /global/cscratch1/sd/andersp/hayward/image.cycle=619.z=0.mag.sw4img
writing image plane on file /global/cscratch1/sd/andersp/hayward/image.cycle=620.z=0.mag.sw4img
writing image plane on file /global/cscratch1/sd/andersp/hayward/image.cycle=621.z=0.mag.sw4img
writing image plane on file /global/cscratch1/sd/andersp/hayward/image.cycle=622.z=0.mag.sw4img
writing image plane on file /global/cscratch1/sd/andersp/hayward/image.cycle=623.z=0.mag.sw4img
writing image plane on file /global/cscratch1/sd/andersp/hayward/image.cycle=624.z=0.mag.sw4img
writing image plane on file /global/cscratch1/sd/andersp/hayward/image.cycle=625.z=0.mag.sw4img
writing image plane on file /global/cscratch1/sd/andersp/hayward/image.cycle=626.z=0.mag.sw4img
writing image plane on file /global/cscratch1/sd/andersp/hayward/image.cycle=627.z=0.mag.sw4img
writing image plane on file /global/cscratch1/sd/andersp/hayward/image.cycle=628.z=0.mag.sw4img
writing image plane on file /global/cscratch1/sd/andersp/hayward/image.cycle=629.z=0.mag.sw4img
writing image plane on file /global/cscratch1/sd/andersp/hayward/image.cycle=630.z=0.mag.sw4img
writing image plane on file /global/cscratch1/sd/andersp/hayward/image.cycle=631.z=0.mag.sw4img
writing image plane on file /global/cscratch1/sd/andersp/hayward/image.cycle=632.z=0.mag.sw4img
writing image plane on file /global/cscratch1/sd/andersp/hayward/image.cycle=633.z=0.mag.sw4img
writing image plane on file /global/cscratch1/sd/andersp/hayward/image.cycle=634.z=0.mag.sw4img
writing image plane on file /global/cscratch1/sd/andersp/hayward/image.cycle=635.z=0.mag.sw4img
writing image plane on file /global/cscratch1/sd/andersp/hayward/image.cycle=636.z=0.mag.sw4img
writing image plane on file /global/cscratch1/sd/andersp/hayward/image.cycle=637.z=0.mag.sw4img
writing image plane on file /global/cscratch1/sd/andersp/hayward/image.cycle=638.z=0.mag.sw4img
writing image plane on file /global/cscratch1/sd/andersp/hayward/image.cycle=639.z=0.mag.sw4img
writing image plane on file /global/cscratch1/sd/andersp/hayward/image.cycle=640.z=0.mag.sw4img
writing image plane on file /global/cscratch1/sd/andersp/hayward/image.cycle=641.z=0.mag.sw4img
writing image plane on file /global/cscratch1/sd/andersp/hayward/image.cycle=642.z=0.mag.sw4img
writing image plane on file /global/cscratch1/sd/andersp/hayward/image.cycle=643.z=0.mag.sw4img
writing image plane on file /global/cscratch1/sd/andersp/hayward/image.cycle=644.z=0.mag.sw4img
writing image plane on file /global/cscratch1/sd/andersp/hayward/image.cycle=645.z=0.mag.sw4img
writing image plane on file /global/cscratch1/sd/andersp/hayward/image.cycle=646.z=0.mag.sw4img
writing image plane on file /global/cscratch1/sd/andersp/hayward/image.cycle=647.z=0.mag.sw4img
writing image plane on file /global/cscratch1/sd/andersp/hayward/image.cycle=648.z=0.mag.sw4img
writing image plane on file /global/cscratch1/sd/andersp/hayward/image.cycle=649.z=0.mag.sw4img
writing image plane on file /global/cscratch1/sd/andersp/hayward/image.cycle=650.z=0.mag.sw4img
writing image plane on file /global/cscratch1/sd/andersp/hayward/image.cycle=651.z=0.mag.sw4img
writing image plane on file /global/cscratch1/sd/andersp/hayward/image.cycle=652.z=0.mag.sw4img
writing image plane on file /global/cscratch1/sd/andersp/hayward/image.cycle=653.z=0.mag.sw4img
writing image plane on file /global/cscratch1/sd/andersp/hayward/image.cycle=654.z=0.mag.sw4img
writing image plane on file /global/cscratch1/sd/andersp/hayward/image.cycle=655.z=0.mag.sw4img
writing image plane on file /global/cscratch1/sd/andersp/hayward/image.cycle=656.z=0.mag.sw4img
writing image plane on file /global/cscratch1/sd/andersp/hayward/image.cycle=657.z=0.mag.sw4img
writing image plane on file /global/cscratch1/sd/andersp/hayward/image.cycle=658.z=0.mag.sw4img
writing image plane on file /global/cscratch1/sd/andersp/hayward/image.cycle=659.z=0.mag.sw4img
writing image plane on file /global/cscratch1/sd/andersp/hayward/image.cycle=660.z=0.mag.sw4img
writing image plane on file /global/cscratch1/sd/andersp/hayward/image.cycle=661.z=0.mag.sw4img
writing image plane on file /global/cscratch1/sd/andersp/hayward/image.cycle=662.z=0.mag.sw4img
writing image plane on file /global/cscratch1/sd/andersp/hayward/image.cycle=663.z=0.mag.sw4img
writing image plane on file /global/cscratch1/sd/andersp/hayward/image.cycle=664.z=0.mag.sw4img
writing image plane on file /global/cscratch1/sd/andersp/hayward/image.cycle=665.z=0.mag.sw4img
writing image plane on file /global/cscratch1/sd/andersp/hayward/image.cycle=666.z=0.mag.sw4img
writing image plane on file /global/cscratch1/sd/andersp/hayward/image.cycle=667.z=0.mag.sw4img
writing image plane on file /global/cscratch1/sd/andersp/hayward/image.cycle=668.z=0.mag.sw4img
writing image plane on file /global/cscratch1/sd/andersp/hayward/image.cycle=669.z=0.mag.sw4img
writing image plane on file /global/cscratch1/sd/andersp/hayward/image.cycle=670.z=0.mag.sw4img
writing image plane on file /global/cscratch1/sd/andersp/hayward/image.cycle=671.z=0.mag.sw4img
writing image plane on file /global/cscratch1/sd/andersp/hayward/image.cycle=672.z=0.mag.sw4img
writing image plane on file /global/cscratch1/sd/andersp/hayward/image.cycle=673.z=0.mag.sw4img
writing image plane on file /global/cscratch1/sd/andersp/hayward/image.cycle=674.z=0.mag.sw4img
writing image plane on file /global/cscratch1/sd/andersp/hayward/image.cycle=675.z=0.mag.sw4img
writing image plane on file /global/cscratch1/sd/andersp/hayward/image.cycle=676.z=0.mag.sw4img
writing image plane on file /global/cscratch1/sd/andersp/hayward/image.cycle=677.z=0.mag.sw4img
writing image plane on file /global/cscratch1/sd/andersp/hayward/image.cycle=678.z=0.mag.sw4img
writing image plane on file /global/cscratch1/sd/andersp/hayward/image.cycle=679.z=0.mag.sw4img
writing image plane on file /global/cscratch1/sd/andersp/hayward/image.cycle=680.z=0.mag.sw4img
writing image plane on file /global/cscratch1/sd/andersp/hayward/image.cycle=681.z=0.mag.sw4img
writing image plane on file /global/cscratch1/sd/andersp/hayward/image.cycle=682.z=0.mag.sw4img
writing image plane on file /global/cscratch1/sd/andersp/hayward/image.cycle=683.z=0.mag.sw4img
writing image plane on file /global/cscratch1/sd/andersp/hayward/image.cycle=684.z=0.mag.sw4img
writing image plane on file /global/cscratch1/sd/andersp/hayward/image.cycle=685.z=0.mag.sw4img
writing image plane on file /global/cscratch1/sd/andersp/hayward/image.cycle=686.z=0.mag.sw4img
writing image plane on file /global/cscratch1/sd/andersp/hayward/image.cycle=687.z=0.mag.sw4img
writing image plane on file /global/cscratch1/sd/andersp/hayward/image.cycle=688.z=0.mag.sw4img
writing image plane on file /global/cscratch1/sd/andersp/hayward/image.cycle=689.z=0.mag.sw4img
writing image plane on file /global/cscratch1/sd/andersp/hayward/image.cycle=690.z=0.mag.sw4img
writing image plane on file /global/cscratch1/sd/andersp/hayward/image.cycle=691.z=0.mag.sw4img
writing image plane on file /global/cscratch1/sd/andersp/hayward/image.cycle=692.z=0.mag.sw4img
writing image plane on file /global/cscratch1/sd/andersp/hayward/image.cycle=693.z=0.mag.sw4img
writing image plane on file /global/cscratch1/sd/andersp/hayward/image.cycle=694.z=0.mag.sw4img
writing image plane on file /global/cscratch1/sd/andersp/hayward/image.cycle=695.z=0.mag.sw4img
writing image plane on file /global/cscratch1/sd/andersp/hayward/image.cycle=696.z=0.mag.sw4img
writing image plane on file /global/cscratch1/sd/andersp/hayward/image.cycle=697.z=0.mag.sw4img
writing image plane on file /global/cscratch1/sd/andersp/hayward/image.cycle=698.z=0.mag.sw4img
writing image plane on file /global/cscratch1/sd/andersp/hayward/image.cycle=699.z=0.mag.sw4img
writing image plane on file /global/cscratch1/sd/andersp/hayward/image.cycle=700.z=0.mag.sw4img
Time step     701  t =   6.3791709e+00
writing image plane on file /global/cscratch1/sd/andersp/hayward/image.cycle=701.z=0.mag.sw4img
writing image plane on file /global/cscratch1/sd/andersp/hayward/image.cycle=702.z=0.mag.sw4img
writing image plane on file /global/cscratch1/sd/andersp/hayward/image.cycle=703.z=0.mag.sw4img
writing image plane on file /global/cscratch1/sd/andersp/hayward/image.cycle=704.z=0.mag.sw4img
writing image plane on file /global/cscratch1/sd/andersp/hayward/image.cycle=705.z=0.mag.sw4img
writing image plane on file /global/cscratch1/sd/andersp/hayward/image.cycle=706.z=0.mag.sw4img
writing image plane on file /global/cscratch1/sd/andersp/hayward/image.cycle=707.z=0.mag.sw4img
writing image plane on file /global/cscratch1/sd/andersp/hayward/image.cycle=708.z=0.mag.sw4img
writing image plane on file /global/cscratch1/sd/andersp/hayward/image.cycle=709.z=0.mag.sw4img
writing image plane on file /global/cscratch1/sd/andersp/hayward/image.cycle=710.z=0.mag.sw4img
writing image plane on file /global/cscratch1/sd/andersp/hayward/image.cycle=711.z=0.mag.sw4img
writing image plane on file /global/cscratch1/sd/andersp/hayward/image.cycle=712.z=0.mag.sw4img
writing image plane on file /global/cscratch1/sd/andersp/hayward/image.cycle=713.z=0.mag.sw4img
writing image plane on file /global/cscratch1/sd/andersp/hayward/image.cycle=714.z=0.mag.sw4img
writing image plane on file /global/cscratch1/sd/andersp/hayward/image.cycle=715.z=0.mag.sw4img
writing image plane on file /global/cscratch1/sd/andersp/hayward/image.cycle=716.z=0.mag.sw4img
writing image plane on file /global/cscratch1/sd/andersp/hayward/image.cycle=717.z=0.mag.sw4img
writing image plane on file /global/cscratch1/sd/andersp/hayward/image.cycle=718.z=0.mag.sw4img
writing image plane on file /global/cscratch1/sd/andersp/hayward/image.cycle=719.z=0.mag.sw4img
writing image plane on file /global/cscratch1/sd/andersp/hayward/image.cycle=720.z=0.mag.sw4img
writing image plane on file /global/cscratch1/sd/andersp/hayward/image.cycle=721.z=0.mag.sw4img
writing image plane on file /global/cscratch1/sd/andersp/hayward/image.cycle=722.z=0.mag.sw4img
writing image plane on file /global/cscratch1/sd/andersp/hayward/image.cycle=723.z=0.mag.sw4img
writing image plane on file /global/cscratch1/sd/andersp/hayward/image.cycle=724.z=0.mag.sw4img
writing image plane on file /global/cscratch1/sd/andersp/hayward/image.cycle=725.z=0.mag.sw4img
writing image plane on file /global/cscratch1/sd/andersp/hayward/image.cycle=726.z=0.mag.sw4img
writing image plane on file /global/cscratch1/sd/andersp/hayward/image.cycle=727.z=0.mag.sw4img
writing image plane on file /global/cscratch1/sd/andersp/hayward/image.cycle=728.z=0.mag.sw4img
writing image plane on file /global/cscratch1/sd/andersp/hayward/image.cycle=729.z=0.mag.sw4img
writing image plane on file /global/cscratch1/sd/andersp/hayward/image.cycle=730.z=0.mag.sw4img
writing image plane on file /global/cscratch1/sd/andersp/hayward/image.cycle=731.z=0.mag.sw4img
writing image plane on file /global/cscratch1/sd/andersp/hayward/image.cycle=732.z=0.mag.sw4img
writing image plane on file /global/cscratch1/sd/andersp/hayward/image.cycle=733.z=0.mag.sw4img
writing image plane on file /global/cscratch1/sd/andersp/hayward/image.cycle=734.z=0.mag.sw4img
writing image plane on file /global/cscratch1/sd/andersp/hayward/image.cycle=735.z=0.mag.sw4img
writing image plane on file /global/cscratch1/sd/andersp/hayward/image.cycle=736.z=0.mag.sw4img
writing image plane on file /global/cscratch1/sd/andersp/hayward/image.cycle=737.z=0.mag.sw4img
writing image plane on file /global/cscratch1/sd/andersp/hayward/image.cycle=738.z=0.mag.sw4img
writing image plane on file /global/cscratch1/sd/andersp/hayward/image.cycle=739.z=0.mag.sw4img
writing image plane on file /global/cscratch1/sd/andersp/hayward/image.cycle=740.z=0.mag.sw4img
writing image plane on file /global/cscratch1/sd/andersp/hayward/image.cycle=741.z=0.mag.sw4img
writing image plane on file /global/cscratch1/sd/andersp/hayward/image.cycle=742.z=0.mag.sw4img
writing image plane on file /global/cscratch1/sd/andersp/hayward/image.cycle=743.z=0.mag.sw4img
writing image plane on file /global/cscratch1/sd/andersp/hayward/image.cycle=744.z=0.mag.sw4img
writing image plane on file /global/cscratch1/sd/andersp/hayward/image.cycle=745.z=0.mag.sw4img
writing image plane on file /global/cscratch1/sd/andersp/hayward/image.cycle=746.z=0.mag.sw4img
writing image plane on file /global/cscratch1/sd/andersp/hayward/image.cycle=747.z=0.mag.sw4img
writing image plane on file /global/cscratch1/sd/andersp/hayward/image.cycle=748.z=0.mag.sw4img
writing image plane on file /global/cscratch1/sd/andersp/hayward/image.cycle=749.z=0.mag.sw4img
writing image plane on file /global/cscratch1/sd/andersp/hayward/image.cycle=750.z=0.mag.sw4img
writing image plane on file /global/cscratch1/sd/andersp/hayward/image.cycle=751.z=0.mag.sw4img
writing image plane on file /global/cscratch1/sd/andersp/hayward/image.cycle=752.z=0.mag.sw4img
writing image plane on file /global/cscratch1/sd/andersp/hayward/image.cycle=753.z=0.mag.sw4img
writing image plane on file /global/cscratch1/sd/andersp/hayward/image.cycle=754.z=0.mag.sw4img
writing image plane on file /global/cscratch1/sd/andersp/hayward/image.cycle=755.z=0.mag.sw4img
writing image plane on file /global/cscratch1/sd/andersp/hayward/image.cycle=756.z=0.mag.sw4img
writing image plane on file /global/cscratch1/sd/andersp/hayward/image.cycle=757.z=0.mag.sw4img
writing image plane on file /global/cscratch1/sd/andersp/hayward/image.cycle=758.z=0.mag.sw4img
writing image plane on file /global/cscratch1/sd/andersp/hayward/image.cycle=759.z=0.mag.sw4img
writing image plane on file /global/cscratch1/sd/andersp/hayward/image.cycle=760.z=0.mag.sw4img
writing image plane on file /global/cscratch1/sd/andersp/hayward/image.cycle=761.z=0.mag.sw4img
writing image plane on file /global/cscratch1/sd/andersp/hayward/image.cycle=762.z=0.mag.sw4img
writing image plane on file /global/cscratch1/sd/andersp/hayward/image.cycle=763.z=0.mag.sw4img
writing image plane on file /global/cscratch1/sd/andersp/hayward/image.cycle=764.z=0.mag.sw4img
writing image plane on file /global/cscratch1/sd/andersp/hayward/image.cycle=765.z=0.mag.sw4img
writing image plane on file /global/cscratch1/sd/andersp/hayward/image.cycle=766.z=0.mag.sw4img
writing image plane on file /global/cscratch1/sd/andersp/hayward/image.cycle=767.z=0.mag.sw4img
writing image plane on file /global/cscratch1/sd/andersp/hayward/image.cycle=768.z=0.mag.sw4img
writing image plane on file /global/cscratch1/sd/andersp/hayward/image.cycle=769.z=0.mag.sw4img
writing image plane on file /global/cscratch1/sd/andersp/hayward/image.cycle=770.z=0.mag.sw4img
writing image plane on file /global/cscratch1/sd/andersp/hayward/image.cycle=771.z=0.mag.sw4img
writing image plane on file /global/cscratch1/sd/andersp/hayward/image.cycle=772.z=0.mag.sw4img
writing image plane on file /global/cscratch1/sd/andersp/hayward/image.cycle=773.z=0.mag.sw4img
writing image plane on file /global/cscratch1/sd/andersp/hayward/image.cycle=774.z=0.mag.sw4img
writing image plane on file /global/cscratch1/sd/andersp/hayward/image.cycle=775.z=0.mag.sw4img
writing image plane on file /global/cscratch1/sd/andersp/hayward/image.cycle=776.z=0.mag.sw4img
writing image plane on file /global/cscratch1/sd/andersp/hayward/image.cycle=777.z=0.mag.sw4img
writing image plane on file /global/cscratch1/sd/andersp/hayward/image.cycle=778.z=0.mag.sw4img
writing image plane on file /global/cscratch1/sd/andersp/hayward/image.cycle=779.z=0.mag.sw4img
writing image plane on file /global/cscratch1/sd/andersp/hayward/image.cycle=780.z=0.mag.sw4img
writing image plane on file /global/cscratch1/sd/andersp/hayward/image.cycle=781.z=0.mag.sw4img
writing image plane on file /global/cscratch1/sd/andersp/hayward/image.cycle=782.z=0.mag.sw4img
writing image plane on file /global/cscratch1/sd/andersp/hayward/image.cycle=783.z=0.mag.sw4img
writing image plane on file /global/cscratch1/sd/andersp/hayward/image.cycle=784.z=0.mag.sw4img
writing image plane on file /global/cscratch1/sd/andersp/hayward/image.cycle=785.z=0.mag.sw4img
writing image plane on file /global/cscratch1/sd/andersp/hayward/image.cycle=786.z=0.mag.sw4img
writing image plane on file /global/cscratch1/sd/andersp/hayward/image.cycle=787.z=0.mag.sw4img
writing image plane on file /global/cscratch1/sd/andersp/hayward/image.cycle=788.z=0.mag.sw4img
writing image plane on file /global/cscratch1/sd/andersp/hayward/image.cycle=789.z=0.mag.sw4img
writing image plane on file /global/cscratch1/sd/andersp/hayward/image.cycle=790.z=0.mag.sw4img
writing image plane on file /global/cscratch1/sd/andersp/hayward/image.cycle=791.z=0.mag.sw4img
writing image plane on file /global/cscratch1/sd/andersp/hayward/image.cycle=792.z=0.mag.sw4img
writing image plane on file /global/cscratch1/sd/andersp/hayward/image.cycle=793.z=0.mag.sw4img
writing image plane on file /global/cscratch1/sd/andersp/hayward/image.cycle=794.z=0.mag.sw4img
writing image plane on file /global/cscratch1/sd/andersp/hayward/image.cycle=795.z=0.mag.sw4img
writing image plane on file /global/cscratch1/sd/andersp/hayward/image.cycle=796.z=0.mag.sw4img
writing image plane on file /global/cscratch1/sd/andersp/hayward/image.cycle=797.z=0.mag.sw4img
writing image plane on file /global/cscratch1/sd/andersp/hayward/image.cycle=798.z=0.mag.sw4img
writing image plane on file /global/cscratch1/sd/andersp/hayward/image.cycle=799.z=0.mag.sw4img
writing image plane on file /global/cscratch1/sd/andersp/hayward/image.cycle=800.z=0.mag.sw4img
Time step     801  t =   7.2891810e+00
writing image plane on file /global/cscratch1/sd/andersp/hayward/image.cycle=801.z=0.mag.sw4img
writing image plane on file /global/cscratch1/sd/andersp/hayward/image.cycle=802.z=0.mag.sw4img
writing image plane on file /global/cscratch1/sd/andersp/hayward/image.cycle=803.z=0.mag.sw4img
writing image plane on file /global/cscratch1/sd/andersp/hayward/image.cycle=804.z=0.mag.sw4img
writing image plane on file /global/cscratch1/sd/andersp/hayward/image.cycle=805.z=0.mag.sw4img
writing image plane on file /global/cscratch1/sd/andersp/hayward/image.cycle=806.z=0.mag.sw4img
writing image plane on file /global/cscratch1/sd/andersp/hayward/image.cycle=807.z=0.mag.sw4img
writing image plane on file /global/cscratch1/sd/andersp/hayward/image.cycle=808.z=0.mag.sw4img
writing image plane on file /global/cscratch1/sd/andersp/hayward/image.cycle=809.z=0.mag.sw4img
writing image plane on file /global/cscratch1/sd/andersp/hayward/image.cycle=810.z=0.mag.sw4img
writing image plane on file /global/cscratch1/sd/andersp/hayward/image.cycle=811.z=0.mag.sw4img
writing image plane on file /global/cscratch1/sd/andersp/hayward/image.cycle=812.z=0.mag.sw4img
writing image plane on file /global/cscratch1/sd/andersp/hayward/image.cycle=813.z=0.mag.sw4img
writing image plane on file /global/cscratch1/sd/andersp/hayward/image.cycle=814.z=0.mag.sw4img
writing image plane on file /global/cscratch1/sd/andersp/hayward/image.cycle=815.z=0.mag.sw4img
writing image plane on file /global/cscratch1/sd/andersp/hayward/image.cycle=816.z=0.mag.sw4img
writing image plane on file /global/cscratch1/sd/andersp/hayward/image.cycle=817.z=0.mag.sw4img
writing image plane on file /global/cscratch1/sd/andersp/hayward/image.cycle=818.z=0.mag.sw4img
writing image plane on file /global/cscratch1/sd/andersp/hayward/image.cycle=819.z=0.mag.sw4img
writing image plane on file /global/cscratch1/sd/andersp/hayward/image.cycle=820.z=0.mag.sw4img
writing image plane on file /global/cscratch1/sd/andersp/hayward/image.cycle=821.z=0.mag.sw4img
writing image plane on file /global/cscratch1/sd/andersp/hayward/image.cycle=822.z=0.mag.sw4img
writing image plane on file /global/cscratch1/sd/andersp/hayward/image.cycle=823.z=0.mag.sw4img
writing image plane on file /global/cscratch1/sd/andersp/hayward/image.cycle=824.z=0.mag.sw4img
writing image plane on file /global/cscratch1/sd/andersp/hayward/image.cycle=825.z=0.mag.sw4img
writing image plane on file /global/cscratch1/sd/andersp/hayward/image.cycle=826.z=0.mag.sw4img
writing image plane on file /global/cscratch1/sd/andersp/hayward/image.cycle=827.z=0.mag.sw4img
writing image plane on file /global/cscratch1/sd/andersp/hayward/image.cycle=828.z=0.mag.sw4img
writing image plane on file /global/cscratch1/sd/andersp/hayward/image.cycle=829.z=0.mag.sw4img
writing image plane on file /global/cscratch1/sd/andersp/hayward/image.cycle=830.z=0.mag.sw4img
writing image plane on file /global/cscratch1/sd/andersp/hayward/image.cycle=831.z=0.mag.sw4img
writing image plane on file /global/cscratch1/sd/andersp/hayward/image.cycle=832.z=0.mag.sw4img
writing image plane on file /global/cscratch1/sd/andersp/hayward/image.cycle=833.z=0.mag.sw4img
writing image plane on file /global/cscratch1/sd/andersp/hayward/image.cycle=834.z=0.mag.sw4img
writing image plane on file /global/cscratch1/sd/andersp/hayward/image.cycle=835.z=0.mag.sw4img
writing image plane on file /global/cscratch1/sd/andersp/hayward/image.cycle=836.z=0.mag.sw4img
writing image plane on file /global/cscratch1/sd/andersp/hayward/image.cycle=837.z=0.mag.sw4img
writing image plane on file /global/cscratch1/sd/andersp/hayward/image.cycle=838.z=0.mag.sw4img
writing image plane on file /global/cscratch1/sd/andersp/hayward/image.cycle=839.z=0.mag.sw4img
writing image plane on file /global/cscratch1/sd/andersp/hayward/image.cycle=840.z=0.mag.sw4img
writing image plane on file /global/cscratch1/sd/andersp/hayward/image.cycle=841.z=0.mag.sw4img
writing image plane on file /global/cscratch1/sd/andersp/hayward/image.cycle=842.z=0.mag.sw4img
writing image plane on file /global/cscratch1/sd/andersp/hayward/image.cycle=843.z=0.mag.sw4img
writing image plane on file /global/cscratch1/sd/andersp/hayward/image.cycle=844.z=0.mag.sw4img
writing image plane on file /global/cscratch1/sd/andersp/hayward/image.cycle=845.z=0.mag.sw4img
writing image plane on file /global/cscratch1/sd/andersp/hayward/image.cycle=846.z=0.mag.sw4img
writing image plane on file /global/cscratch1/sd/andersp/hayward/image.cycle=847.z=0.mag.sw4img
writing image plane on file /global/cscratch1/sd/andersp/hayward/image.cycle=848.z=0.mag.sw4img
writing image plane on file /global/cscratch1/sd/andersp/hayward/image.cycle=849.z=0.mag.sw4img
writing image plane on file /global/cscratch1/sd/andersp/hayward/image.cycle=850.z=0.mag.sw4img
writing image plane on file /global/cscratch1/sd/andersp/hayward/image.cycle=851.z=0.mag.sw4img
writing image plane on file /global/cscratch1/sd/andersp/hayward/image.cycle=852.z=0.mag.sw4img
writing image plane on file /global/cscratch1/sd/andersp/hayward/image.cycle=853.z=0.mag.sw4img
writing image plane on file /global/cscratch1/sd/andersp/hayward/image.cycle=854.z=0.mag.sw4img
writing image plane on file /global/cscratch1/sd/andersp/hayward/image.cycle=855.z=0.mag.sw4img
writing image plane on file /global/cscratch1/sd/andersp/hayward/image.cycle=856.z=0.mag.sw4img
writing image plane on file /global/cscratch1/sd/andersp/hayward/image.cycle=857.z=0.mag.sw4img
writing image plane on file /global/cscratch1/sd/andersp/hayward/image.cycle=858.z=0.mag.sw4img
writing image plane on file /global/cscratch1/sd/andersp/hayward/image.cycle=859.z=0.mag.sw4img
writing image plane on file /global/cscratch1/sd/andersp/hayward/image.cycle=860.z=0.mag.sw4img
writing image plane on file /global/cscratch1/sd/andersp/hayward/image.cycle=861.z=0.mag.sw4img
writing image plane on file /global/cscratch1/sd/andersp/hayward/image.cycle=862.z=0.mag.sw4img
writing image plane on file /global/cscratch1/sd/andersp/hayward/image.cycle=863.z=0.mag.sw4img
writing image plane on file /global/cscratch1/sd/andersp/hayward/image.cycle=864.z=0.mag.sw4img
writing image plane on file /global/cscratch1/sd/andersp/hayward/image.cycle=865.z=0.mag.sw4img
writing image plane on file /global/cscratch1/sd/andersp/hayward/image.cycle=866.z=0.mag.sw4img
writing image plane on file /global/cscratch1/sd/andersp/hayward/image.cycle=867.z=0.mag.sw4img
writing image plane on file /global/cscratch1/sd/andersp/hayward/image.cycle=868.z=0.mag.sw4img
writing image plane on file /global/cscratch1/sd/andersp/hayward/image.cycle=869.z=0.mag.sw4img
writing image plane on file /global/cscratch1/sd/andersp/hayward/image.cycle=870.z=0.mag.sw4img
writing image plane on file /global/cscratch1/sd/andersp/hayward/image.cycle=871.z=0.mag.sw4img
writing image plane on file /global/cscratch1/sd/andersp/hayward/image.cycle=872.z=0.mag.sw4img
writing image plane on file /global/cscratch1/sd/andersp/hayward/image.cycle=873.z=0.mag.sw4img
writing image plane on file /global/cscratch1/sd/andersp/hayward/image.cycle=874.z=0.mag.sw4img
writing image plane on file /global/cscratch1/sd/andersp/hayward/image.cycle=875.z=0.mag.sw4img
writing image plane on file /global/cscratch1/sd/andersp/hayward/image.cycle=876.z=0.mag.sw4img
writing image plane on file /global/cscratch1/sd/andersp/hayward/image.cycle=877.z=0.mag.sw4img
writing image plane on file /global/cscratch1/sd/andersp/hayward/image.cycle=878.z=0.mag.sw4img
writing image plane on file /global/cscratch1/sd/andersp/hayward/image.cycle=879.z=0.mag.sw4img
writing image plane on file /global/cscratch1/sd/andersp/hayward/image.cycle=880.z=0.mag.sw4img
writing image plane on file /global/cscratch1/sd/andersp/hayward/image.cycle=881.z=0.mag.sw4img
writing image plane on file /global/cscratch1/sd/andersp/hayward/image.cycle=882.z=0.mag.sw4img
writing image plane on file /global/cscratch1/sd/andersp/hayward/image.cycle=883.z=0.mag.sw4img
writing image plane on file /global/cscratch1/sd/andersp/hayward/image.cycle=884.z=0.mag.sw4img
writing image plane on file /global/cscratch1/sd/andersp/hayward/image.cycle=885.z=0.mag.sw4img
writing image plane on file /global/cscratch1/sd/andersp/hayward/image.cycle=886.z=0.mag.sw4img
writing image plane on file /global/cscratch1/sd/andersp/hayward/image.cycle=887.z=0.mag.sw4img
writing image plane on file /global/cscratch1/sd/andersp/hayward/image.cycle=888.z=0.mag.sw4img
writing image plane on file /global/cscratch1/sd/andersp/hayward/image.cycle=889.z=0.mag.sw4img
writing image plane on file /global/cscratch1/sd/andersp/hayward/image.cycle=890.z=0.mag.sw4img
writing image plane on file /global/cscratch1/sd/andersp/hayward/image.cycle=891.z=0.mag.sw4img
writing image plane on file /global/cscratch1/sd/andersp/hayward/image.cycle=892.z=0.mag.sw4img
writing image plane on file /global/cscratch1/sd/andersp/hayward/image.cycle=893.z=0.mag.sw4img
writing image plane on file /global/cscratch1/sd/andersp/hayward/image.cycle=894.z=0.mag.sw4img
writing image plane on file /global/cscratch1/sd/andersp/hayward/image.cycle=895.z=0.mag.sw4img
writing image plane on file /global/cscratch1/sd/andersp/hayward/image.cycle=896.z=0.mag.sw4img
writing image plane on file /global/cscratch1/sd/andersp/hayward/image.cycle=897.z=0.mag.sw4img
writing image plane on file /global/cscratch1/sd/andersp/hayward/image.cycle=898.z=0.mag.sw4img
writing image plane on file /global/cscratch1/sd/andersp/hayward/image.cycle=899.z=0.mag.sw4img
writing image plane on file /global/cscratch1/sd/andersp/hayward/image.cycle=900.z=0.mag.sw4img
Time step     901  t =   8.1991911e+00
writing image plane on file /global/cscratch1/sd/andersp/hayward/image.cycle=901.z=0.mag.sw4img
writing image plane on file /global/cscratch1/sd/andersp/hayward/image.cycle=902.z=0.mag.sw4img
writing image plane on file /global/cscratch1/sd/andersp/hayward/image.cycle=903.z=0.mag.sw4img
writing image plane on file /global/cscratch1/sd/andersp/hayward/image.cycle=904.z=0.mag.sw4img
writing image plane on file /global/cscratch1/sd/andersp/hayward/image.cycle=905.z=0.mag.sw4img
writing image plane on file /global/cscratch1/sd/andersp/hayward/image.cycle=906.z=0.mag.sw4img
writing image plane on file /global/cscratch1/sd/andersp/hayward/image.cycle=907.z=0.mag.sw4img
writing image plane on file /global/cscratch1/sd/andersp/hayward/image.cycle=908.z=0.mag.sw4img
writing image plane on file /global/cscratch1/sd/andersp/hayward/image.cycle=909.z=0.mag.sw4img
writing image plane on file /global/cscratch1/sd/andersp/hayward/image.cycle=910.z=0.mag.sw4img
writing image plane on file /global/cscratch1/sd/andersp/hayward/image.cycle=911.z=0.mag.sw4img
writing image plane on file /global/cscratch1/sd/andersp/hayward/image.cycle=912.z=0.mag.sw4img
writing image plane on file /global/cscratch1/sd/andersp/hayward/image.cycle=913.z=0.mag.sw4img
writing image plane on file /global/cscratch1/sd/andersp/hayward/image.cycle=914.z=0.mag.sw4img
writing image plane on file /global/cscratch1/sd/andersp/hayward/image.cycle=915.z=0.mag.sw4img
writing image plane on file /global/cscratch1/sd/andersp/hayward/image.cycle=916.z=0.mag.sw4img
writing image plane on file /global/cscratch1/sd/andersp/hayward/image.cycle=917.z=0.mag.sw4img
writing image plane on file /global/cscratch1/sd/andersp/hayward/image.cycle=918.z=0.mag.sw4img
writing image plane on file /global/cscratch1/sd/andersp/hayward/image.cycle=919.z=0.mag.sw4img
writing image plane on file /global/cscratch1/sd/andersp/hayward/image.cycle=920.z=0.mag.sw4img
writing image plane on file /global/cscratch1/sd/andersp/hayward/image.cycle=921.z=0.mag.sw4img
writing image plane on file /global/cscratch1/sd/andersp/hayward/image.cycle=922.z=0.mag.sw4img
writing image plane on file /global/cscratch1/sd/andersp/hayward/image.cycle=923.z=0.mag.sw4img
writing image plane on file /global/cscratch1/sd/andersp/hayward/image.cycle=924.z=0.mag.sw4img
writing image plane on file /global/cscratch1/sd/andersp/hayward/image.cycle=925.z=0.mag.sw4img
writing image plane on file /global/cscratch1/sd/andersp/hayward/image.cycle=926.z=0.mag.sw4img
writing image plane on file /global/cscratch1/sd/andersp/hayward/image.cycle=927.z=0.mag.sw4img
writing image plane on file /global/cscratch1/sd/andersp/hayward/image.cycle=928.z=0.mag.sw4img
writing image plane on file /global/cscratch1/sd/andersp/hayward/image.cycle=929.z=0.mag.sw4img
writing image plane on file /global/cscratch1/sd/andersp/hayward/image.cycle=930.z=0.mag.sw4img
writing image plane on file /global/cscratch1/sd/andersp/hayward/image.cycle=931.z=0.mag.sw4img
writing image plane on file /global/cscratch1/sd/andersp/hayward/image.cycle=932.z=0.mag.sw4img
writing image plane on file /global/cscratch1/sd/andersp/hayward/image.cycle=933.z=0.mag.sw4img
writing image plane on file /global/cscratch1/sd/andersp/hayward/image.cycle=934.z=0.mag.sw4img
writing image plane on file /global/cscratch1/sd/andersp/hayward/image.cycle=935.z=0.mag.sw4img
writing image plane on file /global/cscratch1/sd/andersp/hayward/image.cycle=936.z=0.mag.sw4img
writing image plane on file /global/cscratch1/sd/andersp/hayward/image.cycle=937.z=0.mag.sw4img
writing image plane on file /global/cscratch1/sd/andersp/hayward/image.cycle=938.z=0.mag.sw4img
writing image plane on file /global/cscratch1/sd/andersp/hayward/image.cycle=939.z=0.mag.sw4img
writing image plane on file /global/cscratch1/sd/andersp/hayward/image.cycle=940.z=0.mag.sw4img
writing image plane on file /global/cscratch1/sd/andersp/hayward/image.cycle=941.z=0.mag.sw4img
writing image plane on file /global/cscratch1/sd/andersp/hayward/image.cycle=942.z=0.mag.sw4img
writing image plane on file /global/cscratch1/sd/andersp/hayward/image.cycle=943.z=0.mag.sw4img
writing image plane on file /global/cscratch1/sd/andersp/hayward/image.cycle=944.z=0.mag.sw4img
writing image plane on file /global/cscratch1/sd/andersp/hayward/image.cycle=945.z=0.mag.sw4img
writing image plane on file /global/cscratch1/sd/andersp/hayward/image.cycle=946.z=0.mag.sw4img
writing image plane on file /global/cscratch1/sd/andersp/hayward/image.cycle=947.z=0.mag.sw4img
writing image plane on file /global/cscratch1/sd/andersp/hayward/image.cycle=948.z=0.mag.sw4img
writing image plane on file /global/cscratch1/sd/andersp/hayward/image.cycle=949.z=0.mag.sw4img
writing image plane on file /global/cscratch1/sd/andersp/hayward/image.cycle=950.z=0.mag.sw4img
writing image plane on file /global/cscratch1/sd/andersp/hayward/image.cycle=951.z=0.mag.sw4img
writing image plane on file /global/cscratch1/sd/andersp/hayward/image.cycle=952.z=0.mag.sw4img
writing image plane on file /global/cscratch1/sd/andersp/hayward/image.cycle=953.z=0.mag.sw4img
writing image plane on file /global/cscratch1/sd/andersp/hayward/image.cycle=954.z=0.mag.sw4img
writing image plane on file /global/cscratch1/sd/andersp/hayward/image.cycle=955.z=0.mag.sw4img
writing image plane on file /global/cscratch1/sd/andersp/hayward/image.cycle=956.z=0.mag.sw4img
writing image plane on file /global/cscratch1/sd/andersp/hayward/image.cycle=957.z=0.mag.sw4img
writing image plane on file /global/cscratch1/sd/andersp/hayward/image.cycle=958.z=0.mag.sw4img
writing image plane on file /global/cscratch1/sd/andersp/hayward/image.cycle=959.z=0.mag.sw4img
writing image plane on file /global/cscratch1/sd/andersp/hayward/image.cycle=960.z=0.mag.sw4img
writing image plane on file /global/cscratch1/sd/andersp/hayward/image.cycle=961.z=0.mag.sw4img
writing image plane on file /global/cscratch1/sd/andersp/hayward/image.cycle=962.z=0.mag.sw4img
writing image plane on file /global/cscratch1/sd/andersp/hayward/image.cycle=963.z=0.mag.sw4img
writing image plane on file /global/cscratch1/sd/andersp/hayward/image.cycle=964.z=0.mag.sw4img
writing image plane on file /global/cscratch1/sd/andersp/hayward/image.cycle=965.z=0.mag.sw4img
writing image plane on file /global/cscratch1/sd/andersp/hayward/image.cycle=966.z=0.mag.sw4img
writing image plane on file /global/cscratch1/sd/andersp/hayward/image.cycle=967.z=0.mag.sw4img
writing image plane on file /global/cscratch1/sd/andersp/hayward/image.cycle=968.z=0.mag.sw4img
writing image plane on file /global/cscratch1/sd/andersp/hayward/image.cycle=969.z=0.mag.sw4img
writing image plane on file /global/cscratch1/sd/andersp/hayward/image.cycle=970.z=0.mag.sw4img
writing image plane on file /global/cscratch1/sd/andersp/hayward/image.cycle=971.z=0.mag.sw4img
writing image plane on file /global/cscratch1/sd/andersp/hayward/image.cycle=972.z=0.mag.sw4img
writing image plane on file /global/cscratch1/sd/andersp/hayward/image.cycle=973.z=0.mag.sw4img
writing image plane on file /global/cscratch1/sd/andersp/hayward/image.cycle=974.z=0.mag.sw4img
writing image plane on file /global/cscratch1/sd/andersp/hayward/image.cycle=975.z=0.mag.sw4img
writing image plane on file /global/cscratch1/sd/andersp/hayward/image.cycle=976.z=0.mag.sw4img
writing image plane on file /global/cscratch1/sd/andersp/hayward/image.cycle=977.z=0.mag.sw4img
writing image plane on file /global/cscratch1/sd/andersp/hayward/image.cycle=978.z=0.mag.sw4img
writing image plane on file /global/cscratch1/sd/andersp/hayward/image.cycle=979.z=0.mag.sw4img
writing image plane on file /global/cscratch1/sd/andersp/hayward/image.cycle=980.z=0.mag.sw4img
writing image plane on file /global/cscratch1/sd/andersp/hayward/image.cycle=981.z=0.mag.sw4img
writing image plane on file /global/cscratch1/sd/andersp/hayward/image.cycle=982.z=0.mag.sw4img
writing image plane on file /global/cscratch1/sd/andersp/hayward/image.cycle=983.z=0.mag.sw4img
writing image plane on file /global/cscratch1/sd/andersp/hayward/image.cycle=984.z=0.mag.sw4img
writing image plane on file /global/cscratch1/sd/andersp/hayward/image.cycle=985.z=0.mag.sw4img
writing image plane on file /global/cscratch1/sd/andersp/hayward/image.cycle=986.z=0.mag.sw4img
writing image plane on file /global/cscratch1/sd/andersp/hayward/image.cycle=987.z=0.mag.sw4img
writing image plane on file /global/cscratch1/sd/andersp/hayward/image.cycle=988.z=0.mag.sw4img
Time step     989  t =   9.0000000e+00
writing image plane on file /global/cscratch1/sd/andersp/hayward/image.cycle=989.z=0.mag.sw4img
  Time stepping finished...
   Execution time, solver phase 10 minutes 3.88705862e+01 seconds 
============================================================
 program sw4 finished! 
============================================================
Writing ASCII USGS file, of size 990: /global/cscratch1/sd/andersp/hayward/sta1.txt
