----------------------------------------------------------------
            sw4 version 1.1

 This program comes with ABSOLUTELY NO WARRANTY; released under GPL.
 This is free software, and you are welcome to redistribute     
 it under certain conditions, see LICENSE.txt for more details  
----------------------------------------------------------------
  Compiled on: Tue Oct  7 08:00:03 PDT 2014
  By user:     petersson1
  Machine:     fourier.llnl.gov
  Compiler:    /opt/local/bin/mpicxx
  3rd party include dir: /Users/petersson1/include, and library dir: /Users/petersson1/lib
----------------------------------------------------------------

Input file: flat-twi-1.in

* Processing the grid command...
* Setting h to 3.33333333e-02 from  x/(nx-1) (x=1.00000000e+00, nx=31)
* Setting ny to 31 to be consistent with h=3.33333333e-02
* Setting nz to 31 to be consistent with h=3.33333333e-02

*** No topography command found in input file. Using z=0 as free surface boundary ***


Global grid sizes (without ghost points)
Grid         h        Nx        Ny        Nz       Points
   0 0.0333333        31        31        31        29791
Total number of grid points (without ghost points): 29791


   Execution time, reading input file 1.07884407e-03 seconds 
----------------------------------------------------
 Making Output Directory: flat-1/
		
... Done!
----------------------------------------------------
Geographic and Cartesian coordinates of the corners of the computational grid:
0: Lon= 1.180000e+02, Lat=3.700000e+01, x=0.000000e+00, y=0.000000e+00
1: Lon= 1.180000e+02, Lat=3.700001e+01, x=1.000000e+00, y=0.000000e+00
2: Lon= 1.180000e+02, Lat=3.700001e+01, x=1.000000e+00, y=1.000000e+00
3: Lon= 1.180000e+02, Lat=3.700000e+01, x=0.000000e+00, y=1.000000e+00

******************************
 ASSIGNING TWILIGHT MATERIALS 
******************************

       ----------- Material properties ranges ---------------
       1.00717831e+00 kg/m^3 <=  Density <= 2.99285247e+00 kg/m^3
       1.63487432e+00 m/s    <=  Vp      <= 2.81743876e+00 m/s
       1.00145256e+00 m/s    <=  Vs      <= 1.72538247e+00 m/s
       1.52837001e+00        <=  Vp/Vs   <= 1.73121379e+00
       2.00717831e+00 Pa     <=  mu      <= 3.99285247e+00 Pa
       1.00717831e+00 Pa     <=  lambda  <= 2.99285247e+00 Pa
       ------------------------------------------------------

***** PPW = minVs/h/maxFrequency ********
g=0, h=3.333333e-02, minVs/h=30.0436 (Cartesian)

   Execution time, start up phase 3.92985344e-03 seconds 
Running sw4 on 2 processors...
Writing output to directory: flat-1/
============================================================
 Running program on 2 MPI tasks using the following data: 

 Start Time = 0 Goal Time = 0.8
 Number of time steps = 69 dt: 0.0115942
-----------------------------------------------------------
Twilight zone testing (aka method of manufactured solution)
Parameters:
  omega = 6.28000000e+00
  c = 1.30000000e+00
  phase = 8.00000000e-01
  mat-omega = 6.28000000e+00
  mat-phase = 4.00000000e-01
  amprho = 1.00000000e+00
  amplambda = 1.00000000e+00
  ampmu = 1.00000000e+00
-----------------------------------------------------------
  Begin time stepping...
Time step       1  t =   1.1594203e-02
Time step      69  t =   8.0000000e-01
  Time stepping finished...
   Execution time, solver phase 8.07574034e-01 seconds 

 Final solution errors: Linf =   6.8547857e-04, L2 =   1.4572736e-04
**** Closed file with solution errors for testing
============================================================
 program sw4 finished! 
============================================================
