----------------------------------------------------------------
            sw4 version 1.0

 This program comes with ABSOLUTELY NO WARRANTY; released under GPL.
 This is free software, and you are welcome to redistribute     
 it under certain conditions, see LICENSE.txt for more details  
----------------------------------------------------------------
  Compiled on: Tue Sep 17 12:00:47 PDT 2013
  By user:     andersp
  Machine:     cab668
  Compiler:    /usr/local/bin/mpiicpc
  3rd party include dir: /usr/apps/wpp/include, and library dir: /usr/apps/wpp/lib
----------------------------------------------------------------

Input file: flat-twi-2.in

* Processing the grid command...
* Setting h to 0.0166667 from  x/(nx-1) (x=1, nx=61)
* Setting ny to 61 to be consistent with h=0.0166667
* Setting nz to 61 to be consistent with h=0.0166667

*** No topography command found in input file. Using z=0 as free surface boundary ***


Global grid sizes (without ghost points)
Grid         h        Nx        Ny        Nz       Points
   0 0.0166667        61        61        61       226981
Total number of grid points (without ghost points): 226981


   Execution time, reading input file 0.010363 seconds 
----------------------------------------------------
 Making Output Directory: ./
		
... Done!
----------------------------------------------------
Geographic coordinates of the corners of the computational grid:
0: Lon= 1.180000e+02, Lat=3.700000e+01
1: Lon= 1.180000e+02, Lat=3.700001e+01
2: Lon= 1.180000e+02, Lat=3.700001e+01
3: Lon= 1.180000e+02, Lat=3.700000e+01

******************************
 ASSIGNING TWILIGHT MATERIALS 
******************************

       ----------- Material properties ranges ---------------
       1.00058 kg/m^3 <=  Density <= 2.99938 kg/m^3
       1.63303 m/s    <=  Vp      <= 2.82781 m/s
       1.00003 m/s    <=  Vs      <= 1.73166 m/s
       1.52757        <=  Vp/Vs   <= 1.73203
       2.00058 Pa     <=  mu      <= 3.99938 Pa
       1.00058 Pa     <=  lambda  <= 2.99938 Pa
       ------------------------------------------------------

***** PPW = minVs/h/maxFrequency ********
g=0, h=1.666667e-02, minVs/h=60.0019 (Cartesian)

   Execution time, start up phase 0.009363 seconds 
Running sw4 on 16 processors...
Writing output to directory: ./
============================================================
 Running program on 16 MPI tasks using the following data: 

 Start Time = 0 Goal Time = 0.8
 Number of time steps = 138 dt: 0.0057971
-----------------------------------------------------------
Twilight zone testing (aka method of manufactured solution)
Parameters:
  omega = 6.28
  c = 1.3
  phase = 0.8
  mat-omega = 6.28
  mat-phase = 0.4
  amprho = 1
  amplambda = 1
  ampmu = 1
-----------------------------------------------------------
  Begin time stepping...
Time step       1  t =   5.7971014e-03
Time step     101  t =   5.8550725e-01
Time step     138  t =   8.0000000e-01
  Time stepping finished...
   Execution time, solver phase 1.26918 seconds 

 Final solution errors: Linf =   3.9935104e-05, L2 =   7.9678106e-06
============================================================
 program sw4 finished! 
============================================================
