----------------------------------------------------------------
            sw4 version 1.1

 This program comes with ABSOLUTELY NO WARRANTY; released under GPL.
 This is free software, and you are welcome to redistribute     
 it under certain conditions, see LICENSE.txt for more details  
----------------------------------------------------------------
  Compiled on: Tue Oct  7 14:17:59 PDT 2014
  By user:     petersson1
  Machine:     fourier.llnl.gov
  Compiler:    /opt/local/bin/mpicxx
  3rd party include dir: /Users/petersson1/include, and library dir: /Users/petersson1/lib
----------------------------------------------------------------

Input file: gauss-twi-3.in

* Processing the grid command...
* Setting h to 8.33333333e-03 from  x/(nx-1) (x=1.00000000e+00, nx=121)
* Setting ny to 121 to be consistent with h=8.33333333e-03
* Setting nz to 121 to be consistent with h=8.33333333e-03

***Topography grid: min z = -5.000000e-02, max z = -5.227449e-13, top Cartesian z = 2.500000e-01

Global grid sizes (without ghost points)
Grid         h        Nx        Ny        Nz       Points
   0 0.00833333       121       121        91      1332331
   1 0.00833333       121       121        34       497794
Total number of grid points (without ghost points): 1.83012e+06


   Execution time, reading input file 3.79269123e-02 seconds 
----------------------------------------------------
 Making Output Directory: gauss_121/
		
... Done!
----------------------------------------------------
Geographic and Cartesian coordinates of the corners of the computational grid:
0: Lon= 1.180000e+02, Lat=3.700000e+01, x=0.000000e+00, y=0.000000e+00
1: Lon= 1.180000e+02, Lat=3.700001e+01, x=1.000000e+00, y=0.000000e+00
2: Lon= 1.180000e+02, Lat=3.700001e+01, x=1.000000e+00, y=1.000000e+00
3: Lon= 1.180000e+02, Lat=3.700000e+01, x=0.000000e+00, y=1.000000e+00

******************************
 ASSIGNING TWILIGHT MATERIALS 
******************************

       ----------- Material properties ranges ---------------
       1.00057889e+00 kg/m^3 <=  Density <= 2.99938769e+00 kg/m^3
       1.63303023e+00 m/s    <=  Vp      <= 2.82781686e+00 m/s
       1.00003106e+00 m/s    <=  Vs      <= 1.73166345e+00 m/s
       1.52757460e+00        <=  Vp/Vs   <= 1.73203255e+00
       2.00057889e+00 Pa     <=  mu      <= 3.99938769e+00 Pa
       1.00058390e+00 Pa     <=  lambda  <= 2.99938385e+00 Pa
       ------------------------------------------------------

***** PPW = minVs/h/maxFrequency ********
g=0, h=8.333333e-03, minVs/h=120.004 (Cartesian)
g=1, h=8.333333e-03, minVs/h=120.004 (curvilinear)

   Execution time, start up phase 2.73641109e-01 seconds 
Running sw4 on 4 processors...
Writing output to directory: gauss_121/
============================================================
 Running program on 4 MPI tasks using the following data: 

 Start Time = 0 Goal Time = 0.8
 Number of time steps = 335 dt: 0.00238806
-----------------------------------------------------------
Twilight zone testing (aka method of manufactured solution)
Parameters:
  omega = 6.28000000e+00
  c = 1.30000000e+00
  phase = 8.00000000e-01
  mat-omega = 6.28000000e+00
  mat-phase = 4.00000000e-01
  amprho = 1.00000000e+00
  amplambda = 1.00000000e+00
  ampmu = 1.00000000e+00
-----------------------------------------------------------
writing image plane on file gauss_121/gaussian.cycle=000.z=0.topo.sw4img
  Begin time stepping...
Time step       1  t =   2.3880597e-03
Time step     101  t =   2.4119403e-01
Time step     201  t =   4.8000000e-01
Time step     301  t =   7.1880597e-01
Time step     335  t =   8.0000000e-01
writing image plane on file gauss_121/gaussian.cycle=335.x=0.5.ux.sw4img
writing image plane on file gauss_121/gaussian.cycle=335.x=0.5.uxerr.sw4img
writing image plane on file gauss_121/gaussian.cycle=335.y=0.5.ux.sw4img
  Time stepping finished...
   Execution time, solver phase 2 minutes 3.90430291e+01 seconds 

 Final solution errors: Linf =   9.1141950e-06, L2 =   6.4060835e-07
**** Closing file with solution errors for testing
============================================================
 program sw4 finished! 
============================================================
