----------------------------------------------------------------
            sw4 version 1.0

 This program comes with ABSOLUTELY NO WARRANTY; released under GPL.
 This is free software, and you are welcome to redistribute     
 it under certain conditions, see LICENSE.txt for more details  
----------------------------------------------------------------
  Compiled on: Wed Aug 14 11:11:24 PDT 2013
  By user:     andersp
  Machine:     cab669
  Compiler:    /usr/local/bin/mpiicpc
  3rd party include dir: /usr/apps/wpp/include, and library dir: /usr/apps/wpp/lib
----------------------------------------------------------------

Input file: Alumrock.in

* Processing the grid command...
* Setting nx to 301 to be consistent with h=333.333
* Setting ny to 301 to be consistent with h=333.333
* Setting nz to 121 to be consistent with h=333.333
* Changing x from 100000 to 99999.9 to be consistent with h=333.333
* Changing z from 40000 to 40000 to be consistent with h=333.333
* Changing y from 100000 to 99999.9 to be consistent with h=333.333

*** extracting TOPOGRAPHY from efile ***


***Topography grid: min z = -1.114042e+03, max z = 1.078288e+03, top Cartesian z = 6.000000e+03

Global grid sizes (without ghost points)
Grid         h        Nx        Ny        Nz       Points
   0   333.333       301       301       103      9331903
   1   333.333       301       301        19      1721419
Total number of grid points (without ghost points): 1.10533e+07

	 Efile SF Model specified...
	 Looking for etree model: /p/lscratchd/andersp/USGSBayAreaVM-08.3.0.etree

   Execution time, reading input file 21.4554 seconds 
----------------------------------------------------
 Making Output Directory: alum-0.1-results/
		
... Done!
----------------------------------------------------
Geographic coordinates of the corners of the computational grid:
0: Lon= -1.218000e+02, Lat=3.800000e+01
1: Lon= -1.211365e+02, Lat=3.727325e+01
2: Lon= -1.220480e+02, Lat=3.674523e+01
3: Lon= -1.227157e+02, Lat=3.747198e+01

Considering all material blocks
Querying at MAXRES
Reading efile...
Done reading etree properties...

------------------------------------------------------
***** EFILE Warning: 
Detected 38 grid points where vp < sqrt(2)*vs. Increased vp to satisfy vp = sqrt(2)*vs in all those points.
------------------------------------------------------

--------------------------------------------------------------
EFile Initialized Node Types: 
   Material:        15557760

*Outside Domain:    0

--------------------------------------------------------------


       ----------- Material properties ranges ---------------
       1590 kg/m^3 <=  Density <= 3300 kg/m^3
       768 m/s    <=  Vp      <= 7790 m/s
       500 m/s    <=  Vs      <= 4420 m/s
       1.536        <=  Vp/Vs   <= 4.48
       3.975e+08 Pa     <=  mu      <= 6.44701e+10 Pa
       1.4282e+08 Pa     <=  lambda  <= 7.13863e+10 Pa
       ------------------------------------------------------

***** PPW = minVs/h/maxFrequency ********
g=0, h=3.333330e+02, minVs/h=8.88001 (Cartesian)
g=1, h=3.333330e+02, minVs/h=1.5 (curvilinear)

Filter precursor = 2.700782e+01
margin = 1.254767e-01
GMT file is open, about to write
Wrote GMT file: alum-0.1-results/wpp.gmt
   Execution time, start up phase 44.4413 seconds 
Running sw4 on 128 processors...
Writing output to directory: alum-0.1-results/
Lowpass filtering all source time functions to corner frequency fc2=1.000000e-01
============================================================
 Running program on 128 MPI tasks using the following data: 

 Start Time = 0 Goal Time = 90
 Number of time steps = 2074 dt: 0.0433944

-----------------------------------------------------------------------
  Total seismic moment (M0): 1.7162e+17 Nm 
  Moment magnitude     (Mw): 5.42305
  Number of sources 1
-----------------------------------------------------------------------
writing image plane on file alum-0.1-results/img.cycle=0000.z=0.topo.sw4img
writing image plane on file alum-0.1-results/img.cycle=0000.z=0.lat.sw4img
writing image plane on file alum-0.1-results/img.cycle=0000.z=0.lon.sw4img
writing image plane on file alum-0.1-results/img.cycle=0000.z=0.rho.sw4img
writing image plane on file alum-0.1-results/img.cycle=0000.z=0.p.sw4img
writing image plane on file alum-0.1-results/img.cycle=0000.z=0.s.sw4img
writing image plane on file alum-0.1-results/img.cycle=0000.z=0.magdudt.sw4img
writing image plane on file alum-0.1-results/img.cycle=0000.x=50000.gridy.sw4img
writing image plane on file alum-0.1-results/img.cycle=0000.x=50000.gridz.sw4img
writing image plane on file alum-0.1-results/img.cycle=0000.x=50000.p.sw4img
writing image plane on file alum-0.1-results/img.cycle=0000.z=0.hmaxdudt.sw4img
  Begin time stepping...
Time step       1  t =   4.3394407e-02
Time step     101  t =   4.3828351e+00
writing image plane on file alum-0.1-results/img.cycle=0115.z=0.magdudt.sw4img
writing image plane on file alum-0.1-results/img.cycle=0115.z=0.hmaxdudt.sw4img
Time step     201  t =   8.7222758e+00
writing image plane on file alum-0.1-results/img.cycle=0230.z=0.magdudt.sw4img
writing image plane on file alum-0.1-results/img.cycle=0230.z=0.hmaxdudt.sw4img
Time step     301  t =   1.3061716e+01
writing image plane on file alum-0.1-results/img.cycle=0346.z=0.magdudt.sw4img
writing image plane on file alum-0.1-results/img.cycle=0346.z=0.hmaxdudt.sw4img
Time step     401  t =   1.7401157e+01
writing image plane on file alum-0.1-results/img.cycle=0461.z=0.magdudt.sw4img
writing image plane on file alum-0.1-results/img.cycle=0461.z=0.hmaxdudt.sw4img
Time step     501  t =   2.1740598e+01
writing image plane on file alum-0.1-results/img.cycle=0576.z=0.magdudt.sw4img
writing image plane on file alum-0.1-results/img.cycle=0576.z=0.hmaxdudt.sw4img
Time step     601  t =   2.6080039e+01
writing image plane on file alum-0.1-results/img.cycle=0691.z=0.magdudt.sw4img
writing image plane on file alum-0.1-results/img.cycle=0691.z=0.hmaxdudt.sw4img
Time step     701  t =   3.0419479e+01
Time step     801  t =   3.4758920e+01
writing image plane on file alum-0.1-results/img.cycle=0807.z=0.magdudt.sw4img
writing image plane on file alum-0.1-results/img.cycle=0807.z=0.hmaxdudt.sw4img
Time step     901  t =   3.9098361e+01
writing image plane on file alum-0.1-results/img.cycle=0922.z=0.magdudt.sw4img
writing image plane on file alum-0.1-results/img.cycle=0922.z=0.hmaxdudt.sw4img
Writing BINARY SAC files, of size 1001: alum-0.1-results/jpsb.[ev|nv|uv]
Writing BINARY SAC files, of size 1001: alum-0.1-results/2034.[ev|nv|uv]
Writing BINARY SAC files, of size 1001: alum-0.1-results/mhc.[ev|nv|uv]
Writing BINARY SAC files, of size 1001: alum-0.1-results/chr.[ev|nv|uv]
Writing BINARY SAC files, of size 1001: alum-0.1-results/cal.[ev|nv|uv]
Writing BINARY SAC files, of size 1001: alum-0.1-results/sccb.[ev|nv|uv]
Writing BINARY SAC files, of size 1001: alum-0.1-results/mp1.[ev|nv|uv]
Writing BINARY SAC files, of size 1001: alum-0.1-results/1427.[ev|nv|uv]
Time step    1001  t =   4.3437801e+01
Writing ASCII USGS file, of size 1001: alum-0.1-results/2034.txt
Writing ASCII USGS file, of size 1001: alum-0.1-results/jpsb.txt
Writing ASCII USGS file, of size 1001: alum-0.1-results/sccb.txt
Writing ASCII USGS file, of size 1001: alum-0.1-results/mhc.txt
Writing ASCII USGS file, of size 1001: alum-0.1-results/chr.txt
Writing ASCII USGS file, of size 1001: alum-0.1-results/mp1.txt
Writing ASCII USGS file, of size 1001: alum-0.1-results/1427.txt
Writing ASCII USGS file, of size 1001: alum-0.1-results/cal.txt
Writing BINARY SAC files, of size 1001: alum-0.1-results/1403.[ev|nv|uv]
Writing ASCII USGS file, of size 1001: alum-0.1-results/1403.txt
writing image plane on file alum-0.1-results/img.cycle=1037.z=0.magdudt.sw4img
writing image plane on file alum-0.1-results/img.cycle=1037.z=0.hmaxdudt.sw4img
Time step    1101  t =   4.7777242e+01
writing image plane on file alum-0.1-results/img.cycle=1152.z=0.magdudt.sw4img
writing image plane on file alum-0.1-results/img.cycle=1152.z=0.hmaxdudt.sw4img
Time step    1201  t =   5.2116683e+01
writing image plane on file alum-0.1-results/img.cycle=1267.z=0.magdudt.sw4img
writing image plane on file alum-0.1-results/img.cycle=1267.z=0.hmaxdudt.sw4img
Time step    1301  t =   5.6456123e+01
writing image plane on file alum-0.1-results/img.cycle=1383.z=0.magdudt.sw4img
writing image plane on file alum-0.1-results/img.cycle=1383.z=0.hmaxdudt.sw4img
Time step    1401  t =   6.0795564e+01
writing image plane on file alum-0.1-results/img.cycle=1498.z=0.magdudt.sw4img
writing image plane on file alum-0.1-results/img.cycle=1498.z=0.hmaxdudt.sw4img
Time step    1501  t =   6.5135005e+01
Time step    1601  t =   6.9474446e+01
writing image plane on file alum-0.1-results/img.cycle=1613.z=0.magdudt.sw4img
writing image plane on file alum-0.1-results/img.cycle=1613.z=0.hmaxdudt.sw4img
Time step    1701  t =   7.3813886e+01
writing image plane on file alum-0.1-results/img.cycle=1728.z=0.magdudt.sw4img
writing image plane on file alum-0.1-results/img.cycle=1728.z=0.hmaxdudt.sw4img
Time step    1801  t =   7.8153327e+01
writing image plane on file alum-0.1-results/img.cycle=1844.z=0.magdudt.sw4img
writing image plane on file alum-0.1-results/img.cycle=1844.z=0.hmaxdudt.sw4img
Time step    1901  t =   8.2492768e+01
writing image plane on file alum-0.1-results/img.cycle=1959.z=0.magdudt.sw4img
writing image plane on file alum-0.1-results/img.cycle=1959.z=0.hmaxdudt.sw4img
Writing BINARY SAC files, of size 2001: alum-0.1-results/jpsb.[ev|nv|uv]
Writing BINARY SAC files, of size 2001: alum-0.1-results/2034.[ev|nv|uv]
Writing BINARY SAC files, of size 2001: alum-0.1-results/mhc.[ev|nv|uv]
Writing BINARY SAC files, of size 2001: alum-0.1-results/chr.[ev|nv|uv]
Writing BINARY SAC files, of size 2001: alum-0.1-results/cal.[ev|nv|uv]
Writing BINARY SAC files, of size 2001: alum-0.1-results/sccb.[ev|nv|uv]
Writing BINARY SAC files, of size 2001: alum-0.1-results/mp1.[ev|nv|uv]
Writing BINARY SAC files, of size 2001: alum-0.1-results/1427.[ev|nv|uv]
Time step    2001  t =   8.6832208e+01
Writing ASCII USGS file, of size 2001: alum-0.1-results/jpsb.txt
Writing ASCII USGS file, of size 2001: alum-0.1-results/mp1.txt
Writing ASCII USGS file, of size 2001: alum-0.1-results/sccb.txt
Writing ASCII USGS file, of size 2001: alum-0.1-results/mhc.txt
Writing ASCII USGS file, of size 2001: alum-0.1-results/chr.txt
Writing ASCII USGS file, of size 2001: alum-0.1-results/cal.txt
Writing ASCII USGS file, of size 2001: alum-0.1-results/2034.txt
Writing ASCII USGS file, of size 2001: alum-0.1-results/1427.txt
Writing BINARY SAC files, of size 2001: alum-0.1-results/1403.[ev|nv|uv]
Writing ASCII USGS file, of size 2001: alum-0.1-results/1403.txt
Time step    2074  t =   9.0000000e+01
writing image plane on file alum-0.1-results/img.cycle=2074.z=0.magdudt.sw4img
writing image plane on file alum-0.1-results/img.cycle=2074.z=0.hmaxdudt.sw4img
  Time stepping finished...
   Execution time, solver phase 1 minute  51.038 seconds 
============================================================
 program sw4 finished! 
============================================================
Writing BINARY SAC files, of size 2074: alum-0.1-results/2034.[ev|nv|uv]
Writing BINARY SAC files, of size 2074: alum-0.1-results/chr.[ev|nv|uv]
Writing BINARY SAC files, of size 2074: alum-0.1-results/cal.[ev|nv|uv]
Writing BINARY SAC files, of size 2074: alum-0.1-results/mhc.[ev|nv|uv]
Writing BINARY SAC files, of size 2074: alum-0.1-results/mp1.[ev|nv|uv]
Writing BINARY SAC files, of size 2074: alum-0.1-results/jpsb.[ev|nv|uv]
Writing BINARY SAC files, of size 2074: alum-0.1-results/1427.[ev|nv|uv]
Writing BINARY SAC files, of size 2074: alum-0.1-results/sccb.[ev|nv|uv]
Writing ASCII USGS file, of size 2074: alum-0.1-results/2034.txt
Writing ASCII USGS file, of size 2074: alum-0.1-results/mhc.txt
Writing ASCII USGS file, of size 2074: alum-0.1-results/chr.txt
Writing ASCII USGS file, of size 2074: alum-0.1-results/sccb.txt
Writing ASCII USGS file, of size 2074: alum-0.1-results/cal.txt
Writing ASCII USGS file, of size 2074: alum-0.1-results/mp1.txt
Writing ASCII USGS file, of size 2074: alum-0.1-results/jpsb.txt
Writing ASCII USGS file, of size 2074: alum-0.1-results/1427.txt
Writing BINARY SAC files, of size 2074: alum-0.1-results/1403.[ev|nv|uv]
Writing ASCII USGS file, of size 2074: alum-0.1-results/1403.txt
