----------------------------------------------------------------
            sw4 version 1.0

 This program comes with ABSOLUTELY NO WARRANTY; released under GPL.
 This is free software, and you are welcome to redistribute     
 it under certain conditions, see LICENSE.txt for more details  
----------------------------------------------------------------
  Compiled on: Wed Mar  6 11:09:43 PST 2013
  By user:     petersson1
  Machine:     yorkville.llnl.gov
  Compiler:    /opt/local/bin/openmpicxx
  3rd party include dir: /Users/petersson1/include, and library dir: /Users/petersson1/lib
----------------------------------------------------------------

Input file: flat-twi-2.in

* Processing the grid command...
* Setting h to 0.0166667 from  x/(nx-1) (x=1, nx=61)
* Setting ny to 61 to be consistent with h=0.0166667
* Setting nz to 61 to be consistent with h=0.0166667

*** No topography command found in input file. Using z=0 as free surface boundary ***


Global grid sizes (without ghost points)
Grid         h        Nx        Ny        Nz       Points
   0 0.0166667        61        61        61       226981
Total number of grid points (without ghost points): 226981


   Execution time, reading input file 0.00492597 seconds 
----------------------------------------------------
 Making Output Directory: ./
		
... Done!
----------------------------------------------------
******************************
 ASSIGNING TWILIGHT MATERIALS 
******************************

       ----------- Material properties ranges ---------------
       1.00058 kg/m^3 <=  Density <= 2.99938 kg/m^3
       1.63303 m/s    <=  Vp      <= 2.82781 m/s
       1.00003 m/s    <=  Vs      <= 1.73166 m/s
       1.52757        <=  Vp/Vs   <= 1.73203
       2.00058 Pa     <=  mu      <= 3.99938 Pa
       1.00058 Pa     <=  lambda  <= 2.99938 Pa
       ------------------------------------------------------
Geographic coordinates of the corners of the computational grid:
0: Lon= 1.180000e+02, Lat=3.700000e+01
1: Lon= 1.180000e+02, Lat=3.700001e+01
2: Lon= 1.180000e+02, Lat=3.700001e+01
3: Lon= 1.180000e+02, Lat=3.700000e+01

   Execution time, start up phase 0.0433109 seconds 
Running sw4 on 2 processors...
Writing output to directory: ./
============================================================
 Running program on 2 MPI tasks using the following data: 

 Start Time = 0 Goal Time = 0.8
 Number of time steps = 156 dt: 0.00512821
-----------------------------------------------------------
Twilight zone testing (aka method of manufactured solution)
Parameters:
  omega = 6.28
  c = 1.3
  phase = 0.8
  mat-omega = 6.28
  mat-phase = 0.4
  amprho = 1
  amplambda = 1
  ampmu = 1
-----------------------------------------------------------
  Begin time stepping...
Time step       1  t =   5.1282051e-03
Time step     101  t =   5.1794872e-01
Time step     156  t =   8.0000000e-01
  Time stepping finished...
   Execution time, solver phase 28.8049 seconds 

 Final solution errors: Linf =   3.9688699e-05, L2 =   7.9624733e-06
============================================================
 program sw4 finished! 
============================================================
