----------------------------------------------------------------
            sw4 version 1.0

 This program comes with ABSOLUTELY NO WARRANTY; released under GPL.
 This is free software, and you are welcome to redistribute     
 it under certain conditions, see LICENSE.txt for more details  
----------------------------------------------------------------
  Compiled on: Thu Feb 28 13:45:57 PST 2013
  By user:     petersson1
  Machine:     yorkville.llnl.gov
  Compiler:    /opt/local/bin/openmpicxx
  3rd party include dir: /Users/petersson1/include, and library dir: /Users/petersson1/lib
----------------------------------------------------------------

Input file: gauss-twi-3.in

* Processing the grid command...
* Setting h to 0.00833333 from  x/(nx-1) (x=1, nx=121)
* Setting ny to 121 to be consistent with h=0.00833333
* Setting nz to 121 to be consistent with h=0.00833333

***Topography grid: min z = -5.000000e-02, max z = -2.476618e-12, top Cartesian z = 2.500000e-01

Global grid sizes (without ghost points)
Grid         h        Nx        Ny        Nz       Points
   0 0.00833333       121       121        91      1332331
   1 0.00833333       121       121        34       497794
Total number of grid points (without ghost points): 1.83012e+06


   Execution time, reading input file 0.140144 seconds 
----------------------------------------------------
 Making Output Directory: gauss_121/
		
... Done!
----------------------------------------------------
******************************
 ASSIGNING TWILIGHT MATERIALS 
******************************

       ----------- Material properties ranges ---------------
       1.00058 kg/m^3 <=  Density <= 2.99939 kg/m^3
       1.63303 m/s    <=  Vp      <= 2.82782 m/s
       1.00003 m/s    <=  Vs      <= 1.73166 m/s
       1.52757        <=  Vp/Vs   <= 1.73203
       2.00058 Pa     <=  mu      <= 3.99939 Pa
       1.00058 Pa     <=  lambda  <= 2.99938 Pa
       ------------------------------------------------------
Geographic coordinates of the corners of the computational grid:
0: Lon= 1.180000e+02, Lat=3.700000e+01
1: Lon= 1.180000e+02, Lat=3.700001e+01
2: Lon= 1.180000e+02, Lat=3.700001e+01
3: Lon= 1.180000e+02, Lat=3.700000e+01

   Execution time, start up phase 0.651292 seconds 
Running sw4 on 2 processors...
Writing output to directory: gauss_121/
============================================================
 Running program on 2 MPI tasks using the following data: 

 Start Time = 0 Goal Time = 0.8
 Number of time steps = 378 dt: 0.0021164
-----------------------------------------------------------
Twilight zone testing (aka method of manufactured solution)
Parameters:
  omega = 6.28
  c = 1.3
  phase = 0.8
  momega = 6.28
  mphase = 0.4
  amprho = 1
  amplambda = 1
-----------------------------------------------------------
writing image plane on file gauss_121/gaussian.cycle=000.z=0.topo.sw4img (msg from proc # 0)
writing image plane on file gauss_121/gaussian.cycle=000.x=0.5.gridy.sw4img (msg from proc # 0)
writing image plane on file gauss_121/gaussian.cycle=000.x=0.5.gridz.sw4img (msg from proc # 0)
  Begin time stepping...
Time step       1  t =   2.1164021e-03
Time step     101  t =   2.1375661e-01
Time step     201  t =   4.2539683e-01
Time step     301  t =   6.3703704e-01
Time step     378  t =   8.0000000e-01
writing image plane on file gauss_121/gaussian.cycle=378.x=0.5.ux.sw4img (msg from proc # 0)
writing image plane on file gauss_121/gaussian.cycle=378.x=0.5.uxerr.sw4img (msg from proc # 0)
  Time stepping finished...
   Execution time, solver phase 12 minutes 4.99048 seconds 

 Final solution errors: Linf =   5.6149704e-05, L2 =   1.1035559e-06
============================================================
 program sw4 finished! 
============================================================
