----------------------------------------------------------------
            sw4 version 1.0

 This program comes with ABSOLUTELY NO WARRANTY; released under GPL.
 This is free software, and you are welcome to redistribute     
 it under certain conditions, see LICENSE.txt for more details  
----------------------------------------------------------------
  Compiled on: Tue Sep 17 12:00:47 PDT 2013
  By user:     andersp
  Machine:     cab668
  Compiler:    /usr/local/bin/mpiicpc
  3rd party include dir: /usr/apps/wpp/include, and library dir: /usr/apps/wpp/lib
----------------------------------------------------------------

Input file: gauss-twi-2.in

* Processing the grid command...
* Setting h to 0.0166667 from  x/(nx-1) (x=1, nx=61)
* Setting ny to 61 to be consistent with h=0.0166667
* Setting nz to 61 to be consistent with h=0.0166667

***Topography grid: min z = -5.000000e-02, max z = -2.008221e-14, top Cartesian z = 2.500000e-01

Global grid sizes (without ghost points)
Grid         h        Nx        Ny        Nz       Points
   0 0.0166667        61        61        46       171166
   1 0.0166667        61        61        17        63257
Total number of grid points (without ghost points): 234423


   Execution time, reading input file 0.007979 seconds 
----------------------------------------------------
 Making Output Directory: gauss_61/
		
... Done!
----------------------------------------------------
Geographic coordinates of the corners of the computational grid:
0: Lon= 1.180000e+02, Lat=3.700000e+01
1: Lon= 1.180000e+02, Lat=3.700001e+01
2: Lon= 1.180000e+02, Lat=3.700001e+01
3: Lon= 1.180000e+02, Lat=3.700000e+01

******************************
 ASSIGNING TWILIGHT MATERIALS 
******************************

       ----------- Material properties ranges ---------------
       1.00058 kg/m^3 <=  Density <= 2.99939 kg/m^3
       1.63303 m/s    <=  Vp      <= 2.82782 m/s
       1.00003 m/s    <=  Vs      <= 1.73166 m/s
       1.52757        <=  Vp/Vs   <= 1.73203
       2.00058 Pa     <=  mu      <= 3.99939 Pa
       1.00058 Pa     <=  lambda  <= 2.99938 Pa
       ------------------------------------------------------

***** PPW = minVs/h/maxFrequency ********
g=0, h=1.666667e-02, minVs/h=60.0022 (Cartesian)
g=1, h=1.666667e-02, minVs/h=60.0019 (curvilinear)

   Execution time, start up phase 0.028896 seconds 
Running sw4 on 8 processors...
Writing output to directory: gauss_61/
============================================================
 Running program on 8 MPI tasks using the following data: 

 Start Time = 0 Goal Time = 0.8
 Number of time steps = 147 dt: 0.00544218
-----------------------------------------------------------
Twilight zone testing (aka method of manufactured solution)
Parameters:
  omega = 6.28
  c = 1.3
  phase = 0.8
  mat-omega = 6.28
  mat-phase = 0.4
  amprho = 1
  amplambda = 1
  ampmu = 1
-----------------------------------------------------------
writing image plane on file gauss_61/gaussian.cycle=000.z=0.topo.sw4img
  Begin time stepping...
Time step       1  t =   5.4421769e-03
Time step     101  t =   5.4965986e-01
Time step     147  t =   8.0000000e-01
writing image plane on file gauss_61/gaussian.cycle=147.x=0.5.ux.sw4img
writing image plane on file gauss_61/gaussian.cycle=147.x=0.5.uxerr.sw4img
  Time stepping finished...
   Execution time, solver phase 3.68827 seconds 
writing image plane on file gauss_61/gaussian.cycle=147.y=0.5.ux.sw4img

 Final solution errors: Linf =   1.9341369e-04, L2 =   1.3327092e-05
============================================================
 program sw4 finished! 
============================================================
