----------------------------------------------------------------
            sw4 version 1.0

 This program comes with ABSOLUTELY NO WARRANTY; released under GPL.
 This is free software, and you are welcome to redistribute     
 it under certain conditions, see LICENSE.txt for more details  
----------------------------------------------------------------
  Compiled on: Tue Sep 17 12:00:47 PDT 2013
  By user:     andersp
  Machine:     cab668
  Compiler:    /usr/local/bin/mpiicpc
  3rd party include dir: /usr/apps/wpp/include, and library dir: /usr/apps/wpp/lib
----------------------------------------------------------------

Input file: LOH.1-h50.in

* Processing the grid command...
* Setting nx to 601 to be consistent with h=50
* Setting ny to 601 to be consistent with h=50
* Setting nz to 341 to be consistent with h=50

*** No topography command found in input file. Using z=0 as free surface boundary ***


Global grid sizes (without ghost points)
Grid         h        Nx        Ny        Nz       Points
   0        50       601       601       341    123169541
Total number of grid points (without ghost points): 1.2317e+08

Default Supergrid thickness has been tuned; thickness = 30 grid sizes

   Execution time, reading input file 0.469122 seconds 
----------------------------------------------------
 Making Output Directory: LOH1-h50/
		
... Done!
----------------------------------------------------
Geographic coordinates of the corners of the computational grid:
0: Lon= 1.180000e+02, Lat=3.700000e+01
1: Lon= 1.180000e+02, Lat=3.726949e+01
2: Lon= 1.183386e+02, Lat=3.726949e+01
3: Lon= 1.183374e+02, Lat=3.700000e+01

Considering all material blocks
block command: outside = 0, material = 152567625
block command: outside = 142396450, material = 10171175
block command: outside = 152125400, material = 442225

       ----------- Material properties ranges ---------------
       2600 kg/m^3 <=  Density <= 2700 kg/m^3
       4000 m/s    <=  Vp      <= 6000 m/s
       2000 m/s    <=  Vs      <= 3464 m/s
       1.7321        <=  Vp/Vs   <= 2
       1.04e+10 Pa     <=  mu      <= 3.23981e+10 Pa
       2.08e+10 Pa     <=  lambda  <= 3.24038e+10 Pa
       ------------------------------------------------------

***** PPW = minVs/h/maxFrequency ********
g=0, h=5.000000e+01, minVs/h=40 (Cartesian)

   Execution time, start up phase 0.225668 seconds 
Running sw4 on 256 processors...
Writing output to directory: LOH1-h50/
============================================================
 Running program on 256 MPI tasks using the following data: 

 Start Time = 0 Goal Time = 9
 Number of time steps = 1073 dt: 0.0083877

-----------------------------------------------------------------------
  Total seismic moment (M0): 1e+18 Nm 
  Moment magnitude     (Mw): 5.93333
  Number of moment sources 1
-----------------------------------------------------------------------
writing image plane on file LOH1-h50/surf.cycle=0000.z=0.mag.sw4img
  Begin time stepping...
Time step       1  t =   8.3876980e-03
writing image plane on file LOH1-h50/surf.cycle=0060.z=0.mag.sw4img
Time step     101  t =   8.4715750e-01
writing image plane on file LOH1-h50/surf.cycle=0119.z=0.mag.sw4img
writing image plane on file LOH1-h50/surf.cycle=0179.z=0.mag.sw4img
Time step     201  t =   1.6859273e+00
writing image plane on file LOH1-h50/surf.cycle=0238.z=0.mag.sw4img
writing image plane on file LOH1-h50/surf.cycle=0298.z=0.mag.sw4img
Time step     301  t =   2.5246971e+00
writing image plane on file LOH1-h50/surf.cycle=0358.z=0.mag.sw4img
Time step     401  t =   3.3634669e+00
writing image plane on file LOH1-h50/surf.cycle=0417.z=0.mag.sw4img
writing image plane on file LOH1-h50/surf.cycle=0477.z=0.mag.sw4img
Time step     501  t =   4.2022367e+00
writing image plane on file LOH1-h50/surf.cycle=0536.z=0.mag.sw4img
writing image plane on file LOH1-h50/surf.cycle=0596.z=0.mag.sw4img
Time step     601  t =   5.0410065e+00
writing image plane on file LOH1-h50/surf.cycle=0656.z=0.mag.sw4img
Time step     701  t =   5.8797763e+00
writing image plane on file LOH1-h50/surf.cycle=0715.z=0.mag.sw4img
writing image plane on file LOH1-h50/surf.cycle=0775.z=0.mag.sw4img
Time step     801  t =   6.7185461e+00
writing image plane on file LOH1-h50/surf.cycle=0835.z=0.mag.sw4img
writing image plane on file LOH1-h50/surf.cycle=0894.z=0.mag.sw4img
Time step     901  t =   7.5573159e+00
writing image plane on file LOH1-h50/surf.cycle=0954.z=0.mag.sw4img
Writing BINARY SAC files, of size 1001: LOH1-h50/sta10.[x|y|z]
Writing ASCII USGS file, of size 1001: LOH1-h50/sta10.txt
Writing BINARY SAC files, of size 1001: LOH1-h50/sta01.[x|y|z]
Writing ASCII USGS file, of size 1001: LOH1-h50/sta01.txt
Time step    1001  t =   8.3960857e+00
writing image plane on file LOH1-h50/surf.cycle=1013.z=0.mag.sw4img
writing image plane on file LOH1-h50/surf.cycle=1073.z=0.mag.sw4img
Time step    1073  t =   9.0000000e+00
  Time stepping finished...
   Execution time, solver phase 3 minutes 58.0538 seconds 
============================================================
 program sw4 finished! 
============================================================
Writing BINARY SAC files, of size 1074: LOH1-h50/sta10.[x|y|z]
Writing BINARY SAC files, of size 1074: LOH1-h50/sta01.[x|y|z]
Writing ASCII USGS file, of size 1074: LOH1-h50/sta10.txt
Writing ASCII USGS file, of size 1074: LOH1-h50/sta01.txt
