----------------------------------------------------------------
            sw4 version 1.19

 This program comes with ABSOLUTELY NO WARRANTY; released under GPL.
 This is free software, and you are welcome to redistribute     
 it under certain conditions, see LICENSE.txt for more details  
----------------------------------------------------------------
  Compiled on: Thu Mar 2 11:29:23 PST 2017
  By user:     andersp
  Machine:     quartz1916
  Compiler:    /usr/tce/packages/impi/impi-2017.1-intel-17.0.0/bin/mpicxx
  3rd party include dir: /usr/apps/wpp/include, and library dir: /usr/apps/wpp/lib
----------------------------------------------------------------

Input file: lamb-1.in
Default Supergrid thickness has been tuned; thickness = 30 grid sizes
Default Supergrid damping coefficient has been tuned; damping coefficient = 2.00000000e-02

* Processing the grid command...
* Setting nx to 151 to be consistent with h=8.00000000e-02
* Setting ny to 151 to be consistent with h=8.00000000e-02
* Setting nz to 76 to be consistent with h=8.00000000e-02

*** No topography command found in input file. Using z=0 as free surface boundary ***


Global grid sizes (without ghost points)
Grid         h        Nx        Ny        Nz       Points
   0      0.08       151       151        76      1732876
Total number of grid points (without ghost points): 1.73288e+06


   Execution time, reading input file 4.16994095e-03 seconds 
----------------------------------------------------
 Making Output Directory: lamb-1/
		
... Done!
----------------------------------------------------
Geographic and Cartesian coordinates of the corners of the computational grid:
0: Lon= 1.180000e+02, Lat=3.700000e+01, x=0.000000e+00, y=0.000000e+00
1: Lon= 1.180000e+02, Lat=3.700011e+01, x=1.200000e+01, y=0.000000e+00
2: Lon= 1.180001e+02, Lat=3.700011e+01, x=1.200000e+01, y=1.200000e+01
3: Lon= 1.180001e+02, Lat=3.700000e+01, x=0.000000e+00, y=1.200000e+01


       ----------- Material properties ranges ---------------
       1.00000000e+00 kg/m^3 <=  Density <= 1.00000000e+00 kg/m^3
       1.73205081e+00 m/s    <=  Vp      <= 1.73205081e+00 m/s
       1.00000000e+00 m/s    <=  Vs      <= 1.00000000e+00 m/s
       1.73205081e+00        <=  Vp/Vs   <= 1.73205081e+00
       1.00000000e+00 Pa     <=  mu      <= 1.00000000e+00 Pa
       1.00000000e+00 Pa     <=  lambda  <= 1.00000000e+00 Pa
       ------------------------------------------------------

***** PPW = minVs/h/maxFrequency ********
g=0, h=8.000000e-02, minVs/h=12.5 (Cartesian)

   Execution time, start up phase 6.08015060e-03 seconds 
Running sw4 on 32 processors...
Writing output to directory: lamb-1/
============================================================
 Running program on 32 MPI tasks using the following data: 

 Start Time = 0 Goal Time = 5
 Number of time steps = 108 dt: 0.0462963
-----------------------------------------------------------
Lamb's problem testing
Parameters:
  Cp = 1.73205081e+00
  Cs = 1.00000000e+00
  Rho = 1.00000000e+00
  (xs, ys, zs) = 6.00000000e+00, 6.00000000e+00, 0.00000000e+00
  (fx, fy, fz) = 0.00000000e+00, 0.00000000e+00, 1.00000000e+00
  Source time fcn = C6SmoothBump
-----------------------------------------------------------
  Begin time stepping...
Time step       1  t =   4.6296296e-02
Time step     101  t =   4.6759259e+00
Time step     108  t =   5.0000000e+00
  Time stepping finished...
   Execution time, solver phase 2.85272598e+00 seconds 

 Final solution errors: Linf =   6.9086102e-02, L2 =   1.0184053e-01
**** Closing file with solution errors for testing
============================================================
 program sw4 finished! 
============================================================
Writing ASCII USGS file, of size 109: lamb-1/sg1.txt
Writing ASCII USGS file, of size 109: lamb-1/sg2.txt
